<?xml version="1.0" encoding="UTF-8"?>
<testsuite xmlns:xsi="http://www.w3.org/2001/XMLSchema-instance" xsi:noNamespaceSchemaLocation="https://maven.apache.org/surefire/maven-surefire-plugin/xsd/surefire-test-report-3.0.xsd" version="3.0" name="TestSuite" time="305.288" tests="10" errors="0" skipped="0" failures="1">
  <properties>
[...]
</properties>
  <testcase name="loginTest" classname="com.nopcommerce.testCases.TC_LoginTest_001" time="6.298"/>
  <testcase name="deleteNewCustomer" classname="com.nopcommerce.testCases.DeleteNewAddedCustomer_006" time="22.995"/>
  <testcase name="addNewCustomer" classname="com.nopcommerce.testCases.AddCustomerTest_003" time="76.186"/>
  <testcase name="ExportExcelFile" classname="com.nopcommerce.testCases.ExportExcelFileOfNewCustomer_007" time="20.832">
    <failure message="expected [true] but found [false]" type="java.lang.AssertionError"><![CDATA[java.lang.AssertionError: expected [true] but found [false]
	at com.nopcommerce.testCases.ExportExcelFileOfNewCustomer_007.ExportExcelFile(ExportExcelFileOfNewCustomer_007.java:46)
]]></failure>
    <system-out><![CDATA[[DEBUG] 2020-04-24 01:12:11.588 [Forwarding close on session c0c4f14bb1fb1cf681b24535eb0175fe to remote] NettyRequestSender - Using pooled Channel '[id: 0x0453102d, L:/127.0.0.1:60695 - R:localhost/127.0.0.1:47672]' for 'DELETE' to 'http://localhost:47672/session/c0c4f14bb1fb1cf681b24535eb0175fe/window'
[DEBUG] 2020-04-24 01:12:11.588 [Forwarding close on session c0c4f14bb1fb1cf681b24535eb0175fe to remote] NettyRequestSender - Using open Channel [id: 0x0453102d, L:/127.0.0.1:60695 - R:localhost/127.0.0.1:47672] for DELETE '/session/c0c4f14bb1fb1cf681b24535eb0175fe/window'
[DEBUG] 2020-04-24 01:12:11.644 [AsyncHttpClient-3-1] WebSocketHandler - Channel Closed: [id: 0xfe50de04, L:/127.0.0.1:60711 ! R:localhost/127.0.0.1:60696] with attribute NettyResponseFuture{currentRetry=5,
	isDone=1,
	isCancelled=0,
	asyncHandler=org.asynchttpclient.ws.WebSocketUpgradeHandler@5835c31c,
	nettyRequest=org.asynchttpclient.netty.request.NettyRequest@42dac7c8,
	future=java.util.concurrent.CompletableFuture@12185d81[Completed normally],
	uri=ws://localhost:60696/devtools/browser/0268f84b-f6b4-47f0-b7eb-b8db65071103,
	keepAlive=true,
	redirectCount=0,
	timeoutsHolder=null,
	inAuth=0,
	touch=1587708651274}
[DEBUG] 2020-04-24 01:12:11.644 [AsyncHttpClient-3-1] ChannelManager - Closing Channel [id: 0xfe50de04, L:/127.0.0.1:60711 ! R:localhost/127.0.0.1:60696] 
[DEBUG] 2020-04-24 01:12:15.676 [AsyncHttpClient-3-7] HttpHandler - 

Request DefaultFullHttpRequest(decodeResult: success, version: HTTP/1.1, content: EmptyByteBufBE)
DELETE /session/c0c4f14bb1fb1cf681b24535eb0175fe/window HTTP/1.1
User-Agent: selenium/4.0.0-alpha-5 (java windows)
host: localhost:47672
accept: */*

Response DefaultHttpResponse(decodeResult: success, version: HTTP/1.1)
HTTP/1.1 200 OK
Content-Length: 14
Content-Type: application/json; charset=utf-8
cache-control: no-cache

[DEBUG] 2020-04-24 01:12:15.676 [AsyncHttpClient-3-7] ChannelManager - Adding key: http://localhost:47672 for channel [id: 0x0453102d, L:/127.0.0.1:60695 - R:localhost/127.0.0.1:47672]
[DEBUG] 2020-04-24 01:12:15.696 [main] Preferences - Preference chrome=80 (valid until 2020-04-24 19:41:11)
[DEBUG] 2020-04-24 01:12:15.701 [main] Preferences - Preference chrome80=80.0.3987.106 (valid until 2020-04-24 19:41:12)
[INFO ] 2020-04-24 01:12:15.701 [main] WebDriverManager - Using chromedriver 80.0.3987.106 (since Google Chrome 80 is installed in your machine)
[DEBUG] 2020-04-24 01:12:15.716 [main] WebDriverManager - Driver chromedriver 80.0.3987.106 found in cache
[INFO ] 2020-04-24 01:12:15.716 [main] WebDriverManager - Exporting webdriver.chrome.driver as C:\Users\moumi\.m2\repository\webdriver\chromedriver\win32\80.0.3987.106\chromedriver.exe
[DEBUG] 2020-04-24 01:12:15.986 [AsyncHttpClient-timer-1-1] DefaultChannelPool - Entry count for : http://localhost:47672 : 1
[DEBUG] 2020-04-24 01:12:16.260 [AsyncHttpClient-3-2] NettyConnectListener - Using new Channel '[id: 0x85ebc8b8, L:/127.0.0.1:60862 - R:localhost/127.0.0.1:28266]' for 'POST' to '/session'
[DEBUG] 2020-04-24 01:12:17.095 [AsyncHttpClient-timer-1-1] DefaultChannelPool - Entry count for : http://localhost:47672 : 1
[DEBUG] 2020-04-24 01:12:18.185 [AsyncHttpClient-timer-1-1] DefaultChannelPool - Entry count for : http://localhost:47672 : 1
[DEBUG] 2020-04-24 01:12:19.285 [AsyncHttpClient-timer-1-1] DefaultChannelPool - Entry count for : http://localhost:47672 : 1
[DEBUG] 2020-04-24 01:12:20.385 [AsyncHttpClient-timer-1-1] DefaultChannelPool - Entry count for : http://localhost:47672 : 1
[DEBUG] 2020-04-24 01:12:21.486 [AsyncHttpClient-timer-1-1] DefaultChannelPool - Entry count for : http://localhost:47672 : 1
[DEBUG] 2020-04-24 01:12:21.675 [AsyncHttpClient-3-2] HttpHandler - 

Request DefaultHttpRequest(decodeResult: success, version: HTTP/1.1)
POST /session HTTP/1.1
User-Agent: selenium/4.0.0-alpha-5 (java windows)
Content-Length: 365
Content-Type: application/json; charset=utf-8
host: localhost:28266
accept: */*

Response DefaultHttpResponse(decodeResult: success, version: HTTP/1.1)
HTTP/1.1 200 OK
Content-Length: 679
Content-Type: application/json; charset=utf-8
cache-control: no-cache

[DEBUG] 2020-04-24 01:12:21.675 [AsyncHttpClient-3-2] ChannelManager - Adding key: http://localhost:28266 for channel [id: 0x85ebc8b8, L:/127.0.0.1:60862 - R:localhost/127.0.0.1:28266]
[DEBUG] 2020-04-24 01:12:21.685 [AsyncHttpClient-3-3] NettyConnectListener - Using new Channel '[id: 0x1b62eca1, L:/127.0.0.1:60907 - R:localhost/127.0.0.1:60870]' for 'GET' to '/json/version'
[DEBUG] 2020-04-24 01:12:21.685 [AsyncHttpClient-3-3] HttpHandler - 

Request DefaultFullHttpRequest(decodeResult: success, version: HTTP/1.1, content: EmptyByteBufBE)
GET /json/version HTTP/1.1
User-Agent: selenium/4.0.0-alpha-5 (java windows)
host: localhost:60870
accept: */*

Response DefaultHttpResponse(decodeResult: success, version: HTTP/1.1)
HTTP/1.1 200 OK
Content-Length: 426
Content-Type: application/json; charset=UTF-8

[DEBUG] 2020-04-24 01:12:21.685 [AsyncHttpClient-3-3] ChannelManager - Adding key: http://localhost:60870 for channel [id: 0x1b62eca1, L:/127.0.0.1:60907 - R:localhost/127.0.0.1:60870]
[DEBUG] 2020-04-24 01:12:21.690 [AsyncHttpClient-3-4] NettyConnectListener - Using new Channel '[id: 0x1c35cb0f, L:/127.0.0.1:60908 - R:localhost/127.0.0.1:60870]' for 'GET' to '/devtools/browser/38691719-c1d4-47c2-945f-fcd7d5da04f6'
[DEBUG] 2020-04-24 01:12:21.690 [AsyncHttpClient-3-4] WebSocketHandler - 

Request DefaultFullHttpRequest(decodeResult: success, version: HTTP/1.1, content: EmptyByteBufBE)
GET /devtools/browser/38691719-c1d4-47c2-945f-fcd7d5da04f6 HTTP/1.1
upgrade: websocket
connection: upgrade
sec-websocket-key: cPWhjUHiTsi5XD719QDrig==
sec-websocket-version: 13
origin: http://localhost:60870
host: localhost:60870
accept: */*
user-agent: AHC/2.1

Response DefaultHttpResponse(decodeResult: success, version: HTTP/1.1)
HTTP/1.1 101 WebSocket Protocol Handshake
Upgrade: WebSocket
Connection: Upgrade
Sec-WebSocket-Accept: 4eFCfwt88G0TS0/axB7x7+epxSw=

[DEBUG] 2020-04-24 01:12:21.695 [Forwarding setTimeout on session b6abe4a9c217848648bf6101818203bd to remote] NettyRequestSender - Using pooled Channel '[id: 0x85ebc8b8, L:/127.0.0.1:60862 - R:localhost/127.0.0.1:28266]' for 'POST' to 'http://localhost:28266/session/b6abe4a9c217848648bf6101818203bd/timeouts'
[DEBUG] 2020-04-24 01:12:21.695 [Forwarding setTimeout on session b6abe4a9c217848648bf6101818203bd to remote] NettyRequestSender - Using open Channel [id: 0x85ebc8b8, L:/127.0.0.1:60862 - R:localhost/127.0.0.1:28266] for POST '/session/b6abe4a9c217848648bf6101818203bd/timeouts'
[DEBUG] 2020-04-24 01:12:21.695 [AsyncHttpClient-3-2] HttpHandler - 

Request DefaultHttpRequest(decodeResult: success, version: HTTP/1.1)
POST /session/b6abe4a9c217848648bf6101818203bd/timeouts HTTP/1.1
User-Agent: selenium/4.0.0-alpha-5 (java windows)
Content-Length: 23
Content-Type: application/json; charset=utf-8
host: localhost:28266
accept: */*

Response DefaultHttpResponse(decodeResult: success, version: HTTP/1.1)
HTTP/1.1 200 OK
Content-Length: 14
Content-Type: application/json; charset=utf-8
cache-control: no-cache

[DEBUG] 2020-04-24 01:12:21.695 [AsyncHttpClient-3-2] ChannelManager - Adding key: http://localhost:28266 for channel [id: 0x85ebc8b8, L:/127.0.0.1:60862 - R:localhost/127.0.0.1:28266]
[DEBUG] 2020-04-24 01:12:21.695 [Forwarding maximizeCurrentWindow on session b6abe4a9c217848648bf6101818203bd to remote] NettyRequestSender - Using pooled Channel '[id: 0x85ebc8b8, L:/127.0.0.1:60862 - R:localhost/127.0.0.1:28266]' for 'POST' to 'http://localhost:28266/session/b6abe4a9c217848648bf6101818203bd/window/maximize'
[DEBUG] 2020-04-24 01:12:21.695 [Forwarding maximizeCurrentWindow on session b6abe4a9c217848648bf6101818203bd to remote] NettyRequestSender - Using open Channel [id: 0x85ebc8b8, L:/127.0.0.1:60862 - R:localhost/127.0.0.1:28266] for POST '/session/b6abe4a9c217848648bf6101818203bd/window/maximize'
[DEBUG] 2020-04-24 01:12:22.586 [AsyncHttpClient-timer-1-1] DefaultChannelPool - Entry count for : http://localhost:47672 : 1
[DEBUG] 2020-04-24 01:12:22.586 [AsyncHttpClient-timer-1-1] DefaultChannelPool - Entry count for : http://localhost:60870 : 1
[DEBUG] 2020-04-24 01:12:23.685 [AsyncHttpClient-timer-1-1] DefaultChannelPool - Entry count for : http://localhost:47672 : 1
[DEBUG] 2020-04-24 01:12:23.685 [AsyncHttpClient-timer-1-1] DefaultChannelPool - Entry count for : http://localhost:60870 : 1
[DEBUG] 2020-04-24 01:12:24.790 [AsyncHttpClient-timer-1-1] DefaultChannelPool - Entry count for : http://localhost:47672 : 1
[DEBUG] 2020-04-24 01:12:24.790 [AsyncHttpClient-timer-1-1] DefaultChannelPool - Entry count for : http://localhost:60870 : 1
[DEBUG] 2020-04-24 01:12:25.832 [AsyncHttpClient-3-2] HttpHandler - 

Request DefaultHttpRequest(decodeResult: success, version: HTTP/1.1)
POST /session/b6abe4a9c217848648bf6101818203bd/window/maximize HTTP/1.1
User-Agent: selenium/4.0.0-alpha-5 (java windows)
Content-Length: 3
Content-Type: application/json; charset=utf-8
host: localhost:28266
accept: */*

Response DefaultHttpResponse(decodeResult: success, version: HTTP/1.1)
HTTP/1.1 200 OK
Content-Length: 51
Content-Type: application/json; charset=utf-8
cache-control: no-cache

[DEBUG] 2020-04-24 01:12:25.832 [AsyncHttpClient-3-2] ChannelManager - Adding key: http://localhost:28266 for channel [id: 0x85ebc8b8, L:/127.0.0.1:60862 - R:localhost/127.0.0.1:28266]
[INFO ] 2020-04-24 01:12:25.832 [main] ExportExcelFileOfNewCustomer_007 - *******************Starting ExportExcelFileOfNewCustomer_007**********************
[DEBUG] 2020-04-24 01:12:25.837 [Forwarding get on session b6abe4a9c217848648bf6101818203bd to remote] NettyRequestSender - Using pooled Channel '[id: 0x85ebc8b8, L:/127.0.0.1:60862 - R:localhost/127.0.0.1:28266]' for 'POST' to 'http://localhost:28266/session/b6abe4a9c217848648bf6101818203bd/url'
[DEBUG] 2020-04-24 01:12:25.837 [Forwarding get on session b6abe4a9c217848648bf6101818203bd to remote] NettyRequestSender - Using open Channel [id: 0x85ebc8b8, L:/127.0.0.1:60862 - R:localhost/127.0.0.1:28266] for POST '/session/b6abe4a9c217848648bf6101818203bd/url'
[DEBUG] 2020-04-24 01:12:25.889 [AsyncHttpClient-timer-1-1] DefaultChannelPool - Entry count for : http://localhost:47672 : 1
[DEBUG] 2020-04-24 01:12:25.890 [AsyncHttpClient-timer-1-1] DefaultChannelPool - Entry count for : http://localhost:60870 : 1
[DEBUG] 2020-04-24 01:12:26.992 [AsyncHttpClient-timer-1-1] DefaultChannelPool - Entry count for : http://localhost:47672 : 1
[DEBUG] 2020-04-24 01:12:26.992 [AsyncHttpClient-timer-1-1] DefaultChannelPool - Entry count for : http://localhost:60870 : 1
[DEBUG] 2020-04-24 01:12:27.292 [AsyncHttpClient-3-2] HttpHandler - 

Request DefaultHttpRequest(decodeResult: success, version: HTTP/1.1)
POST /session/b6abe4a9c217848648bf6101818203bd/url HTTP/1.1
User-Agent: selenium/4.0.0-alpha-5 (java windows)
Content-Length: 70
Content-Type: application/json; charset=utf-8
host: localhost:28266
accept: */*

Response DefaultHttpResponse(decodeResult: success, version: HTTP/1.1)
HTTP/1.1 200 OK
Content-Length: 14
Content-Type: application/json; charset=utf-8
cache-control: no-cache

[DEBUG] 2020-04-24 01:12:27.293 [AsyncHttpClient-3-2] ChannelManager - Adding key: http://localhost:28266 for channel [id: 0x85ebc8b8, L:/127.0.0.1:60862 - R:localhost/127.0.0.1:28266]
[DEBUG] 2020-04-24 01:12:27.298 [Forwarding findElement on session b6abe4a9c217848648bf6101818203bd to remote] NettyRequestSender - Using pooled Channel '[id: 0x85ebc8b8, L:/127.0.0.1:60862 - R:localhost/127.0.0.1:28266]' for 'POST' to 'http://localhost:28266/session/b6abe4a9c217848648bf6101818203bd/element'
[DEBUG] 2020-04-24 01:12:27.298 [Forwarding findElement on session b6abe4a9c217848648bf6101818203bd to remote] NettyRequestSender - Using open Channel [id: 0x85ebc8b8, L:/127.0.0.1:60862 - R:localhost/127.0.0.1:28266] for POST '/session/b6abe4a9c217848648bf6101818203bd/element'
[DEBUG] 2020-04-24 01:12:27.336 [AsyncHttpClient-3-2] HttpHandler - 

Request DefaultHttpRequest(decodeResult: success, version: HTTP/1.1)
POST /session/b6abe4a9c217848648bf6101818203bd/element HTTP/1.1
User-Agent: selenium/4.0.0-alpha-5 (java windows)
Content-Length: 50
Content-Type: application/json; charset=utf-8
host: localhost:28266
accept: */*

Response DefaultHttpResponse(decodeResult: success, version: HTTP/1.1)
HTTP/1.1 200 OK
Content-Length: 88
Content-Type: application/json; charset=utf-8
cache-control: no-cache

[DEBUG] 2020-04-24 01:12:27.336 [AsyncHttpClient-3-2] ChannelManager - Adding key: http://localhost:28266 for channel [id: 0x85ebc8b8, L:/127.0.0.1:60862 - R:localhost/127.0.0.1:28266]
[DEBUG] 2020-04-24 01:12:27.337 [Forwarding clearElement on session b6abe4a9c217848648bf6101818203bd to remote] NettyRequestSender - Using pooled Channel '[id: 0x85ebc8b8, L:/127.0.0.1:60862 - R:localhost/127.0.0.1:28266]' for 'POST' to 'http://localhost:28266/session/b6abe4a9c217848648bf6101818203bd/element/2cbf26c0-f403-4c57-b735-c603b90ce023/clear'
[DEBUG] 2020-04-24 01:12:27.337 [Forwarding clearElement on session b6abe4a9c217848648bf6101818203bd to remote] NettyRequestSender - Using open Channel [id: 0x85ebc8b8, L:/127.0.0.1:60862 - R:localhost/127.0.0.1:28266] for POST '/session/b6abe4a9c217848648bf6101818203bd/element/2cbf26c0-f403-4c57-b735-c603b90ce023/clear'
[DEBUG] 2020-04-24 01:12:27.377 [AsyncHttpClient-3-2] HttpHandler - 

Request DefaultHttpRequest(decodeResult: success, version: HTTP/1.1)
POST /session/b6abe4a9c217848648bf6101818203bd/element/2cbf26c0-f403-4c57-b735-c603b90ce023/clear HTTP/1.1
User-Agent: selenium/4.0.0-alpha-5 (java windows)
Content-Length: 50
Content-Type: application/json; charset=utf-8
host: localhost:28266
accept: */*

Response DefaultHttpResponse(decodeResult: success, version: HTTP/1.1)
HTTP/1.1 200 OK
Content-Length: 14
Content-Type: application/json; charset=utf-8
cache-control: no-cache

[DEBUG] 2020-04-24 01:12:27.377 [AsyncHttpClient-3-2] ChannelManager - Adding key: http://localhost:28266 for channel [id: 0x85ebc8b8, L:/127.0.0.1:60862 - R:localhost/127.0.0.1:28266]
[DEBUG] 2020-04-24 01:12:27.377 [Forwarding sendKeysToElement on session b6abe4a9c217848648bf6101818203bd to remote] NettyRequestSender - Using pooled Channel '[id: 0x85ebc8b8, L:/127.0.0.1:60862 - R:localhost/127.0.0.1:28266]' for 'POST' to 'http://localhost:28266/session/b6abe4a9c217848648bf6101818203bd/element/2cbf26c0-f403-4c57-b735-c603b90ce023/value'
[DEBUG] 2020-04-24 01:12:27.377 [Forwarding sendKeysToElement on session b6abe4a9c217848648bf6101818203bd to remote] NettyRequestSender - Using open Channel [id: 0x85ebc8b8, L:/127.0.0.1:60862 - R:localhost/127.0.0.1:28266] for POST '/session/b6abe4a9c217848648bf6101818203bd/element/2cbf26c0-f403-4c57-b735-c603b90ce023/value'
[DEBUG] 2020-04-24 01:12:27.538 [AsyncHttpClient-3-2] HttpHandler - 

Request DefaultHttpRequest(decodeResult: success, version: HTTP/1.1)
POST /session/b6abe4a9c217848648bf6101818203bd/element/2cbf26c0-f403-4c57-b735-c603b90ce023/value HTTP/1.1
User-Agent: selenium/4.0.0-alpha-5 (java windows)
Content-Length: 271
Content-Type: application/json; charset=utf-8
host: localhost:28266
accept: */*

Response DefaultHttpResponse(decodeResult: success, version: HTTP/1.1)
HTTP/1.1 200 OK
Content-Length: 14
Content-Type: application/json; charset=utf-8
cache-control: no-cache

[DEBUG] 2020-04-24 01:12:27.538 [AsyncHttpClient-3-2] ChannelManager - Adding key: http://localhost:28266 for channel [id: 0x85ebc8b8, L:/127.0.0.1:60862 - R:localhost/127.0.0.1:28266]
[DEBUG] 2020-04-24 01:12:27.542 [Forwarding findElement on session b6abe4a9c217848648bf6101818203bd to remote] NettyRequestSender - Using pooled Channel '[id: 0x85ebc8b8, L:/127.0.0.1:60862 - R:localhost/127.0.0.1:28266]' for 'POST' to 'http://localhost:28266/session/b6abe4a9c217848648bf6101818203bd/element'
[DEBUG] 2020-04-24 01:12:27.542 [Forwarding findElement on session b6abe4a9c217848648bf6101818203bd to remote] NettyRequestSender - Using open Channel [id: 0x85ebc8b8, L:/127.0.0.1:60862 - R:localhost/127.0.0.1:28266] for POST '/session/b6abe4a9c217848648bf6101818203bd/element'
[DEBUG] 2020-04-24 01:12:27.562 [AsyncHttpClient-3-2] HttpHandler - 

Request DefaultHttpRequest(decodeResult: success, version: HTTP/1.1)
POST /session/b6abe4a9c217848648bf6101818203bd/element HTTP/1.1
User-Agent: selenium/4.0.0-alpha-5 (java windows)
Content-Length: 53
Content-Type: application/json; charset=utf-8
host: localhost:28266
accept: */*

Response DefaultHttpResponse(decodeResult: success, version: HTTP/1.1)
HTTP/1.1 200 OK
Content-Length: 88
Content-Type: application/json; charset=utf-8
cache-control: no-cache

[DEBUG] 2020-04-24 01:12:27.562 [AsyncHttpClient-3-2] ChannelManager - Adding key: http://localhost:28266 for channel [id: 0x85ebc8b8, L:/127.0.0.1:60862 - R:localhost/127.0.0.1:28266]
[DEBUG] 2020-04-24 01:12:27.564 [Forwarding clearElement on session b6abe4a9c217848648bf6101818203bd to remote] NettyRequestSender - Using pooled Channel '[id: 0x85ebc8b8, L:/127.0.0.1:60862 - R:localhost/127.0.0.1:28266]' for 'POST' to 'http://localhost:28266/session/b6abe4a9c217848648bf6101818203bd/element/77161194-20ff-4ad4-92f8-c3b56f982385/clear'
[DEBUG] 2020-04-24 01:12:27.564 [Forwarding clearElement on session b6abe4a9c217848648bf6101818203bd to remote] NettyRequestSender - Using open Channel [id: 0x85ebc8b8, L:/127.0.0.1:60862 - R:localhost/127.0.0.1:28266] for POST '/session/b6abe4a9c217848648bf6101818203bd/element/77161194-20ff-4ad4-92f8-c3b56f982385/clear'
[DEBUG] 2020-04-24 01:12:27.614 [AsyncHttpClient-3-2] HttpHandler - 

Request DefaultHttpRequest(decodeResult: success, version: HTTP/1.1)
POST /session/b6abe4a9c217848648bf6101818203bd/element/77161194-20ff-4ad4-92f8-c3b56f982385/clear HTTP/1.1
User-Agent: selenium/4.0.0-alpha-5 (java windows)
Content-Length: 50
Content-Type: application/json; charset=utf-8
host: localhost:28266
accept: */*

Response DefaultHttpResponse(decodeResult: success, version: HTTP/1.1)
HTTP/1.1 200 OK
Content-Length: 14
Content-Type: application/json; charset=utf-8
cache-control: no-cache

[DEBUG] 2020-04-24 01:12:27.614 [AsyncHttpClient-3-2] ChannelManager - Adding key: http://localhost:28266 for channel [id: 0x85ebc8b8, L:/127.0.0.1:60862 - R:localhost/127.0.0.1:28266]
[DEBUG] 2020-04-24 01:12:27.616 [Forwarding sendKeysToElement on session b6abe4a9c217848648bf6101818203bd to remote] NettyRequestSender - Using pooled Channel '[id: 0x85ebc8b8, L:/127.0.0.1:60862 - R:localhost/127.0.0.1:28266]' for 'POST' to 'http://localhost:28266/session/b6abe4a9c217848648bf6101818203bd/element/77161194-20ff-4ad4-92f8-c3b56f982385/value'
[DEBUG] 2020-04-24 01:12:27.616 [Forwarding sendKeysToElement on session b6abe4a9c217848648bf6101818203bd to remote] NettyRequestSender - Using open Channel [id: 0x85ebc8b8, L:/127.0.0.1:60862 - R:localhost/127.0.0.1:28266] for POST '/session/b6abe4a9c217848648bf6101818203bd/element/77161194-20ff-4ad4-92f8-c3b56f982385/value'
[DEBUG] 2020-04-24 01:12:27.732 [AsyncHttpClient-3-2] HttpHandler - 

Request DefaultHttpRequest(decodeResult: success, version: HTTP/1.1)
POST /session/b6abe4a9c217848648bf6101818203bd/element/77161194-20ff-4ad4-92f8-c3b56f982385/value HTTP/1.1
User-Agent: selenium/4.0.0-alpha-5 (java windows)
Content-Length: 131
Content-Type: application/json; charset=utf-8
host: localhost:28266
accept: */*

Response DefaultHttpResponse(decodeResult: success, version: HTTP/1.1)
HTTP/1.1 200 OK
Content-Length: 14
Content-Type: application/json; charset=utf-8
cache-control: no-cache

[DEBUG] 2020-04-24 01:12:27.732 [AsyncHttpClient-3-2] ChannelManager - Adding key: http://localhost:28266 for channel [id: 0x85ebc8b8, L:/127.0.0.1:60862 - R:localhost/127.0.0.1:28266]
[DEBUG] 2020-04-24 01:12:27.734 [Forwarding findElement on session b6abe4a9c217848648bf6101818203bd to remote] NettyRequestSender - Using pooled Channel '[id: 0x85ebc8b8, L:/127.0.0.1:60862 - R:localhost/127.0.0.1:28266]' for 'POST' to 'http://localhost:28266/session/b6abe4a9c217848648bf6101818203bd/element'
[DEBUG] 2020-04-24 01:12:27.734 [Forwarding findElement on session b6abe4a9c217848648bf6101818203bd to remote] NettyRequestSender - Using open Channel [id: 0x85ebc8b8, L:/127.0.0.1:60862 - R:localhost/127.0.0.1:28266] for POST '/session/b6abe4a9c217848648bf6101818203bd/element'
[DEBUG] 2020-04-24 01:12:27.758 [AsyncHttpClient-3-2] HttpHandler - 

Request DefaultHttpRequest(decodeResult: success, version: HTTP/1.1)
POST /session/b6abe4a9c217848648bf6101818203bd/element HTTP/1.1
User-Agent: selenium/4.0.0-alpha-5 (java windows)
Content-Length: 86
Content-Type: application/json; charset=utf-8
host: localhost:28266
accept: */*

Response DefaultHttpResponse(decodeResult: success, version: HTTP/1.1)
HTTP/1.1 200 OK
Content-Length: 88
Content-Type: application/json; charset=utf-8
cache-control: no-cache

[DEBUG] 2020-04-24 01:12:27.758 [AsyncHttpClient-3-2] ChannelManager - Adding key: http://localhost:28266 for channel [id: 0x85ebc8b8, L:/127.0.0.1:60862 - R:localhost/127.0.0.1:28266]
[DEBUG] 2020-04-24 01:12:27.760 [Forwarding clickElement on session b6abe4a9c217848648bf6101818203bd to remote] NettyRequestSender - Using pooled Channel '[id: 0x85ebc8b8, L:/127.0.0.1:60862 - R:localhost/127.0.0.1:28266]' for 'POST' to 'http://localhost:28266/session/b6abe4a9c217848648bf6101818203bd/element/8a75c7ba-c002-4a4f-9571-3ea605e1486e/click'
[DEBUG] 2020-04-24 01:12:27.760 [Forwarding clickElement on session b6abe4a9c217848648bf6101818203bd to remote] NettyRequestSender - Using open Channel [id: 0x85ebc8b8, L:/127.0.0.1:60862 - R:localhost/127.0.0.1:28266] for POST '/session/b6abe4a9c217848648bf6101818203bd/element/8a75c7ba-c002-4a4f-9571-3ea605e1486e/click'
[DEBUG] 2020-04-24 01:12:28.085 [AsyncHttpClient-timer-1-1] DefaultChannelPool - Entry count for : http://localhost:47672 : 1
[DEBUG] 2020-04-24 01:12:28.085 [AsyncHttpClient-timer-1-1] DefaultChannelPool - Entry count for : http://localhost:60870 : 1
[DEBUG] 2020-04-24 01:12:29.186 [AsyncHttpClient-timer-1-1] DefaultChannelPool - Entry count for : http://localhost:47672 : 1
[DEBUG] 2020-04-24 01:12:29.186 [AsyncHttpClient-timer-1-1] DefaultChannelPool - Entry count for : http://localhost:60870 : 1
[DEBUG] 2020-04-24 01:12:30.285 [AsyncHttpClient-timer-1-1] DefaultChannelPool - Entry count for : http://localhost:47672 : 1
[DEBUG] 2020-04-24 01:12:30.285 [AsyncHttpClient-timer-1-1] DefaultChannelPool - Entry count for : http://localhost:60870 : 1
[DEBUG] 2020-04-24 01:12:31.386 [AsyncHttpClient-timer-1-1] DefaultChannelPool - Entry count for : http://localhost:47672 : 1
[DEBUG] 2020-04-24 01:12:31.386 [AsyncHttpClient-timer-1-1] DefaultChannelPool - Entry count for : http://localhost:60870 : 1
[DEBUG] 2020-04-24 01:12:32.411 [AsyncHttpClient-3-2] HttpHandler - 

Request DefaultHttpRequest(decodeResult: success, version: HTTP/1.1)
POST /session/b6abe4a9c217848648bf6101818203bd/element/8a75c7ba-c002-4a4f-9571-3ea605e1486e/click HTTP/1.1
User-Agent: selenium/4.0.0-alpha-5 (java windows)
Content-Length: 50
Content-Type: application/json; charset=utf-8
host: localhost:28266
accept: */*

Response DefaultHttpResponse(decodeResult: success, version: HTTP/1.1)
HTTP/1.1 200 OK
Content-Length: 14
Content-Type: application/json; charset=utf-8
cache-control: no-cache

[DEBUG] 2020-04-24 01:12:32.412 [AsyncHttpClient-3-2] ChannelManager - Adding key: http://localhost:28266 for channel [id: 0x85ebc8b8, L:/127.0.0.1:60862 - R:localhost/127.0.0.1:28266]
[DEBUG] 2020-04-24 01:12:32.413 [Forwarding setTimeout on session b6abe4a9c217848648bf6101818203bd to remote] NettyRequestSender - Using pooled Channel '[id: 0x85ebc8b8, L:/127.0.0.1:60862 - R:localhost/127.0.0.1:28266]' for 'POST' to 'http://localhost:28266/session/b6abe4a9c217848648bf6101818203bd/timeouts'
[DEBUG] 2020-04-24 01:12:32.413 [Forwarding setTimeout on session b6abe4a9c217848648bf6101818203bd to remote] NettyRequestSender - Using open Channel [id: 0x85ebc8b8, L:/127.0.0.1:60862 - R:localhost/127.0.0.1:28266] for POST '/session/b6abe4a9c217848648bf6101818203bd/timeouts'
[DEBUG] 2020-04-24 01:12:32.416 [AsyncHttpClient-3-2] HttpHandler - 

Request DefaultHttpRequest(decodeResult: success, version: HTTP/1.1)
POST /session/b6abe4a9c217848648bf6101818203bd/timeouts HTTP/1.1
User-Agent: selenium/4.0.0-alpha-5 (java windows)
Content-Length: 23
Content-Type: application/json; charset=utf-8
host: localhost:28266
accept: */*

Response DefaultHttpResponse(decodeResult: success, version: HTTP/1.1)
HTTP/1.1 200 OK
Content-Length: 14
Content-Type: application/json; charset=utf-8
cache-control: no-cache

[DEBUG] 2020-04-24 01:12:32.416 [AsyncHttpClient-3-2] ChannelManager - Adding key: http://localhost:28266 for channel [id: 0x85ebc8b8, L:/127.0.0.1:60862 - R:localhost/127.0.0.1:28266]
[DEBUG] 2020-04-24 01:12:32.419 [Forwarding findElement on session b6abe4a9c217848648bf6101818203bd to remote] NettyRequestSender - Using pooled Channel '[id: 0x85ebc8b8, L:/127.0.0.1:60862 - R:localhost/127.0.0.1:28266]' for 'POST' to 'http://localhost:28266/session/b6abe4a9c217848648bf6101818203bd/element'
[DEBUG] 2020-04-24 01:12:32.419 [Forwarding findElement on session b6abe4a9c217848648bf6101818203bd to remote] NettyRequestSender - Using open Channel [id: 0x85ebc8b8, L:/127.0.0.1:60862 - R:localhost/127.0.0.1:28266] for POST '/session/b6abe4a9c217848648bf6101818203bd/element'
[DEBUG] 2020-04-24 01:12:32.487 [AsyncHttpClient-timer-1-1] DefaultChannelPool - Entry count for : http://localhost:47672 : 1
[DEBUG] 2020-04-24 01:12:32.488 [AsyncHttpClient-timer-1-1] DefaultChannelPool - Entry count for : http://localhost:60870 : 1
[DEBUG] 2020-04-24 01:12:32.627 [AsyncHttpClient-3-2] HttpHandler - 

Request DefaultHttpRequest(decodeResult: success, version: HTTP/1.1)
POST /session/b6abe4a9c217848648bf6101818203bd/element HTTP/1.1
User-Agent: selenium/4.0.0-alpha-5 (java windows)
Content-Length: 242
Content-Type: application/json; charset=utf-8
host: localhost:28266
accept: */*

Response DefaultHttpResponse(decodeResult: success, version: HTTP/1.1)
HTTP/1.1 200 OK
Content-Length: 88
Content-Type: application/json; charset=utf-8
cache-control: no-cache

[DEBUG] 2020-04-24 01:12:32.627 [AsyncHttpClient-3-2] ChannelManager - Adding key: http://localhost:28266 for channel [id: 0x85ebc8b8, L:/127.0.0.1:60862 - R:localhost/127.0.0.1:28266]
[DEBUG] 2020-04-24 01:12:32.628 [Forwarding clickElement on session b6abe4a9c217848648bf6101818203bd to remote] NettyRequestSender - Using pooled Channel '[id: 0x85ebc8b8, L:/127.0.0.1:60862 - R:localhost/127.0.0.1:28266]' for 'POST' to 'http://localhost:28266/session/b6abe4a9c217848648bf6101818203bd/element/014ccec7-e0d0-426f-9ff3-8c59388b55fe/click'
[DEBUG] 2020-04-24 01:12:32.629 [Forwarding clickElement on session b6abe4a9c217848648bf6101818203bd to remote] NettyRequestSender - Using open Channel [id: 0x85ebc8b8, L:/127.0.0.1:60862 - R:localhost/127.0.0.1:28266] for POST '/session/b6abe4a9c217848648bf6101818203bd/element/014ccec7-e0d0-426f-9ff3-8c59388b55fe/click'
[DEBUG] 2020-04-24 01:12:32.826 [AsyncHttpClient-3-2] HttpHandler - 

Request DefaultHttpRequest(decodeResult: success, version: HTTP/1.1)
POST /session/b6abe4a9c217848648bf6101818203bd/element/014ccec7-e0d0-426f-9ff3-8c59388b55fe/click HTTP/1.1
User-Agent: selenium/4.0.0-alpha-5 (java windows)
Content-Length: 50
Content-Type: application/json; charset=utf-8
host: localhost:28266
accept: */*

Response DefaultHttpResponse(decodeResult: success, version: HTTP/1.1)
HTTP/1.1 200 OK
Content-Length: 14
Content-Type: application/json; charset=utf-8
cache-control: no-cache

[DEBUG] 2020-04-24 01:12:32.827 [AsyncHttpClient-3-2] ChannelManager - Adding key: http://localhost:28266 for channel [id: 0x85ebc8b8, L:/127.0.0.1:60862 - R:localhost/127.0.0.1:28266]
[DEBUG] 2020-04-24 01:12:32.828 [Forwarding findElement on session b6abe4a9c217848648bf6101818203bd to remote] NettyRequestSender - Using pooled Channel '[id: 0x85ebc8b8, L:/127.0.0.1:60862 - R:localhost/127.0.0.1:28266]' for 'POST' to 'http://localhost:28266/session/b6abe4a9c217848648bf6101818203bd/element'
[DEBUG] 2020-04-24 01:12:32.828 [Forwarding findElement on session b6abe4a9c217848648bf6101818203bd to remote] NettyRequestSender - Using open Channel [id: 0x85ebc8b8, L:/127.0.0.1:60862 - R:localhost/127.0.0.1:28266] for POST '/session/b6abe4a9c217848648bf6101818203bd/element'
[DEBUG] 2020-04-24 01:12:32.991 [AsyncHttpClient-3-2] HttpHandler - 

Request DefaultHttpRequest(decodeResult: success, version: HTTP/1.1)
POST /session/b6abe4a9c217848648bf6101818203bd/element HTTP/1.1
User-Agent: selenium/4.0.0-alpha-5 (java windows)
Content-Length: 109
Content-Type: application/json; charset=utf-8
host: localhost:28266
accept: */*

Response DefaultHttpResponse(decodeResult: success, version: HTTP/1.1)
HTTP/1.1 200 OK
Content-Length: 88
Content-Type: application/json; charset=utf-8
cache-control: no-cache

[DEBUG] 2020-04-24 01:12:32.992 [AsyncHttpClient-3-2] ChannelManager - Adding key: http://localhost:28266 for channel [id: 0x85ebc8b8, L:/127.0.0.1:60862 - R:localhost/127.0.0.1:28266]
[DEBUG] 2020-04-24 01:12:32.994 [Forwarding clickElement on session b6abe4a9c217848648bf6101818203bd to remote] NettyRequestSender - Using pooled Channel '[id: 0x85ebc8b8, L:/127.0.0.1:60862 - R:localhost/127.0.0.1:28266]' for 'POST' to 'http://localhost:28266/session/b6abe4a9c217848648bf6101818203bd/element/11df1bfc-eb0b-45b1-936b-0c58a2fb2036/click'
[DEBUG] 2020-04-24 01:12:32.994 [Forwarding clickElement on session b6abe4a9c217848648bf6101818203bd to remote] NettyRequestSender - Using open Channel [id: 0x85ebc8b8, L:/127.0.0.1:60862 - R:localhost/127.0.0.1:28266] for POST '/session/b6abe4a9c217848648bf6101818203bd/element/11df1bfc-eb0b-45b1-936b-0c58a2fb2036/click'
[DEBUG] 2020-04-24 01:12:33.586 [AsyncHttpClient-timer-1-1] DefaultChannelPool - Entry count for : http://localhost:47672 : 1
[DEBUG] 2020-04-24 01:12:33.586 [AsyncHttpClient-timer-1-1] DefaultChannelPool - Entry count for : http://localhost:60870 : 1
[DEBUG] 2020-04-24 01:12:34.690 [AsyncHttpClient-timer-1-1] DefaultChannelPool - Entry count for : http://localhost:47672 : 1
[DEBUG] 2020-04-24 01:12:34.690 [AsyncHttpClient-timer-1-1] DefaultChannelPool - Entry count for : http://localhost:60870 : 1
[DEBUG] 2020-04-24 01:12:35.785 [AsyncHttpClient-timer-1-1] DefaultChannelPool - Entry count for : http://localhost:47672 : 1
[DEBUG] 2020-04-24 01:12:35.786 [AsyncHttpClient-timer-1-1] DefaultChannelPool - Entry count for : http://localhost:60870 : 1
[DEBUG] 2020-04-24 01:12:36.886 [AsyncHttpClient-timer-1-1] DefaultChannelPool - Entry count for : http://localhost:47672 : 1
[DEBUG] 2020-04-24 01:12:36.886 [AsyncHttpClient-timer-1-1] DefaultChannelPool - Entry count for : http://localhost:60870 : 1
[DEBUG] 2020-04-24 01:12:37.161 [AsyncHttpClient-3-2] HttpHandler - 

Request DefaultHttpRequest(decodeResult: success, version: HTTP/1.1)
POST /session/b6abe4a9c217848648bf6101818203bd/element/11df1bfc-eb0b-45b1-936b-0c58a2fb2036/click HTTP/1.1
User-Agent: selenium/4.0.0-alpha-5 (java windows)
Content-Length: 50
Content-Type: application/json; charset=utf-8
host: localhost:28266
accept: */*

Response DefaultHttpResponse(decodeResult: success, version: HTTP/1.1)
HTTP/1.1 200 OK
Content-Length: 14
Content-Type: application/json; charset=utf-8
cache-control: no-cache

[DEBUG] 2020-04-24 01:12:37.161 [AsyncHttpClient-3-2] ChannelManager - Adding key: http://localhost:28266 for channel [id: 0x85ebc8b8, L:/127.0.0.1:60862 - R:localhost/127.0.0.1:28266]
[DEBUG] 2020-04-24 01:12:37.986 [AsyncHttpClient-timer-1-1] DefaultChannelPool - Entry count for : http://localhost:47672 : 1
[DEBUG] 2020-04-24 01:12:37.986 [AsyncHttpClient-timer-1-1] DefaultChannelPool - Entry count for : http://localhost:60870 : 1
[DEBUG] 2020-04-24 01:12:37.986 [AsyncHttpClient-timer-1-1] DefaultChannelPool - Entry count for : http://localhost:28266 : 1
[DEBUG] 2020-04-24 01:12:39.090 [AsyncHttpClient-timer-1-1] DefaultChannelPool - Entry count for : http://localhost:47672 : 1
[DEBUG] 2020-04-24 01:12:39.090 [AsyncHttpClient-timer-1-1] DefaultChannelPool - Entry count for : http://localhost:60870 : 1
[DEBUG] 2020-04-24 01:12:39.090 [AsyncHttpClient-timer-1-1] DefaultChannelPool - Entry count for : http://localhost:28266 : 1
[DEBUG] 2020-04-24 01:12:40.167 [Forwarding findElements on session b6abe4a9c217848648bf6101818203bd to remote] NettyRequestSender - Using pooled Channel '[id: 0x85ebc8b8, L:/127.0.0.1:60862 - R:localhost/127.0.0.1:28266]' for 'POST' to 'http://localhost:28266/session/b6abe4a9c217848648bf6101818203bd/elements'
[DEBUG] 2020-04-24 01:12:40.167 [Forwarding findElements on session b6abe4a9c217848648bf6101818203bd to remote] NettyRequestSender - Using open Channel [id: 0x85ebc8b8, L:/127.0.0.1:60862 - R:localhost/127.0.0.1:28266] for POST '/session/b6abe4a9c217848648bf6101818203bd/elements'
[DEBUG] 2020-04-24 01:12:40.189 [AsyncHttpClient-timer-1-1] DefaultChannelPool - Entry count for : http://localhost:47672 : 1
[DEBUG] 2020-04-24 01:12:40.189 [AsyncHttpClient-timer-1-1] DefaultChannelPool - Entry count for : http://localhost:60870 : 1
[DEBUG] 2020-04-24 01:12:40.209 [AsyncHttpClient-3-2] HttpHandler - 

Request DefaultHttpRequest(decodeResult: success, version: HTTP/1.1)
POST /session/b6abe4a9c217848648bf6101818203bd/elements HTTP/1.1
User-Agent: selenium/4.0.0-alpha-5 (java windows)
Content-Length: 132
Content-Type: application/json; charset=utf-8
host: localhost:28266
accept: */*

Response DefaultHttpResponse(decodeResult: success, version: HTTP/1.1)
HTTP/1.1 200 OK
Content-Length: 801
Content-Type: application/json; charset=utf-8
cache-control: no-cache

[DEBUG] 2020-04-24 01:12:40.209 [AsyncHttpClient-3-2] ChannelManager - Adding key: http://localhost:28266 for channel [id: 0x85ebc8b8, L:/127.0.0.1:60862 - R:localhost/127.0.0.1:28266]
[DEBUG] 2020-04-24 01:12:40.209 [Forwarding findElement on session b6abe4a9c217848648bf6101818203bd to remote] NettyRequestSender - Using pooled Channel '[id: 0x85ebc8b8, L:/127.0.0.1:60862 - R:localhost/127.0.0.1:28266]' for 'POST' to 'http://localhost:28266/session/b6abe4a9c217848648bf6101818203bd/element'
[DEBUG] 2020-04-24 01:12:40.209 [Forwarding findElement on session b6abe4a9c217848648bf6101818203bd to remote] NettyRequestSender - Using open Channel [id: 0x85ebc8b8, L:/127.0.0.1:60862 - R:localhost/127.0.0.1:28266] for POST '/session/b6abe4a9c217848648bf6101818203bd/element'
[DEBUG] 2020-04-24 01:12:40.244 [AsyncHttpClient-3-2] HttpHandler - 

Request DefaultHttpRequest(decodeResult: success, version: HTTP/1.1)
POST /session/b6abe4a9c217848648bf6101818203bd/element HTTP/1.1
User-Agent: selenium/4.0.0-alpha-5 (java windows)
Content-Length: 146
Content-Type: application/json; charset=utf-8
host: localhost:28266
accept: */*

Response DefaultHttpResponse(decodeResult: success, version: HTTP/1.1)
HTTP/1.1 200 OK
Content-Length: 88
Content-Type: application/json; charset=utf-8
cache-control: no-cache

[DEBUG] 2020-04-24 01:12:40.244 [AsyncHttpClient-3-2] ChannelManager - Adding key: http://localhost:28266 for channel [id: 0x85ebc8b8, L:/127.0.0.1:60862 - R:localhost/127.0.0.1:28266]
[DEBUG] 2020-04-24 01:12:40.244 [Forwarding getElementText on session b6abe4a9c217848648bf6101818203bd to remote] NettyRequestSender - Using pooled Channel '[id: 0x85ebc8b8, L:/127.0.0.1:60862 - R:localhost/127.0.0.1:28266]' for 'GET' to 'http://localhost:28266/session/b6abe4a9c217848648bf6101818203bd/element/a2b808f2-b253-465d-b380-2cc8013cb7b1/text'
[DEBUG] 2020-04-24 01:12:40.244 [Forwarding getElementText on session b6abe4a9c217848648bf6101818203bd to remote] NettyRequestSender - Using open Channel [id: 0x85ebc8b8, L:/127.0.0.1:60862 - R:localhost/127.0.0.1:28266] for GET '/session/b6abe4a9c217848648bf6101818203bd/element/a2b808f2-b253-465d-b380-2cc8013cb7b1/text'
[DEBUG] 2020-04-24 01:12:40.304 [AsyncHttpClient-3-2] HttpHandler - 

Request DefaultFullHttpRequest(decodeResult: success, version: HTTP/1.1, content: EmptyByteBufBE)
GET /session/b6abe4a9c217848648bf6101818203bd/element/a2b808f2-b253-465d-b380-2cc8013cb7b1/text HTTP/1.1
User-Agent: selenium/4.0.0-alpha-5 (java windows)
Cache-Control: no-cache
host: localhost:28266
accept: */*

Response DefaultHttpResponse(decodeResult: success, version: HTTP/1.1)
HTTP/1.1 200 OK
Content-Length: 21
Content-Type: application/json; charset=utf-8
cache-control: no-cache

[DEBUG] 2020-04-24 01:12:40.309 [AsyncHttpClient-3-2] ChannelManager - Adding key: http://localhost:28266 for channel [id: 0x85ebc8b8, L:/127.0.0.1:60862 - R:localhost/127.0.0.1:28266]
SarahJohn
[DEBUG] 2020-04-24 01:12:40.309 [Forwarding findElement on session b6abe4a9c217848648bf6101818203bd to remote] NettyRequestSender - Using pooled Channel '[id: 0x85ebc8b8, L:/127.0.0.1:60862 - R:localhost/127.0.0.1:28266]' for 'POST' to 'http://localhost:28266/session/b6abe4a9c217848648bf6101818203bd/element'
[DEBUG] 2020-04-24 01:12:40.309 [Forwarding findElement on session b6abe4a9c217848648bf6101818203bd to remote] NettyRequestSender - Using open Channel [id: 0x85ebc8b8, L:/127.0.0.1:60862 - R:localhost/127.0.0.1:28266] for POST '/session/b6abe4a9c217848648bf6101818203bd/element'
[DEBUG] 2020-04-24 01:12:40.334 [AsyncHttpClient-3-2] HttpHandler - 

Request DefaultHttpRequest(decodeResult: success, version: HTTP/1.1)
POST /session/b6abe4a9c217848648bf6101818203bd/element HTTP/1.1
User-Agent: selenium/4.0.0-alpha-5 (java windows)
Content-Length: 146
Content-Type: application/json; charset=utf-8
host: localhost:28266
accept: */*

Response DefaultHttpResponse(decodeResult: success, version: HTTP/1.1)
HTTP/1.1 200 OK
Content-Length: 88
Content-Type: application/json; charset=utf-8
cache-control: no-cache

[DEBUG] 2020-04-24 01:12:40.334 [AsyncHttpClient-3-2] ChannelManager - Adding key: http://localhost:28266 for channel [id: 0x85ebc8b8, L:/127.0.0.1:60862 - R:localhost/127.0.0.1:28266]
[DEBUG] 2020-04-24 01:12:40.334 [Forwarding getElementText on session b6abe4a9c217848648bf6101818203bd to remote] NettyRequestSender - Using pooled Channel '[id: 0x85ebc8b8, L:/127.0.0.1:60862 - R:localhost/127.0.0.1:28266]' for 'GET' to 'http://localhost:28266/session/b6abe4a9c217848648bf6101818203bd/element/de55c5a8-2359-466f-b8ca-b45156171b76/text'
[DEBUG] 2020-04-24 01:12:40.339 [Forwarding getElementText on session b6abe4a9c217848648bf6101818203bd to remote] NettyRequestSender - Using open Channel [id: 0x85ebc8b8, L:/127.0.0.1:60862 - R:localhost/127.0.0.1:28266] for GET '/session/b6abe4a9c217848648bf6101818203bd/element/de55c5a8-2359-466f-b8ca-b45156171b76/text'
[DEBUG] 2020-04-24 01:12:40.367 [AsyncHttpClient-3-2] HttpHandler - 

Request DefaultFullHttpRequest(decodeResult: success, version: HTTP/1.1, content: EmptyByteBufBE)
GET /session/b6abe4a9c217848648bf6101818203bd/element/de55c5a8-2359-466f-b8ca-b45156171b76/text HTTP/1.1
User-Agent: selenium/4.0.0-alpha-5 (java windows)
Cache-Control: no-cache
host: localhost:28266
accept: */*

Response DefaultHttpResponse(decodeResult: success, version: HTTP/1.1)
HTTP/1.1 200 OK
Content-Length: 26
Content-Type: application/json; charset=utf-8
cache-control: no-cache

[DEBUG] 2020-04-24 01:12:40.369 [AsyncHttpClient-3-2] ChannelManager - Adding key: http://localhost:28266 for channel [id: 0x85ebc8b8, L:/127.0.0.1:60862 - R:localhost/127.0.0.1:28266]
vishnu vardhan
[DEBUG] 2020-04-24 01:12:40.369 [Forwarding findElement on session b6abe4a9c217848648bf6101818203bd to remote] NettyRequestSender - Using pooled Channel '[id: 0x85ebc8b8, L:/127.0.0.1:60862 - R:localhost/127.0.0.1:28266]' for 'POST' to 'http://localhost:28266/session/b6abe4a9c217848648bf6101818203bd/element'
[DEBUG] 2020-04-24 01:12:40.369 [Forwarding findElement on session b6abe4a9c217848648bf6101818203bd to remote] NettyRequestSender - Using open Channel [id: 0x85ebc8b8, L:/127.0.0.1:60862 - R:localhost/127.0.0.1:28266] for POST '/session/b6abe4a9c217848648bf6101818203bd/element'
[DEBUG] 2020-04-24 01:12:40.395 [AsyncHttpClient-3-2] HttpHandler - 

Request DefaultHttpRequest(decodeResult: success, version: HTTP/1.1)
POST /session/b6abe4a9c217848648bf6101818203bd/element HTTP/1.1
User-Agent: selenium/4.0.0-alpha-5 (java windows)
Content-Length: 146
Content-Type: application/json; charset=utf-8
host: localhost:28266
accept: */*

Response DefaultHttpResponse(decodeResult: success, version: HTTP/1.1)
HTTP/1.1 200 OK
Content-Length: 88
Content-Type: application/json; charset=utf-8
cache-control: no-cache

[DEBUG] 2020-04-24 01:12:40.395 [AsyncHttpClient-3-2] ChannelManager - Adding key: http://localhost:28266 for channel [id: 0x85ebc8b8, L:/127.0.0.1:60862 - R:localhost/127.0.0.1:28266]
[DEBUG] 2020-04-24 01:12:40.400 [Forwarding getElementText on session b6abe4a9c217848648bf6101818203bd to remote] NettyRequestSender - Using pooled Channel '[id: 0x85ebc8b8, L:/127.0.0.1:60862 - R:localhost/127.0.0.1:28266]' for 'GET' to 'http://localhost:28266/session/b6abe4a9c217848648bf6101818203bd/element/6b279df8-4c7a-4857-bb8e-5e83b7c33be1/text'
[DEBUG] 2020-04-24 01:12:40.400 [Forwarding getElementText on session b6abe4a9c217848648bf6101818203bd to remote] NettyRequestSender - Using open Channel [id: 0x85ebc8b8, L:/127.0.0.1:60862 - R:localhost/127.0.0.1:28266] for GET '/session/b6abe4a9c217848648bf6101818203bd/element/6b279df8-4c7a-4857-bb8e-5e83b7c33be1/text'
[DEBUG] 2020-04-24 01:12:40.430 [AsyncHttpClient-3-2] HttpHandler - 

Request DefaultFullHttpRequest(decodeResult: success, version: HTTP/1.1, content: EmptyByteBufBE)
GET /session/b6abe4a9c217848648bf6101818203bd/element/6b279df8-4c7a-4857-bb8e-5e83b7c33be1/text HTTP/1.1
User-Agent: selenium/4.0.0-alpha-5 (java windows)
Cache-Control: no-cache
host: localhost:28266
accept: */*

Response DefaultHttpResponse(decodeResult: success, version: HTTP/1.1)
HTTP/1.1 200 OK
Content-Length: 26
Content-Type: application/json; charset=utf-8
cache-control: no-cache

[DEBUG] 2020-04-24 01:12:40.430 [AsyncHttpClient-3-2] ChannelManager - Adding key: http://localhost:28266 for channel [id: 0x85ebc8b8, L:/127.0.0.1:60862 - R:localhost/127.0.0.1:28266]
vishnu vardhan
[DEBUG] 2020-04-24 01:12:40.433 [Forwarding findElement on session b6abe4a9c217848648bf6101818203bd to remote] NettyRequestSender - Using pooled Channel '[id: 0x85ebc8b8, L:/127.0.0.1:60862 - R:localhost/127.0.0.1:28266]' for 'POST' to 'http://localhost:28266/session/b6abe4a9c217848648bf6101818203bd/element'
[DEBUG] 2020-04-24 01:12:40.433 [Forwarding findElement on session b6abe4a9c217848648bf6101818203bd to remote] NettyRequestSender - Using open Channel [id: 0x85ebc8b8, L:/127.0.0.1:60862 - R:localhost/127.0.0.1:28266] for POST '/session/b6abe4a9c217848648bf6101818203bd/element'
[DEBUG] 2020-04-24 01:12:40.452 [AsyncHttpClient-3-2] HttpHandler - 

Request DefaultHttpRequest(decodeResult: success, version: HTTP/1.1)
POST /session/b6abe4a9c217848648bf6101818203bd/element HTTP/1.1
User-Agent: selenium/4.0.0-alpha-5 (java windows)
Content-Length: 146
Content-Type: application/json; charset=utf-8
host: localhost:28266
accept: */*

Response DefaultHttpResponse(decodeResult: success, version: HTTP/1.1)
HTTP/1.1 200 OK
Content-Length: 88
Content-Type: application/json; charset=utf-8
cache-control: no-cache

[DEBUG] 2020-04-24 01:12:40.452 [AsyncHttpClient-3-2] ChannelManager - Adding key: http://localhost:28266 for channel [id: 0x85ebc8b8, L:/127.0.0.1:60862 - R:localhost/127.0.0.1:28266]
[DEBUG] 2020-04-24 01:12:40.457 [Forwarding getElementText on session b6abe4a9c217848648bf6101818203bd to remote] NettyRequestSender - Using pooled Channel '[id: 0x85ebc8b8, L:/127.0.0.1:60862 - R:localhost/127.0.0.1:28266]' for 'GET' to 'http://localhost:28266/session/b6abe4a9c217848648bf6101818203bd/element/968194da-db24-4d63-a785-29aca7f3c60e/text'
[DEBUG] 2020-04-24 01:12:40.457 [Forwarding getElementText on session b6abe4a9c217848648bf6101818203bd to remote] NettyRequestSender - Using open Channel [id: 0x85ebc8b8, L:/127.0.0.1:60862 - R:localhost/127.0.0.1:28266] for GET '/session/b6abe4a9c217848648bf6101818203bd/element/968194da-db24-4d63-a785-29aca7f3c60e/text'
[DEBUG] 2020-04-24 01:12:40.477 [AsyncHttpClient-3-2] HttpHandler - 

Request DefaultFullHttpRequest(decodeResult: success, version: HTTP/1.1, content: EmptyByteBufBE)
GET /session/b6abe4a9c217848648bf6101818203bd/element/968194da-db24-4d63-a785-29aca7f3c60e/text HTTP/1.1
User-Agent: selenium/4.0.0-alpha-5 (java windows)
Cache-Control: no-cache
host: localhost:28266
accept: */*

Response DefaultHttpResponse(decodeResult: success, version: HTTP/1.1)
HTTP/1.1 200 OK
Content-Length: 12
Content-Type: application/json; charset=utf-8
cache-control: no-cache

[DEBUG] 2020-04-24 01:12:40.477 [AsyncHttpClient-3-2] ChannelManager - Adding key: http://localhost:28266 for channel [id: 0x85ebc8b8, L:/127.0.0.1:60862 - R:localhost/127.0.0.1:28266]

[DEBUG] 2020-04-24 01:12:40.477 [Forwarding findElement on session b6abe4a9c217848648bf6101818203bd to remote] NettyRequestSender - Using pooled Channel '[id: 0x85ebc8b8, L:/127.0.0.1:60862 - R:localhost/127.0.0.1:28266]' for 'POST' to 'http://localhost:28266/session/b6abe4a9c217848648bf6101818203bd/element'
[DEBUG] 2020-04-24 01:12:40.477 [Forwarding findElement on session b6abe4a9c217848648bf6101818203bd to remote] NettyRequestSender - Using open Channel [id: 0x85ebc8b8, L:/127.0.0.1:60862 - R:localhost/127.0.0.1:28266] for POST '/session/b6abe4a9c217848648bf6101818203bd/element'
[DEBUG] 2020-04-24 01:12:40.497 [AsyncHttpClient-3-2] HttpHandler - 

Request DefaultHttpRequest(decodeResult: success, version: HTTP/1.1)
POST /session/b6abe4a9c217848648bf6101818203bd/element HTTP/1.1
User-Agent: selenium/4.0.0-alpha-5 (java windows)
Content-Length: 146
Content-Type: application/json; charset=utf-8
host: localhost:28266
accept: */*

Response DefaultHttpResponse(decodeResult: success, version: HTTP/1.1)
HTTP/1.1 200 OK
Content-Length: 88
Content-Type: application/json; charset=utf-8
cache-control: no-cache

[DEBUG] 2020-04-24 01:12:40.497 [AsyncHttpClient-3-2] ChannelManager - Adding key: http://localhost:28266 for channel [id: 0x85ebc8b8, L:/127.0.0.1:60862 - R:localhost/127.0.0.1:28266]
[DEBUG] 2020-04-24 01:12:40.497 [Forwarding getElementText on session b6abe4a9c217848648bf6101818203bd to remote] NettyRequestSender - Using pooled Channel '[id: 0x85ebc8b8, L:/127.0.0.1:60862 - R:localhost/127.0.0.1:28266]' for 'GET' to 'http://localhost:28266/session/b6abe4a9c217848648bf6101818203bd/element/d87adfe2-cf80-4322-9986-3a6d884ee76c/text'
[DEBUG] 2020-04-24 01:12:40.497 [Forwarding getElementText on session b6abe4a9c217848648bf6101818203bd to remote] NettyRequestSender - Using open Channel [id: 0x85ebc8b8, L:/127.0.0.1:60862 - R:localhost/127.0.0.1:28266] for GET '/session/b6abe4a9c217848648bf6101818203bd/element/d87adfe2-cf80-4322-9986-3a6d884ee76c/text'
[DEBUG] 2020-04-24 01:12:40.527 [AsyncHttpClient-3-2] HttpHandler - 

Request DefaultFullHttpRequest(decodeResult: success, version: HTTP/1.1, content: EmptyByteBufBE)
GET /session/b6abe4a9c217848648bf6101818203bd/element/d87adfe2-cf80-4322-9986-3a6d884ee76c/text HTTP/1.1
User-Agent: selenium/4.0.0-alpha-5 (java windows)
Cache-Control: no-cache
host: localhost:28266
accept: */*

Response DefaultHttpResponse(decodeResult: success, version: HTTP/1.1)
HTTP/1.1 200 OK
Content-Length: 27
Content-Type: application/json; charset=utf-8
cache-control: no-cache

[DEBUG] 2020-04-24 01:12:40.527 [AsyncHttpClient-3-2] ChannelManager - Adding key: http://localhost:28266 for channel [id: 0x85ebc8b8, L:/127.0.0.1:60862 - R:localhost/127.0.0.1:28266]
Victoria Terces
[DEBUG] 2020-04-24 01:12:40.527 [Forwarding findElement on session b6abe4a9c217848648bf6101818203bd to remote] NettyRequestSender - Using pooled Channel '[id: 0x85ebc8b8, L:/127.0.0.1:60862 - R:localhost/127.0.0.1:28266]' for 'POST' to 'http://localhost:28266/session/b6abe4a9c217848648bf6101818203bd/element'
[DEBUG] 2020-04-24 01:12:40.527 [Forwarding findElement on session b6abe4a9c217848648bf6101818203bd to remote] NettyRequestSender - Using open Channel [id: 0x85ebc8b8, L:/127.0.0.1:60862 - R:localhost/127.0.0.1:28266] for POST '/session/b6abe4a9c217848648bf6101818203bd/element'
[DEBUG] 2020-04-24 01:12:40.547 [AsyncHttpClient-3-2] HttpHandler - 

Request DefaultHttpRequest(decodeResult: success, version: HTTP/1.1)
POST /session/b6abe4a9c217848648bf6101818203bd/element HTTP/1.1
User-Agent: selenium/4.0.0-alpha-5 (java windows)
Content-Length: 172
Content-Type: application/json; charset=utf-8
host: localhost:28266
accept: */*

Response DefaultHttpResponse(decodeResult: success, version: HTTP/1.1)
HTTP/1.1 200 OK
Content-Length: 88
Content-Type: application/json; charset=utf-8
cache-control: no-cache

[DEBUG] 2020-04-24 01:12:40.547 [AsyncHttpClient-3-2] ChannelManager - Adding key: http://localhost:28266 for channel [id: 0x85ebc8b8, L:/127.0.0.1:60862 - R:localhost/127.0.0.1:28266]
[DEBUG] 2020-04-24 01:12:40.547 [Forwarding clickElement on session b6abe4a9c217848648bf6101818203bd to remote] NettyRequestSender - Using pooled Channel '[id: 0x85ebc8b8, L:/127.0.0.1:60862 - R:localhost/127.0.0.1:28266]' for 'POST' to 'http://localhost:28266/session/b6abe4a9c217848648bf6101818203bd/element/4acec90f-280d-4fa7-b897-1be48f6a42ee/click'
[DEBUG] 2020-04-24 01:12:40.547 [Forwarding clickElement on session b6abe4a9c217848648bf6101818203bd to remote] NettyRequestSender - Using open Channel [id: 0x85ebc8b8, L:/127.0.0.1:60862 - R:localhost/127.0.0.1:28266] for POST '/session/b6abe4a9c217848648bf6101818203bd/element/4acec90f-280d-4fa7-b897-1be48f6a42ee/click'
[DEBUG] 2020-04-24 01:12:40.637 [AsyncHttpClient-3-2] HttpHandler - 

Request DefaultHttpRequest(decodeResult: success, version: HTTP/1.1)
POST /session/b6abe4a9c217848648bf6101818203bd/element/4acec90f-280d-4fa7-b897-1be48f6a42ee/click HTTP/1.1
User-Agent: selenium/4.0.0-alpha-5 (java windows)
Content-Length: 50
Content-Type: application/json; charset=utf-8
host: localhost:28266
accept: */*

Response DefaultHttpResponse(decodeResult: success, version: HTTP/1.1)
HTTP/1.1 200 OK
Content-Length: 14
Content-Type: application/json; charset=utf-8
cache-control: no-cache

[DEBUG] 2020-04-24 01:12:40.638 [AsyncHttpClient-3-2] ChannelManager - Adding key: http://localhost:28266 for channel [id: 0x85ebc8b8, L:/127.0.0.1:60862 - R:localhost/127.0.0.1:28266]
[DEBUG] 2020-04-24 01:12:40.640 [Forwarding findElement on session b6abe4a9c217848648bf6101818203bd to remote] NettyRequestSender - Using pooled Channel '[id: 0x85ebc8b8, L:/127.0.0.1:60862 - R:localhost/127.0.0.1:28266]' for 'POST' to 'http://localhost:28266/session/b6abe4a9c217848648bf6101818203bd/element'
[DEBUG] 2020-04-24 01:12:40.640 [Forwarding findElement on session b6abe4a9c217848648bf6101818203bd to remote] NettyRequestSender - Using open Channel [id: 0x85ebc8b8, L:/127.0.0.1:60862 - R:localhost/127.0.0.1:28266] for POST '/session/b6abe4a9c217848648bf6101818203bd/element'
[DEBUG] 2020-04-24 01:12:40.665 [AsyncHttpClient-3-2] HttpHandler - 

Request DefaultHttpRequest(decodeResult: success, version: HTTP/1.1)
POST /session/b6abe4a9c217848648bf6101818203bd/element HTTP/1.1
User-Agent: selenium/4.0.0-alpha-5 (java windows)
Content-Length: 97
Content-Type: application/json; charset=utf-8
host: localhost:28266
accept: */*

Response DefaultHttpResponse(decodeResult: success, version: HTTP/1.1)
HTTP/1.1 200 OK
Content-Length: 88
Content-Type: application/json; charset=utf-8
cache-control: no-cache

[DEBUG] 2020-04-24 01:12:40.666 [AsyncHttpClient-3-2] ChannelManager - Adding key: http://localhost:28266 for channel [id: 0x85ebc8b8, L:/127.0.0.1:60862 - R:localhost/127.0.0.1:28266]
[DEBUG] 2020-04-24 01:12:40.667 [Forwarding clickElement on session b6abe4a9c217848648bf6101818203bd to remote] NettyRequestSender - Using pooled Channel '[id: 0x85ebc8b8, L:/127.0.0.1:60862 - R:localhost/127.0.0.1:28266]' for 'POST' to 'http://localhost:28266/session/b6abe4a9c217848648bf6101818203bd/element/8f093d99-c2e8-45cb-836d-93828cbd0ca0/click'
[DEBUG] 2020-04-24 01:12:40.668 [Forwarding clickElement on session b6abe4a9c217848648bf6101818203bd to remote] NettyRequestSender - Using open Channel [id: 0x85ebc8b8, L:/127.0.0.1:60862 - R:localhost/127.0.0.1:28266] for POST '/session/b6abe4a9c217848648bf6101818203bd/element/8f093d99-c2e8-45cb-836d-93828cbd0ca0/click'
[DEBUG] 2020-04-24 01:12:40.750 [AsyncHttpClient-3-2] HttpHandler - 

Request DefaultHttpRequest(decodeResult: success, version: HTTP/1.1)
POST /session/b6abe4a9c217848648bf6101818203bd/element/8f093d99-c2e8-45cb-836d-93828cbd0ca0/click HTTP/1.1
User-Agent: selenium/4.0.0-alpha-5 (java windows)
Content-Length: 50
Content-Type: application/json; charset=utf-8
host: localhost:28266
accept: */*

Response DefaultHttpResponse(decodeResult: success, version: HTTP/1.1)
HTTP/1.1 200 OK
Content-Length: 14
Content-Type: application/json; charset=utf-8
cache-control: no-cache

[DEBUG] 2020-04-24 01:12:40.751 [AsyncHttpClient-3-2] ChannelManager - Adding key: http://localhost:28266 for channel [id: 0x85ebc8b8, L:/127.0.0.1:60862 - R:localhost/127.0.0.1:28266]
[DEBUG] 2020-04-24 01:12:40.752 [Forwarding findElement on session b6abe4a9c217848648bf6101818203bd to remote] NettyRequestSender - Using pooled Channel '[id: 0x85ebc8b8, L:/127.0.0.1:60862 - R:localhost/127.0.0.1:28266]' for 'POST' to 'http://localhost:28266/session/b6abe4a9c217848648bf6101818203bd/element'
[DEBUG] 2020-04-24 01:12:40.752 [Forwarding findElement on session b6abe4a9c217848648bf6101818203bd to remote] NettyRequestSender - Using open Channel [id: 0x85ebc8b8, L:/127.0.0.1:60862 - R:localhost/127.0.0.1:28266] for POST '/session/b6abe4a9c217848648bf6101818203bd/element'
[DEBUG] 2020-04-24 01:12:40.773 [AsyncHttpClient-3-2] HttpHandler - 

Request DefaultHttpRequest(decodeResult: success, version: HTTP/1.1)
POST /session/b6abe4a9c217848648bf6101818203bd/element HTTP/1.1
User-Agent: selenium/4.0.0-alpha-5 (java windows)
Content-Length: 67
Content-Type: application/json; charset=utf-8
host: localhost:28266
accept: */*

Response DefaultHttpResponse(decodeResult: success, version: HTTP/1.1)
HTTP/1.1 200 OK
Content-Length: 88
Content-Type: application/json; charset=utf-8
cache-control: no-cache

[DEBUG] 2020-04-24 01:12:40.773 [AsyncHttpClient-3-2] ChannelManager - Adding key: http://localhost:28266 for channel [id: 0x85ebc8b8, L:/127.0.0.1:60862 - R:localhost/127.0.0.1:28266]
[DEBUG] 2020-04-24 01:12:40.777 [Forwarding clickElement on session b6abe4a9c217848648bf6101818203bd to remote] NettyRequestSender - Using pooled Channel '[id: 0x85ebc8b8, L:/127.0.0.1:60862 - R:localhost/127.0.0.1:28266]' for 'POST' to 'http://localhost:28266/session/b6abe4a9c217848648bf6101818203bd/element/07e513a1-80ef-4d21-bbe8-32d29eb44000/click'
[DEBUG] 2020-04-24 01:12:40.777 [Forwarding clickElement on session b6abe4a9c217848648bf6101818203bd to remote] NettyRequestSender - Using open Channel [id: 0x85ebc8b8, L:/127.0.0.1:60862 - R:localhost/127.0.0.1:28266] for POST '/session/b6abe4a9c217848648bf6101818203bd/element/07e513a1-80ef-4d21-bbe8-32d29eb44000/click'
[DEBUG] 2020-04-24 01:12:41.286 [AsyncHttpClient-timer-1-1] DefaultChannelPool - Entry count for : http://localhost:47672 : 1
[DEBUG] 2020-04-24 01:12:41.286 [AsyncHttpClient-timer-1-1] DefaultChannelPool - Entry count for : http://localhost:60870 : 1
[DEBUG] 2020-04-24 01:12:41.298 [AsyncHttpClient-3-2] HttpHandler - 

Request DefaultHttpRequest(decodeResult: success, version: HTTP/1.1)
POST /session/b6abe4a9c217848648bf6101818203bd/element/07e513a1-80ef-4d21-bbe8-32d29eb44000/click HTTP/1.1
User-Agent: selenium/4.0.0-alpha-5 (java windows)
Content-Length: 50
Content-Type: application/json; charset=utf-8
host: localhost:28266
accept: */*

Response DefaultHttpResponse(decodeResult: success, version: HTTP/1.1)
HTTP/1.1 200 OK
Content-Length: 14
Content-Type: application/json; charset=utf-8
cache-control: no-cache

[DEBUG] 2020-04-24 01:12:41.299 [AsyncHttpClient-3-2] ChannelManager - Adding key: http://localhost:28266 for channel [id: 0x85ebc8b8, L:/127.0.0.1:60862 - R:localhost/127.0.0.1:28266]
[DEBUG] 2020-04-24 01:12:42.386 [AsyncHttpClient-timer-1-1] DefaultChannelPool - Entry count for : http://localhost:47672 : 1
[DEBUG] 2020-04-24 01:12:42.386 [AsyncHttpClient-timer-1-1] DefaultChannelPool - Entry count for : http://localhost:60870 : 1
[DEBUG] 2020-04-24 01:12:42.386 [AsyncHttpClient-timer-1-1] DefaultChannelPool - Entry count for : http://localhost:28266 : 1
[DEBUG] 2020-04-24 01:12:43.485 [AsyncHttpClient-timer-1-1] DefaultChannelPool - Entry count for : http://localhost:47672 : 1
[DEBUG] 2020-04-24 01:12:43.485 [AsyncHttpClient-timer-1-1] DefaultChannelPool - Entry count for : http://localhost:60870 : 1
[DEBUG] 2020-04-24 01:12:43.485 [AsyncHttpClient-timer-1-1] DefaultChannelPool - Entry count for : http://localhost:28266 : 1
[DEBUG] 2020-04-24 01:12:44.585 [AsyncHttpClient-timer-1-1] DefaultChannelPool - Entry count for : http://localhost:47672 : 1
[DEBUG] 2020-04-24 01:12:44.585 [AsyncHttpClient-timer-1-1] DefaultChannelPool - Entry count for : http://localhost:60870 : 1
[DEBUG] 2020-04-24 01:12:44.585 [AsyncHttpClient-timer-1-1] DefaultChannelPool - Entry count for : http://localhost:28266 : 1
[DEBUG] 2020-04-24 01:12:45.299 [Forwarding findElement on session b6abe4a9c217848648bf6101818203bd to remote] NettyRequestSender - Using pooled Channel '[id: 0x85ebc8b8, L:/127.0.0.1:60862 - R:localhost/127.0.0.1:28266]' for 'POST' to 'http://localhost:28266/session/b6abe4a9c217848648bf6101818203bd/element'
[DEBUG] 2020-04-24 01:12:45.300 [Forwarding findElement on session b6abe4a9c217848648bf6101818203bd to remote] NettyRequestSender - Using open Channel [id: 0x85ebc8b8, L:/127.0.0.1:60862 - R:localhost/127.0.0.1:28266] for POST '/session/b6abe4a9c217848648bf6101818203bd/element'
[DEBUG] 2020-04-24 01:12:45.318 [AsyncHttpClient-3-2] HttpHandler - 

Request DefaultHttpRequest(decodeResult: success, version: HTTP/1.1)
POST /session/b6abe4a9c217848648bf6101818203bd/element HTTP/1.1
User-Agent: selenium/4.0.0-alpha-5 (java windows)
Content-Length: 146
Content-Type: application/json; charset=utf-8
host: localhost:28266
accept: */*

Response DefaultHttpResponse(decodeResult: success, version: HTTP/1.1)
HTTP/1.1 200 OK
Content-Length: 88
Content-Type: application/json; charset=utf-8
cache-control: no-cache

[DEBUG] 2020-04-24 01:12:45.318 [AsyncHttpClient-3-2] ChannelManager - Adding key: http://localhost:28266 for channel [id: 0x85ebc8b8, L:/127.0.0.1:60862 - R:localhost/127.0.0.1:28266]
[DEBUG] 2020-04-24 01:12:45.320 [Forwarding getElementText on session b6abe4a9c217848648bf6101818203bd to remote] NettyRequestSender - Using pooled Channel '[id: 0x85ebc8b8, L:/127.0.0.1:60862 - R:localhost/127.0.0.1:28266]' for 'GET' to 'http://localhost:28266/session/b6abe4a9c217848648bf6101818203bd/element/6c1636c5-1c63-4d2e-84af-9e47568f87de/text'
[DEBUG] 2020-04-24 01:12:45.320 [Forwarding getElementText on session b6abe4a9c217848648bf6101818203bd to remote] NettyRequestSender - Using open Channel [id: 0x85ebc8b8, L:/127.0.0.1:60862 - R:localhost/127.0.0.1:28266] for GET '/session/b6abe4a9c217848648bf6101818203bd/element/6c1636c5-1c63-4d2e-84af-9e47568f87de/text'
[DEBUG] 2020-04-24 01:12:45.341 [AsyncHttpClient-3-2] HttpHandler - 

Request DefaultFullHttpRequest(decodeResult: success, version: HTTP/1.1, content: EmptyByteBufBE)
GET /session/b6abe4a9c217848648bf6101818203bd/element/6c1636c5-1c63-4d2e-84af-9e47568f87de/text HTTP/1.1
User-Agent: selenium/4.0.0-alpha-5 (java windows)
Cache-Control: no-cache
host: localhost:28266
accept: */*

Response DefaultHttpResponse(decodeResult: success, version: HTTP/1.1)
HTTP/1.1 200 OK
Content-Length: 27
Content-Type: application/json; charset=utf-8
cache-control: no-cache

[DEBUG] 2020-04-24 01:12:45.342 [AsyncHttpClient-3-2] ChannelManager - Adding key: http://localhost:28266 for channel [id: 0x85ebc8b8, L:/127.0.0.1:60862 - R:localhost/127.0.0.1:28266]
Brenda Lindgren
[DEBUG] 2020-04-24 01:12:45.343 [Forwarding findElement on session b6abe4a9c217848648bf6101818203bd to remote] NettyRequestSender - Using pooled Channel '[id: 0x85ebc8b8, L:/127.0.0.1:60862 - R:localhost/127.0.0.1:28266]' for 'POST' to 'http://localhost:28266/session/b6abe4a9c217848648bf6101818203bd/element'
[DEBUG] 2020-04-24 01:12:45.343 [Forwarding findElement on session b6abe4a9c217848648bf6101818203bd to remote] NettyRequestSender - Using open Channel [id: 0x85ebc8b8, L:/127.0.0.1:60862 - R:localhost/127.0.0.1:28266] for POST '/session/b6abe4a9c217848648bf6101818203bd/element'
[DEBUG] 2020-04-24 01:12:45.360 [AsyncHttpClient-3-2] HttpHandler - 

Request DefaultHttpRequest(decodeResult: success, version: HTTP/1.1)
POST /session/b6abe4a9c217848648bf6101818203bd/element HTTP/1.1
User-Agent: selenium/4.0.0-alpha-5 (java windows)
Content-Length: 146
Content-Type: application/json; charset=utf-8
host: localhost:28266
accept: */*

Response DefaultHttpResponse(decodeResult: success, version: HTTP/1.1)
HTTP/1.1 200 OK
Content-Length: 88
Content-Type: application/json; charset=utf-8
cache-control: no-cache

[DEBUG] 2020-04-24 01:12:45.360 [AsyncHttpClient-3-2] ChannelManager - Adding key: http://localhost:28266 for channel [id: 0x85ebc8b8, L:/127.0.0.1:60862 - R:localhost/127.0.0.1:28266]
[DEBUG] 2020-04-24 01:12:45.362 [Forwarding getElementText on session b6abe4a9c217848648bf6101818203bd to remote] NettyRequestSender - Using pooled Channel '[id: 0x85ebc8b8, L:/127.0.0.1:60862 - R:localhost/127.0.0.1:28266]' for 'GET' to 'http://localhost:28266/session/b6abe4a9c217848648bf6101818203bd/element/b854ee5b-ec8c-4040-8a47-f55874f48542/text'
[DEBUG] 2020-04-24 01:12:45.362 [Forwarding getElementText on session b6abe4a9c217848648bf6101818203bd to remote] NettyRequestSender - Using open Channel [id: 0x85ebc8b8, L:/127.0.0.1:60862 - R:localhost/127.0.0.1:28266] for GET '/session/b6abe4a9c217848648bf6101818203bd/element/b854ee5b-ec8c-4040-8a47-f55874f48542/text'
[DEBUG] 2020-04-24 01:12:45.396 [AsyncHttpClient-3-2] HttpHandler - 

Request DefaultFullHttpRequest(decodeResult: success, version: HTTP/1.1, content: EmptyByteBufBE)
GET /session/b6abe4a9c217848648bf6101818203bd/element/b854ee5b-ec8c-4040-8a47-f55874f48542/text HTTP/1.1
User-Agent: selenium/4.0.0-alpha-5 (java windows)
Cache-Control: no-cache
host: localhost:28266
accept: */*

Response DefaultHttpResponse(decodeResult: success, version: HTTP/1.1)
HTTP/1.1 200 OK
Content-Length: 21
Content-Type: application/json; charset=utf-8
cache-control: no-cache

[DEBUG] 2020-04-24 01:12:45.396 [AsyncHttpClient-3-2] ChannelManager - Adding key: http://localhost:28266 for channel [id: 0x85ebc8b8, L:/127.0.0.1:60862 - R:localhost/127.0.0.1:28266]
James Pan
[DEBUG] 2020-04-24 01:12:45.398 [Forwarding findElement on session b6abe4a9c217848648bf6101818203bd to remote] NettyRequestSender - Using pooled Channel '[id: 0x85ebc8b8, L:/127.0.0.1:60862 - R:localhost/127.0.0.1:28266]' for 'POST' to 'http://localhost:28266/session/b6abe4a9c217848648bf6101818203bd/element'
[DEBUG] 2020-04-24 01:12:45.399 [Forwarding findElement on session b6abe4a9c217848648bf6101818203bd to remote] NettyRequestSender - Using open Channel [id: 0x85ebc8b8, L:/127.0.0.1:60862 - R:localhost/127.0.0.1:28266] for POST '/session/b6abe4a9c217848648bf6101818203bd/element'
[DEBUG] 2020-04-24 01:12:45.439 [AsyncHttpClient-3-2] HttpHandler - 

Request DefaultHttpRequest(decodeResult: success, version: HTTP/1.1)
POST /session/b6abe4a9c217848648bf6101818203bd/element HTTP/1.1
User-Agent: selenium/4.0.0-alpha-5 (java windows)
Content-Length: 146
Content-Type: application/json; charset=utf-8
host: localhost:28266
accept: */*

Response DefaultHttpResponse(decodeResult: success, version: HTTP/1.1)
HTTP/1.1 200 OK
Content-Length: 88
Content-Type: application/json; charset=utf-8
cache-control: no-cache

[DEBUG] 2020-04-24 01:12:45.440 [AsyncHttpClient-3-2] ChannelManager - Adding key: http://localhost:28266 for channel [id: 0x85ebc8b8, L:/127.0.0.1:60862 - R:localhost/127.0.0.1:28266]
[DEBUG] 2020-04-24 01:12:45.442 [Forwarding getElementText on session b6abe4a9c217848648bf6101818203bd to remote] NettyRequestSender - Using pooled Channel '[id: 0x85ebc8b8, L:/127.0.0.1:60862 - R:localhost/127.0.0.1:28266]' for 'GET' to 'http://localhost:28266/session/b6abe4a9c217848648bf6101818203bd/element/ecf8fd02-d258-41ef-9473-3607c1eece17/text'
[DEBUG] 2020-04-24 01:12:45.442 [Forwarding getElementText on session b6abe4a9c217848648bf6101818203bd to remote] NettyRequestSender - Using open Channel [id: 0x85ebc8b8, L:/127.0.0.1:60862 - R:localhost/127.0.0.1:28266] for GET '/session/b6abe4a9c217848648bf6101818203bd/element/ecf8fd02-d258-41ef-9473-3607c1eece17/text'
[DEBUG] 2020-04-24 01:12:45.475 [AsyncHttpClient-3-2] HttpHandler - 

Request DefaultFullHttpRequest(decodeResult: success, version: HTTP/1.1, content: EmptyByteBufBE)
GET /session/b6abe4a9c217848648bf6101818203bd/element/ecf8fd02-d258-41ef-9473-3607c1eece17/text HTTP/1.1
User-Agent: selenium/4.0.0-alpha-5 (java windows)
Cache-Control: no-cache
host: localhost:28266
accept: */*

Response DefaultHttpResponse(decodeResult: success, version: HTTP/1.1)
HTTP/1.1 200 OK
Content-Length: 25
Content-Type: application/json; charset=utf-8
cache-control: no-cache

[DEBUG] 2020-04-24 01:12:45.475 [AsyncHttpClient-3-2] ChannelManager - Adding key: http://localhost:28266 for channel [id: 0x85ebc8b8, L:/127.0.0.1:60862 - R:localhost/127.0.0.1:28266]
Arthur Holmes
[DEBUG] 2020-04-24 01:12:45.477 [Forwarding findElement on session b6abe4a9c217848648bf6101818203bd to remote] NettyRequestSender - Using pooled Channel '[id: 0x85ebc8b8, L:/127.0.0.1:60862 - R:localhost/127.0.0.1:28266]' for 'POST' to 'http://localhost:28266/session/b6abe4a9c217848648bf6101818203bd/element'
[DEBUG] 2020-04-24 01:12:45.478 [Forwarding findElement on session b6abe4a9c217848648bf6101818203bd to remote] NettyRequestSender - Using open Channel [id: 0x85ebc8b8, L:/127.0.0.1:60862 - R:localhost/127.0.0.1:28266] for POST '/session/b6abe4a9c217848648bf6101818203bd/element'
[DEBUG] 2020-04-24 01:12:45.505 [AsyncHttpClient-3-2] HttpHandler - 

Request DefaultHttpRequest(decodeResult: success, version: HTTP/1.1)
POST /session/b6abe4a9c217848648bf6101818203bd/element HTTP/1.1
User-Agent: selenium/4.0.0-alpha-5 (java windows)
Content-Length: 146
Content-Type: application/json; charset=utf-8
host: localhost:28266
accept: */*

Response DefaultHttpResponse(decodeResult: success, version: HTTP/1.1)
HTTP/1.1 200 OK
Content-Length: 88
Content-Type: application/json; charset=utf-8
cache-control: no-cache

[DEBUG] 2020-04-24 01:12:45.505 [AsyncHttpClient-3-2] ChannelManager - Adding key: http://localhost:28266 for channel [id: 0x85ebc8b8, L:/127.0.0.1:60862 - R:localhost/127.0.0.1:28266]
[DEBUG] 2020-04-24 01:12:45.507 [Forwarding getElementText on session b6abe4a9c217848648bf6101818203bd to remote] NettyRequestSender - Using pooled Channel '[id: 0x85ebc8b8, L:/127.0.0.1:60862 - R:localhost/127.0.0.1:28266]' for 'GET' to 'http://localhost:28266/session/b6abe4a9c217848648bf6101818203bd/element/495e877a-ee3a-4b38-aef8-449c1ef043da/text'
[DEBUG] 2020-04-24 01:12:45.507 [Forwarding getElementText on session b6abe4a9c217848648bf6101818203bd to remote] NettyRequestSender - Using open Channel [id: 0x85ebc8b8, L:/127.0.0.1:60862 - R:localhost/127.0.0.1:28266] for GET '/session/b6abe4a9c217848648bf6101818203bd/element/495e877a-ee3a-4b38-aef8-449c1ef043da/text'
[DEBUG] 2020-04-24 01:12:45.543 [AsyncHttpClient-3-2] HttpHandler - 

Request DefaultFullHttpRequest(decodeResult: success, version: HTTP/1.1, content: EmptyByteBufBE)
GET /session/b6abe4a9c217848648bf6101818203bd/element/495e877a-ee3a-4b38-aef8-449c1ef043da/text HTTP/1.1
User-Agent: selenium/4.0.0-alpha-5 (java windows)
Cache-Control: no-cache
host: localhost:28266
accept: */*

Response DefaultHttpResponse(decodeResult: success, version: HTTP/1.1)
HTTP/1.1 200 OK
Content-Length: 23
Content-Type: application/json; charset=utf-8
cache-control: no-cache

[DEBUG] 2020-04-24 01:12:45.543 [AsyncHttpClient-3-2] ChannelManager - Adding key: http://localhost:28266 for channel [id: 0x85ebc8b8, L:/127.0.0.1:60862 - R:localhost/127.0.0.1:28266]
Steve Gates
[DEBUG] 2020-04-24 01:12:45.545 [Forwarding findElement on session b6abe4a9c217848648bf6101818203bd to remote] NettyRequestSender - Using pooled Channel '[id: 0x85ebc8b8, L:/127.0.0.1:60862 - R:localhost/127.0.0.1:28266]' for 'POST' to 'http://localhost:28266/session/b6abe4a9c217848648bf6101818203bd/element'
[DEBUG] 2020-04-24 01:12:45.545 [Forwarding findElement on session b6abe4a9c217848648bf6101818203bd to remote] NettyRequestSender - Using open Channel [id: 0x85ebc8b8, L:/127.0.0.1:60862 - R:localhost/127.0.0.1:28266] for POST '/session/b6abe4a9c217848648bf6101818203bd/element'
[DEBUG] 2020-04-24 01:12:45.570 [AsyncHttpClient-3-2] HttpHandler - 

Request DefaultHttpRequest(decodeResult: success, version: HTTP/1.1)
POST /session/b6abe4a9c217848648bf6101818203bd/element HTTP/1.1
User-Agent: selenium/4.0.0-alpha-5 (java windows)
Content-Length: 147
Content-Type: application/json; charset=utf-8
host: localhost:28266
accept: */*

Response DefaultHttpResponse(decodeResult: success, version: HTTP/1.1)
HTTP/1.1 200 OK
Content-Length: 88
Content-Type: application/json; charset=utf-8
cache-control: no-cache

[DEBUG] 2020-04-24 01:12:45.570 [AsyncHttpClient-3-2] ChannelManager - Adding key: http://localhost:28266 for channel [id: 0x85ebc8b8, L:/127.0.0.1:60862 - R:localhost/127.0.0.1:28266]
[DEBUG] 2020-04-24 01:12:45.572 [Forwarding getElementText on session b6abe4a9c217848648bf6101818203bd to remote] NettyRequestSender - Using pooled Channel '[id: 0x85ebc8b8, L:/127.0.0.1:60862 - R:localhost/127.0.0.1:28266]' for 'GET' to 'http://localhost:28266/session/b6abe4a9c217848648bf6101818203bd/element/e95b4f1d-d11d-4143-9abc-efe6345151d0/text'
[DEBUG] 2020-04-24 01:12:45.572 [Forwarding getElementText on session b6abe4a9c217848648bf6101818203bd to remote] NettyRequestSender - Using open Channel [id: 0x85ebc8b8, L:/127.0.0.1:60862 - R:localhost/127.0.0.1:28266] for GET '/session/b6abe4a9c217848648bf6101818203bd/element/e95b4f1d-d11d-4143-9abc-efe6345151d0/text'
[DEBUG] 2020-04-24 01:12:45.605 [AsyncHttpClient-3-2] HttpHandler - 

Request DefaultFullHttpRequest(decodeResult: success, version: HTTP/1.1, content: EmptyByteBufBE)
GET /session/b6abe4a9c217848648bf6101818203bd/element/e95b4f1d-d11d-4143-9abc-efe6345151d0/text HTTP/1.1
User-Agent: selenium/4.0.0-alpha-5 (java windows)
Cache-Control: no-cache
host: localhost:28266
accept: */*

Response DefaultHttpResponse(decodeResult: success, version: HTTP/1.1)
HTTP/1.1 200 OK
Content-Length: 22
Content-Type: application/json; charset=utf-8
cache-control: no-cache

[DEBUG] 2020-04-24 01:12:45.605 [AsyncHttpClient-3-2] ChannelManager - Adding key: http://localhost:28266 for channel [id: 0x85ebc8b8, L:/127.0.0.1:60862 - R:localhost/127.0.0.1:28266]
John Smith
]]></system-out>
    <system-err><![CDATA[Starting ChromeDriver 80.0.3987.106 (f68069574609230cf9b635cd784cfb1bf81bb53a-refs/branch-heads/3987@{#882}) on port 28266
Only local connections are allowed.
Please protect ports used by ChromeDriver and related test frameworks to prevent access by malicious code.
[1587708737.632][WARNING]: This version of ChromeDriver has not been tested with Chrome version 81.
[1587708739.644][WARNING]: Timed out connecting to Chrome, retrying...
Apr 24, 2020 1:12:21 AM org.openqa.selenium.remote.ProtocolHandshake createSession
INFO: Detected dialect: W3C
[1587708743.703][WARNING]: Timed out connecting to Chrome, retrying...
[1587708746.770][SEVERE]: Timed out receiving message from renderer: 0.100
[1587708747.130][SEVERE]: Timed out receiving message from renderer: 0.100
[1587708747.236][SEVERE]: Timed out receiving message from renderer: 0.100
[1587708750.214][SEVERE]: Timed out receiving message from renderer: 0.100
[1587708750.320][SEVERE]: Timed out receiving message from renderer: 0.100
[1587708750.593][SEVERE]: Timed out receiving message from renderer: 0.100
[1587708750.792][SEVERE]: Timed out receiving message from renderer: 0.100
[1587708751.110][SEVERE]: Timed out receiving message from renderer: 0.100
[1587708751.256][SEVERE]: Timed out receiving message from renderer: 0.100
[1587708752.101][SEVERE]: Timed out receiving message from renderer: 0.100
[1587708752.274][SEVERE]: Timed out receiving message from renderer: 0.100
[1587708755.871][SEVERE]: Timed out receiving message from renderer: 0.100
]]></system-err>
  </testcase>
  <testcase name="verifyingExistingEmail" classname="com.nopcommerce.testCases.ExportExcelFileOfNewCustomer_007" time="4.146"/>
  <testcase name="verifyingExistingFile" classname="com.nopcommerce.testCases.ExportExcelFileOfNewCustomer_007" time="6.992"/>
  <testcase name="searchCustomerByEmailTest" classname="com.nopcommerce.testCases.SearchCustomerByEmail_004" time="15.792"/>
  <testcase name="SearchVendorEmail" classname="com.nopcommerce.testCases.SearchVendorEmailByVendorRole_008" time="14.258"/>
  <testcase name="importExcelFile" classname="com.nopcommerce.testCases.ImportExcelFile_009" time="31.485"/>
  <testcase name="searchCustomerByName" classname="com.nopcommerce.testCases.SearchCustomerByName_005" time="14.164"/>
</testsuite>