<?xml version="1.0" encoding="UTF-8"?>
<testng-results skipped="0" failed="0" ignored="0" total="2" passed="2">
  <reporter-output>
  </reporter-output>
  <suite name="nopCommerce Suite" duration-ms="34762" started-at="2020-11-13T17:57:31 PST" finished-at="2020-11-13T17:58:05 PST">
    <groups>
    </groups>
    <test name="Chrome Test" duration-ms="34762" started-at="2020-11-13T17:57:31 PST" finished-at="2020-11-13T17:58:05 PST">
      <class name="com.nopcommerce.testCases.SearchCustomerByEmail_004">
        <test-method status="PASS" signature="setUp(java.lang.String)[pri:0, instance:com.nopcommerce.testCases.SearchCustomerByEmail_004@4961f6af]" name="setUp" is-config="true" duration-ms="7049" started-at="2020-11-13T17:57:31 PST" finished-at="2020-11-13T17:57:38 PST">
          <params>
            <param index="0">
              <value>
                <![CDATA[chrome]]>
              </value>
            </param>
          </params>
          <reporter-output>
          </reporter-output>
        </test-method> <!-- setUp -->
        <test-method status="PASS" signature="searchCustomerByEmailTest()[pri:0, instance:com.nopcommerce.testCases.SearchCustomerByEmail_004@4961f6af]" name="searchCustomerByEmailTest" duration-ms="11036" started-at="2020-11-13T17:57:38 PST" finished-at="2020-11-13T17:57:49 PST">
          <reporter-output>
          </reporter-output>
        </test-method> <!-- searchCustomerByEmailTest -->
        <test-method status="PASS" signature="tearDown()[pri:0, instance:com.nopcommerce.testCases.SearchCustomerByEmail_004@4961f6af]" name="tearDown" is-config="true" duration-ms="94" started-at="2020-11-13T17:57:49 PST" finished-at="2020-11-13T17:57:49 PST">
          <reporter-output>
          </reporter-output>
        </test-method> <!-- tearDown -->
      </class> <!-- com.nopcommerce.testCases.SearchCustomerByEmail_004 -->
      <class name="com.nopcommerce.testCases.SearchCustomerByName_005">
        <test-method status="PASS" signature="setUp(java.lang.String)[pri:0, instance:com.nopcommerce.testCases.SearchCustomerByName_005@5aebe890]" name="setUp" is-config="true" duration-ms="5474" started-at="2020-11-13T17:57:49 PST" finished-at="2020-11-13T17:57:54 PST">
          <params>
            <param index="0">
              <value>
                <![CDATA[chrome]]>
              </value>
            </param>
          </params>
          <reporter-output>
          </reporter-output>
        </test-method> <!-- setUp -->
        <test-method status="PASS" signature="searchCustomerByName()[pri:1, instance:com.nopcommerce.testCases.SearchCustomerByName_005@5aebe890]" name="searchCustomerByName" duration-ms="10871" started-at="2020-11-13T17:57:54 PST" finished-at="2020-11-13T17:58:05 PST">
          <reporter-output>
          </reporter-output>
        </test-method> <!-- searchCustomerByName -->
        <test-method status="PASS" signature="tearDown()[pri:0, instance:com.nopcommerce.testCases.SearchCustomerByName_005@5aebe890]" name="tearDown" is-config="true" duration-ms="103" started-at="2020-11-13T17:58:05 PST" finished-at="2020-11-13T17:58:05 PST">
          <reporter-output>
          </reporter-output>
        </test-method> <!-- tearDown -->
      </class> <!-- com.nopcommerce.testCases.SearchCustomerByName_005 -->
    </test> <!-- Chrome Test -->
  </suite> <!-- nopCommerce Suite -->
</testng-results>
