-------------------------------------------------------------------------------
Test set: TestSuite
-------------------------------------------------------------------------------
Tests run: 10, Failures: 1, Errors: 0, Skipped: 0, Time elapsed: 305.288 s <<< FAILURE! - in TestSuite
com.nopcommerce.testCases.ExportExcelFileOfNewCustomer_007.ExportExcelFile  Time elapsed: 20.832 s  <<< FAILURE!
java.lang.AssertionError: expected [true] but found [false]
	at com.nopcommerce.testCases.ExportExcelFileOfNewCustomer_007.ExportExcelFile(ExportExcelFileOfNewCustomer_007.java:46)

