<?xml version="1.0" encoding="UTF-8"?>
<testsuite xmlns:xsi="http://www.w3.org/2001/XMLSchema-instance" xsi:noNamespaceSchemaLocation="https://maven.apache.org/surefire/maven-surefire-plugin/xsd/surefire-test-report-3.0.xsd" version="3.0" name="TestSuite" time="173.75" tests="5" errors="0" skipped="0" failures="3">
  <properties>
[...]
</properties>
  <testcase name="loginTest" classname="com.nopcommerce.testCases.TC_LoginTest_001" time="11.179"/>
  <testcase name="verifyingLoginData" classname="com.nopcommerce.testCases.TC_LoginDataDrivenFromDataBase_011" time="14.259"/>
  <testcase name="verifyingLoginData" classname="com.nopcommerce.testCases.TC_LoginDataDrivenFromDataBase_011" time="37.151">
    <failure message="no such element: Unable to locate element: {&quot;method&quot;:&quot;xpath&quot;,&quot;selector&quot;:&quot;//li[@class=&apos;account-info&apos;]&quot;}&#10;  (Session info: chrome=81.0.4044.122)&#10;For documentation on this error, please visit: https://selenium.dev/exceptions/#no_such_element&#10;Build info: version: &apos;4.0.0-alpha-5&apos;, revision: &apos;b3a0d621cc&apos;&#10;System info: host: &apos;DESKTOP-E4SG70C&apos;, ip: &apos;192.168.56.1&apos;, os.name: &apos;Windows 10&apos;, os.arch: &apos;amd64&apos;, os.version: &apos;10.0&apos;, java.version: &apos;1.8.0_161&apos;&#10;Driver info: org.openqa.selenium.chrome.ChromeDriver&#10;Capabilities {acceptInsecureCerts: false, browserName: chrome, browserVersion: 81.0.4044.122, chrome: {chromedriverVersion: 81.0.4044.69 (6813546031a4b..., userDataDir: C:\Users\moumi\AppData\Loca...}, goog:chromeOptions: {debuggerAddress: localhost:49494}, javascriptEnabled: true, networkConnectionEnabled: false, pageLoadStrategy: normal, platform: WINDOWS, platformName: WINDOWS, proxy: Proxy(), setWindowRect: true, strictFileInteractability: false, timeouts: {implicit: 0, pageLoad: 300000, script: 30000}, unhandledPromptBehavior: dismiss and notify, webauthn:virtualAuthenticators: true}&#10;Session ID: 5a01bd60de82b47dc84e488ca446394d&#10;*** Element info: {Using=xpath, value=//li[@class=&apos;account-info&apos;]}" type="org.openqa.selenium.NoSuchElementException"><![CDATA[org.openqa.selenium.NoSuchElementException: 
no such element: Unable to locate element: {"method":"xpath","selector":"//li[@class='account-info']"}
  (Session info: chrome=81.0.4044.122)
For documentation on this error, please visit: https://selenium.dev/exceptions/#no_such_element
Build info: version: '4.0.0-alpha-5', revision: 'b3a0d621cc'
System info: host: 'DESKTOP-E4SG70C', ip: '192.168.56.1', os.name: 'Windows 10', os.arch: 'amd64', os.version: '10.0', java.version: '1.8.0_161'
Driver info: org.openqa.selenium.chrome.ChromeDriver
Capabilities {acceptInsecureCerts: false, browserName: chrome, browserVersion: 81.0.4044.122, chrome: {chromedriverVersion: 81.0.4044.69 (6813546031a4b..., userDataDir: C:\Users\moumi\AppData\Loca...}, goog:chromeOptions: {debuggerAddress: localhost:49494}, javascriptEnabled: true, networkConnectionEnabled: false, pageLoadStrategy: normal, platform: WINDOWS, platformName: WINDOWS, proxy: Proxy(), setWindowRect: true, strictFileInteractability: false, timeouts: {implicit: 0, pageLoad: 300000, script: 30000}, unhandledPromptBehavior: dismiss and notify, webauthn:virtualAuthenticators: true}
Session ID: 5a01bd60de82b47dc84e488ca446394d
*** Element info: {Using=xpath, value=//li[@class='account-info']}
	at com.nopcommerce.testCases.TC_LoginDataDrivenFromDataBase_011.verifyingLoginData(TC_LoginDataDrivenFromDataBase_011.java:65)
]]></failure>
    <system-out><![CDATA[[DEBUG] 2020-04-25 22:00:42.939 [Forwarding get on session 5a01bd60de82b47dc84e488ca446394d to remote] NettyRequestSender - Using pooled Channel '[id: 0x1bf8e4d9, L:/127.0.0.1:49493 - R:localhost/127.0.0.1:4737]' for 'POST' to 'http://localhost:4737/session/5a01bd60de82b47dc84e488ca446394d/url'
[DEBUG] 2020-04-25 22:00:42.939 [Forwarding get on session 5a01bd60de82b47dc84e488ca446394d to remote] NettyRequestSender - Using open Channel [id: 0x1bf8e4d9, L:/127.0.0.1:49493 - R:localhost/127.0.0.1:4737] for POST '/session/5a01bd60de82b47dc84e488ca446394d/url'
[DEBUG] 2020-04-25 22:00:43.161 [AsyncHttpClient-timer-1-1] DefaultChannelPool - Entry count for : http://localhost:8390 : 1
[DEBUG] 2020-04-25 22:00:43.161 [AsyncHttpClient-timer-1-1] DefaultChannelPool - Entry count for : http://localhost:49494 : 1
[DEBUG] 2020-04-25 22:00:43.454 [AsyncHttpClient-3-4] HttpHandler - 

Request DefaultHttpRequest(decodeResult: success, version: HTTP/1.1)
POST /session/5a01bd60de82b47dc84e488ca446394d/url HTTP/1.1
User-Agent: selenium/4.0.0-alpha-5 (java windows)
Content-Length: 70
Content-Type: application/json; charset=utf-8
host: localhost:4737
accept: */*

Response DefaultHttpResponse(decodeResult: success, version: HTTP/1.1)
HTTP/1.1 200 OK
Content-Length: 14
Content-Type: application/json; charset=utf-8
cache-control: no-cache

[DEBUG] 2020-04-25 22:00:43.455 [AsyncHttpClient-3-4] ChannelManager - Adding key: http://localhost:4737 for channel [id: 0x1bf8e4d9, L:/127.0.0.1:49493 - R:localhost/127.0.0.1:4737]
[DEBUG] 2020-04-25 22:00:43.459 [Forwarding findElement on session 5a01bd60de82b47dc84e488ca446394d to remote] NettyRequestSender - Using pooled Channel '[id: 0x1bf8e4d9, L:/127.0.0.1:49493 - R:localhost/127.0.0.1:4737]' for 'POST' to 'http://localhost:4737/session/5a01bd60de82b47dc84e488ca446394d/element'
[DEBUG] 2020-04-25 22:00:43.460 [Forwarding findElement on session 5a01bd60de82b47dc84e488ca446394d to remote] NettyRequestSender - Using open Channel [id: 0x1bf8e4d9, L:/127.0.0.1:49493 - R:localhost/127.0.0.1:4737] for POST '/session/5a01bd60de82b47dc84e488ca446394d/element'
[DEBUG] 2020-04-25 22:00:43.480 [AsyncHttpClient-3-4] HttpHandler - 

Request DefaultHttpRequest(decodeResult: success, version: HTTP/1.1)
POST /session/5a01bd60de82b47dc84e488ca446394d/element HTTP/1.1
User-Agent: selenium/4.0.0-alpha-5 (java windows)
Content-Length: 50
Content-Type: application/json; charset=utf-8
host: localhost:4737
accept: */*

Response DefaultHttpResponse(decodeResult: success, version: HTTP/1.1)
HTTP/1.1 200 OK
Content-Length: 88
Content-Type: application/json; charset=utf-8
cache-control: no-cache

[DEBUG] 2020-04-25 22:00:43.481 [AsyncHttpClient-3-4] ChannelManager - Adding key: http://localhost:4737 for channel [id: 0x1bf8e4d9, L:/127.0.0.1:49493 - R:localhost/127.0.0.1:4737]
[DEBUG] 2020-04-25 22:00:43.484 [Forwarding clearElement on session 5a01bd60de82b47dc84e488ca446394d to remote] NettyRequestSender - Using pooled Channel '[id: 0x1bf8e4d9, L:/127.0.0.1:49493 - R:localhost/127.0.0.1:4737]' for 'POST' to 'http://localhost:4737/session/5a01bd60de82b47dc84e488ca446394d/element/fb25ca78-a47e-4365-84c2-90c5781a25a2/clear'
[DEBUG] 2020-04-25 22:00:43.484 [Forwarding clearElement on session 5a01bd60de82b47dc84e488ca446394d to remote] NettyRequestSender - Using open Channel [id: 0x1bf8e4d9, L:/127.0.0.1:49493 - R:localhost/127.0.0.1:4737] for POST '/session/5a01bd60de82b47dc84e488ca446394d/element/fb25ca78-a47e-4365-84c2-90c5781a25a2/clear'
[DEBUG] 2020-04-25 22:00:43.610 [AsyncHttpClient-3-4] HttpHandler - 

Request DefaultHttpRequest(decodeResult: success, version: HTTP/1.1)
POST /session/5a01bd60de82b47dc84e488ca446394d/element/fb25ca78-a47e-4365-84c2-90c5781a25a2/clear HTTP/1.1
User-Agent: selenium/4.0.0-alpha-5 (java windows)
Content-Length: 50
Content-Type: application/json; charset=utf-8
host: localhost:4737
accept: */*

Response DefaultHttpResponse(decodeResult: success, version: HTTP/1.1)
HTTP/1.1 200 OK
Content-Length: 14
Content-Type: application/json; charset=utf-8
cache-control: no-cache

[DEBUG] 2020-04-25 22:00:43.610 [AsyncHttpClient-3-4] ChannelManager - Adding key: http://localhost:4737 for channel [id: 0x1bf8e4d9, L:/127.0.0.1:49493 - R:localhost/127.0.0.1:4737]
[DEBUG] 2020-04-25 22:00:43.616 [Forwarding sendKeysToElement on session 5a01bd60de82b47dc84e488ca446394d to remote] NettyRequestSender - Using pooled Channel '[id: 0x1bf8e4d9, L:/127.0.0.1:49493 - R:localhost/127.0.0.1:4737]' for 'POST' to 'http://localhost:4737/session/5a01bd60de82b47dc84e488ca446394d/element/fb25ca78-a47e-4365-84c2-90c5781a25a2/value'
[DEBUG] 2020-04-25 22:00:43.617 [Forwarding sendKeysToElement on session 5a01bd60de82b47dc84e488ca446394d to remote] NettyRequestSender - Using open Channel [id: 0x1bf8e4d9, L:/127.0.0.1:49493 - R:localhost/127.0.0.1:4737] for POST '/session/5a01bd60de82b47dc84e488ca446394d/element/fb25ca78-a47e-4365-84c2-90c5781a25a2/value'
[DEBUG] 2020-04-25 22:00:43.948 [AsyncHttpClient-3-4] HttpHandler - 

Request DefaultHttpRequest(decodeResult: success, version: HTTP/1.1)
POST /session/5a01bd60de82b47dc84e488ca446394d/element/fb25ca78-a47e-4365-84c2-90c5781a25a2/value HTTP/1.1
User-Agent: selenium/4.0.0-alpha-5 (java windows)
Content-Length: 271
Content-Type: application/json; charset=utf-8
host: localhost:4737
accept: */*

Response DefaultHttpResponse(decodeResult: success, version: HTTP/1.1)
HTTP/1.1 200 OK
Content-Length: 14
Content-Type: application/json; charset=utf-8
cache-control: no-cache

[DEBUG] 2020-04-25 22:00:43.949 [AsyncHttpClient-3-4] ChannelManager - Adding key: http://localhost:4737 for channel [id: 0x1bf8e4d9, L:/127.0.0.1:49493 - R:localhost/127.0.0.1:4737]
[DEBUG] 2020-04-25 22:00:43.953 [Forwarding findElement on session 5a01bd60de82b47dc84e488ca446394d to remote] NettyRequestSender - Using pooled Channel '[id: 0x1bf8e4d9, L:/127.0.0.1:49493 - R:localhost/127.0.0.1:4737]' for 'POST' to 'http://localhost:4737/session/5a01bd60de82b47dc84e488ca446394d/element'
[DEBUG] 2020-04-25 22:00:43.953 [Forwarding findElement on session 5a01bd60de82b47dc84e488ca446394d to remote] NettyRequestSender - Using open Channel [id: 0x1bf8e4d9, L:/127.0.0.1:49493 - R:localhost/127.0.0.1:4737] for POST '/session/5a01bd60de82b47dc84e488ca446394d/element'
[DEBUG] 2020-04-25 22:00:43.969 [AsyncHttpClient-3-4] HttpHandler - 

Request DefaultHttpRequest(decodeResult: success, version: HTTP/1.1)
POST /session/5a01bd60de82b47dc84e488ca446394d/element HTTP/1.1
User-Agent: selenium/4.0.0-alpha-5 (java windows)
Content-Length: 53
Content-Type: application/json; charset=utf-8
host: localhost:4737
accept: */*

Response DefaultHttpResponse(decodeResult: success, version: HTTP/1.1)
HTTP/1.1 200 OK
Content-Length: 88
Content-Type: application/json; charset=utf-8
cache-control: no-cache

[DEBUG] 2020-04-25 22:00:43.970 [AsyncHttpClient-3-4] ChannelManager - Adding key: http://localhost:4737 for channel [id: 0x1bf8e4d9, L:/127.0.0.1:49493 - R:localhost/127.0.0.1:4737]
[DEBUG] 2020-04-25 22:00:43.973 [Forwarding clearElement on session 5a01bd60de82b47dc84e488ca446394d to remote] NettyRequestSender - Using pooled Channel '[id: 0x1bf8e4d9, L:/127.0.0.1:49493 - R:localhost/127.0.0.1:4737]' for 'POST' to 'http://localhost:4737/session/5a01bd60de82b47dc84e488ca446394d/element/b3e9e902-998c-444b-8d4e-c9c2e17709f8/clear'
[DEBUG] 2020-04-25 22:00:43.973 [Forwarding clearElement on session 5a01bd60de82b47dc84e488ca446394d to remote] NettyRequestSender - Using open Channel [id: 0x1bf8e4d9, L:/127.0.0.1:49493 - R:localhost/127.0.0.1:4737] for POST '/session/5a01bd60de82b47dc84e488ca446394d/element/b3e9e902-998c-444b-8d4e-c9c2e17709f8/clear'
[DEBUG] 2020-04-25 22:00:44.091 [AsyncHttpClient-3-4] HttpHandler - 

Request DefaultHttpRequest(decodeResult: success, version: HTTP/1.1)
POST /session/5a01bd60de82b47dc84e488ca446394d/element/b3e9e902-998c-444b-8d4e-c9c2e17709f8/clear HTTP/1.1
User-Agent: selenium/4.0.0-alpha-5 (java windows)
Content-Length: 50
Content-Type: application/json; charset=utf-8
host: localhost:4737
accept: */*

Response DefaultHttpResponse(decodeResult: success, version: HTTP/1.1)
HTTP/1.1 200 OK
Content-Length: 14
Content-Type: application/json; charset=utf-8
cache-control: no-cache

[DEBUG] 2020-04-25 22:00:44.091 [AsyncHttpClient-3-4] ChannelManager - Adding key: http://localhost:4737 for channel [id: 0x1bf8e4d9, L:/127.0.0.1:49493 - R:localhost/127.0.0.1:4737]
[DEBUG] 2020-04-25 22:00:44.095 [Forwarding sendKeysToElement on session 5a01bd60de82b47dc84e488ca446394d to remote] NettyRequestSender - Using pooled Channel '[id: 0x1bf8e4d9, L:/127.0.0.1:49493 - R:localhost/127.0.0.1:4737]' for 'POST' to 'http://localhost:4737/session/5a01bd60de82b47dc84e488ca446394d/element/b3e9e902-998c-444b-8d4e-c9c2e17709f8/value'
[DEBUG] 2020-04-25 22:00:44.095 [Forwarding sendKeysToElement on session 5a01bd60de82b47dc84e488ca446394d to remote] NettyRequestSender - Using open Channel [id: 0x1bf8e4d9, L:/127.0.0.1:49493 - R:localhost/127.0.0.1:4737] for POST '/session/5a01bd60de82b47dc84e488ca446394d/element/b3e9e902-998c-444b-8d4e-c9c2e17709f8/value'
[DEBUG] 2020-04-25 22:00:44.261 [AsyncHttpClient-timer-1-1] DefaultChannelPool - Entry count for : http://localhost:8390 : 1
[DEBUG] 2020-04-25 22:00:44.261 [AsyncHttpClient-timer-1-1] DefaultChannelPool - Entry count for : http://localhost:49494 : 1
[DEBUG] 2020-04-25 22:00:44.302 [AsyncHttpClient-3-4] HttpHandler - 

Request DefaultHttpRequest(decodeResult: success, version: HTTP/1.1)
POST /session/5a01bd60de82b47dc84e488ca446394d/element/b3e9e902-998c-444b-8d4e-c9c2e17709f8/value HTTP/1.1
User-Agent: selenium/4.0.0-alpha-5 (java windows)
Content-Length: 111
Content-Type: application/json; charset=utf-8
host: localhost:4737
accept: */*

Response DefaultHttpResponse(decodeResult: success, version: HTTP/1.1)
HTTP/1.1 200 OK
Content-Length: 14
Content-Type: application/json; charset=utf-8
cache-control: no-cache

[DEBUG] 2020-04-25 22:00:44.303 [AsyncHttpClient-3-4] ChannelManager - Adding key: http://localhost:4737 for channel [id: 0x1bf8e4d9, L:/127.0.0.1:49493 - R:localhost/127.0.0.1:4737]
[DEBUG] 2020-04-25 22:00:44.306 [Forwarding findElement on session 5a01bd60de82b47dc84e488ca446394d to remote] NettyRequestSender - Using pooled Channel '[id: 0x1bf8e4d9, L:/127.0.0.1:49493 - R:localhost/127.0.0.1:4737]' for 'POST' to 'http://localhost:4737/session/5a01bd60de82b47dc84e488ca446394d/element'
[DEBUG] 2020-04-25 22:00:44.306 [Forwarding findElement on session 5a01bd60de82b47dc84e488ca446394d to remote] NettyRequestSender - Using open Channel [id: 0x1bf8e4d9, L:/127.0.0.1:49493 - R:localhost/127.0.0.1:4737] for POST '/session/5a01bd60de82b47dc84e488ca446394d/element'
[DEBUG] 2020-04-25 22:00:44.330 [AsyncHttpClient-3-4] HttpHandler - 

Request DefaultHttpRequest(decodeResult: success, version: HTTP/1.1)
POST /session/5a01bd60de82b47dc84e488ca446394d/element HTTP/1.1
User-Agent: selenium/4.0.0-alpha-5 (java windows)
Content-Length: 86
Content-Type: application/json; charset=utf-8
host: localhost:4737
accept: */*

Response DefaultHttpResponse(decodeResult: success, version: HTTP/1.1)
HTTP/1.1 200 OK
Content-Length: 88
Content-Type: application/json; charset=utf-8
cache-control: no-cache

[DEBUG] 2020-04-25 22:00:44.330 [AsyncHttpClient-3-4] ChannelManager - Adding key: http://localhost:4737 for channel [id: 0x1bf8e4d9, L:/127.0.0.1:49493 - R:localhost/127.0.0.1:4737]
[DEBUG] 2020-04-25 22:00:44.334 [Forwarding clickElement on session 5a01bd60de82b47dc84e488ca446394d to remote] NettyRequestSender - Using pooled Channel '[id: 0x1bf8e4d9, L:/127.0.0.1:49493 - R:localhost/127.0.0.1:4737]' for 'POST' to 'http://localhost:4737/session/5a01bd60de82b47dc84e488ca446394d/element/9d05bd90-7350-436a-b55a-eae7b7dae8fc/click'
[DEBUG] 2020-04-25 22:00:44.335 [Forwarding clickElement on session 5a01bd60de82b47dc84e488ca446394d to remote] NettyRequestSender - Using open Channel [id: 0x1bf8e4d9, L:/127.0.0.1:49493 - R:localhost/127.0.0.1:4737] for POST '/session/5a01bd60de82b47dc84e488ca446394d/element/9d05bd90-7350-436a-b55a-eae7b7dae8fc/click'
[DEBUG] 2020-04-25 22:00:45.103 [AsyncHttpClient-3-4] HttpHandler - 

Request DefaultHttpRequest(decodeResult: success, version: HTTP/1.1)
POST /session/5a01bd60de82b47dc84e488ca446394d/element/9d05bd90-7350-436a-b55a-eae7b7dae8fc/click HTTP/1.1
User-Agent: selenium/4.0.0-alpha-5 (java windows)
Content-Length: 50
Content-Type: application/json; charset=utf-8
host: localhost:4737
accept: */*

Response DefaultHttpResponse(decodeResult: success, version: HTTP/1.1)
HTTP/1.1 200 OK
Content-Length: 14
Content-Type: application/json; charset=utf-8
cache-control: no-cache

[DEBUG] 2020-04-25 22:00:45.103 [AsyncHttpClient-3-4] ChannelManager - Adding key: http://localhost:4737 for channel [id: 0x1bf8e4d9, L:/127.0.0.1:49493 - R:localhost/127.0.0.1:4737]
[DEBUG] 2020-04-25 22:00:45.367 [AsyncHttpClient-timer-1-1] DefaultChannelPool - Entry count for : http://localhost:8390 : 1
[DEBUG] 2020-04-25 22:00:45.367 [AsyncHttpClient-timer-1-1] DefaultChannelPool - Entry count for : http://localhost:49494 : 1
[DEBUG] 2020-04-25 22:00:45.367 [AsyncHttpClient-timer-1-1] DefaultChannelPool - Entry count for : http://localhost:4737 : 1
[DEBUG] 2020-04-25 22:00:46.461 [AsyncHttpClient-timer-1-1] DefaultChannelPool - Entry count for : http://localhost:8390 : 1
[DEBUG] 2020-04-25 22:00:46.461 [AsyncHttpClient-timer-1-1] DefaultChannelPool - Entry count for : http://localhost:49494 : 1
[DEBUG] 2020-04-25 22:00:46.461 [AsyncHttpClient-timer-1-1] DefaultChannelPool - Entry count for : http://localhost:4737 : 1
[DEBUG] 2020-04-25 22:00:47.559 [AsyncHttpClient-timer-1-1] DefaultChannelPool - Entry count for : http://localhost:8390 : 1
[DEBUG] 2020-04-25 22:00:47.560 [AsyncHttpClient-timer-1-1] DefaultChannelPool - Entry count for : http://localhost:49494 : 1
[DEBUG] 2020-04-25 22:00:47.560 [AsyncHttpClient-timer-1-1] DefaultChannelPool - Entry count for : http://localhost:4737 : 1
[DEBUG] 2020-04-25 22:00:48.661 [AsyncHttpClient-timer-1-1] DefaultChannelPool - Entry count for : http://localhost:8390 : 1
[DEBUG] 2020-04-25 22:00:48.661 [AsyncHttpClient-timer-1-1] DefaultChannelPool - Entry count for : http://localhost:49494 : 1
[DEBUG] 2020-04-25 22:00:48.662 [AsyncHttpClient-timer-1-1] DefaultChannelPool - Entry count for : http://localhost:4737 : 1
[DEBUG] 2020-04-25 22:00:49.761 [AsyncHttpClient-timer-1-1] DefaultChannelPool - Entry count for : http://localhost:8390 : 1
[DEBUG] 2020-04-25 22:00:49.761 [AsyncHttpClient-timer-1-1] DefaultChannelPool - Entry count for : http://localhost:49494 : 1
[DEBUG] 2020-04-25 22:00:49.761 [AsyncHttpClient-timer-1-1] DefaultChannelPool - Entry count for : http://localhost:4737 : 1
[DEBUG] 2020-04-25 22:00:50.112 [Forwarding getTitle on session 5a01bd60de82b47dc84e488ca446394d to remote] NettyRequestSender - Using pooled Channel '[id: 0x1bf8e4d9, L:/127.0.0.1:49493 - R:localhost/127.0.0.1:4737]' for 'GET' to 'http://localhost:4737/session/5a01bd60de82b47dc84e488ca446394d/title'
[DEBUG] 2020-04-25 22:00:50.112 [Forwarding getTitle on session 5a01bd60de82b47dc84e488ca446394d to remote] NettyRequestSender - Using open Channel [id: 0x1bf8e4d9, L:/127.0.0.1:49493 - R:localhost/127.0.0.1:4737] for GET '/session/5a01bd60de82b47dc84e488ca446394d/title'
[DEBUG] 2020-04-25 22:00:50.128 [AsyncHttpClient-3-4] HttpHandler - 

Request DefaultFullHttpRequest(decodeResult: success, version: HTTP/1.1, content: EmptyByteBufBE)
GET /session/5a01bd60de82b47dc84e488ca446394d/title HTTP/1.1
User-Agent: selenium/4.0.0-alpha-5 (java windows)
Cache-Control: no-cache
host: localhost:4737
accept: */*

Response DefaultHttpResponse(decodeResult: success, version: HTTP/1.1)
HTTP/1.1 200 OK
Content-Length: 29
Content-Type: application/json; charset=utf-8
cache-control: no-cache

[DEBUG] 2020-04-25 22:00:50.128 [AsyncHttpClient-3-4] ChannelManager - Adding key: http://localhost:4737 for channel [id: 0x1bf8e4d9, L:/127.0.0.1:49493 - R:localhost/127.0.0.1:4737]
[INFO ] 2020-04-25 22:00:50.130 [TestNG-tests-1] TC_LoginDataDrivenFromDataBase_011 - ***************validation*********************
[INFO ] 2020-04-25 22:00:50.130 [TestNG-tests-1] TC_LoginDataDrivenFromDataBase_011 - ********************LoginTest is Passed*******************
[DEBUG] 2020-04-25 22:00:50.132 [Forwarding findElement on session 5a01bd60de82b47dc84e488ca446394d to remote] NettyRequestSender - Using pooled Channel '[id: 0x1bf8e4d9, L:/127.0.0.1:49493 - R:localhost/127.0.0.1:4737]' for 'POST' to 'http://localhost:4737/session/5a01bd60de82b47dc84e488ca446394d/element'
[DEBUG] 2020-04-25 22:00:50.132 [Forwarding findElement on session 5a01bd60de82b47dc84e488ca446394d to remote] NettyRequestSender - Using open Channel [id: 0x1bf8e4d9, L:/127.0.0.1:49493 - R:localhost/127.0.0.1:4737] for POST '/session/5a01bd60de82b47dc84e488ca446394d/element'
[DEBUG] 2020-04-25 22:00:50.860 [AsyncHttpClient-timer-1-1] DefaultChannelPool - Entry count for : http://localhost:8390 : 1
[DEBUG] 2020-04-25 22:00:50.860 [AsyncHttpClient-timer-1-1] DefaultChannelPool - Entry count for : http://localhost:49494 : 1
[DEBUG] 2020-04-25 22:00:51.960 [AsyncHttpClient-timer-1-1] DefaultChannelPool - Entry count for : http://localhost:8390 : 1
[DEBUG] 2020-04-25 22:00:51.960 [AsyncHttpClient-timer-1-1] DefaultChannelPool - Entry count for : http://localhost:49494 : 1
[DEBUG] 2020-04-25 22:00:53.060 [AsyncHttpClient-timer-1-1] DefaultChannelPool - Entry count for : http://localhost:8390 : 1
[DEBUG] 2020-04-25 22:00:53.060 [AsyncHttpClient-timer-1-1] DefaultChannelPool - Entry count for : http://localhost:49494 : 1
[DEBUG] 2020-04-25 22:00:54.160 [AsyncHttpClient-timer-1-1] DefaultChannelPool - Entry count for : http://localhost:8390 : 1
[DEBUG] 2020-04-25 22:00:54.160 [AsyncHttpClient-timer-1-1] DefaultChannelPool - Entry count for : http://localhost:49494 : 1
[DEBUG] 2020-04-25 22:00:55.261 [AsyncHttpClient-timer-1-1] DefaultChannelPool - Entry count for : http://localhost:8390 : 1
[DEBUG] 2020-04-25 22:00:55.261 [AsyncHttpClient-timer-1-1] DefaultChannelPool - Entry count for : http://localhost:49494 : 1
[DEBUG] 2020-04-25 22:00:56.360 [AsyncHttpClient-timer-1-1] DefaultChannelPool - Entry count for : http://localhost:8390 : 1
[DEBUG] 2020-04-25 22:00:56.360 [AsyncHttpClient-timer-1-1] DefaultChannelPool - Entry count for : http://localhost:49494 : 1
[DEBUG] 2020-04-25 22:00:57.468 [AsyncHttpClient-timer-1-1] DefaultChannelPool - Entry count for : http://localhost:8390 : 1
[DEBUG] 2020-04-25 22:00:57.468 [AsyncHttpClient-timer-1-1] DefaultChannelPool - Entry count for : http://localhost:49494 : 1
[DEBUG] 2020-04-25 22:00:58.560 [AsyncHttpClient-timer-1-1] DefaultChannelPool - Entry count for : http://localhost:8390 : 1
[DEBUG] 2020-04-25 22:00:58.560 [AsyncHttpClient-timer-1-1] DefaultChannelPool - Entry count for : http://localhost:49494 : 1
[DEBUG] 2020-04-25 22:00:59.660 [AsyncHttpClient-timer-1-1] DefaultChannelPool - Entry count for : http://localhost:8390 : 1
[DEBUG] 2020-04-25 22:00:59.660 [AsyncHttpClient-timer-1-1] DefaultChannelPool - Entry count for : http://localhost:49494 : 1
[DEBUG] 2020-04-25 22:01:00.761 [AsyncHttpClient-timer-1-1] DefaultChannelPool - Entry count for : http://localhost:8390 : 1
[DEBUG] 2020-04-25 22:01:00.761 [AsyncHttpClient-timer-1-1] DefaultChannelPool - Entry count for : http://localhost:49494 : 1
[DEBUG] 2020-04-25 22:01:01.862 [AsyncHttpClient-timer-1-1] DefaultChannelPool - Entry count for : http://localhost:8390 : 1
[DEBUG] 2020-04-25 22:01:01.862 [AsyncHttpClient-timer-1-1] DefaultChannelPool - Entry count for : http://localhost:49494 : 1
[DEBUG] 2020-04-25 22:01:02.961 [AsyncHttpClient-timer-1-1] DefaultChannelPool - Entry count for : http://localhost:8390 : 1
[DEBUG] 2020-04-25 22:01:02.961 [AsyncHttpClient-timer-1-1] DefaultChannelPool - Entry count for : http://localhost:49494 : 1
[DEBUG] 2020-04-25 22:01:04.060 [AsyncHttpClient-timer-1-1] DefaultChannelPool - Entry count for : http://localhost:8390 : 1
[DEBUG] 2020-04-25 22:01:04.060 [AsyncHttpClient-timer-1-1] DefaultChannelPool - Entry count for : http://localhost:49494 : 1
[DEBUG] 2020-04-25 22:01:05.160 [AsyncHttpClient-timer-1-1] DefaultChannelPool - Entry count for : http://localhost:8390 : 1
[DEBUG] 2020-04-25 22:01:05.160 [AsyncHttpClient-timer-1-1] DefaultChannelPool - Entry count for : http://localhost:49494 : 1
[DEBUG] 2020-04-25 22:01:06.260 [AsyncHttpClient-timer-1-1] DefaultChannelPool - Entry count for : http://localhost:8390 : 1
[DEBUG] 2020-04-25 22:01:06.261 [AsyncHttpClient-timer-1-1] DefaultChannelPool - Entry count for : http://localhost:49494 : 1
[DEBUG] 2020-04-25 22:01:07.363 [AsyncHttpClient-timer-1-1] DefaultChannelPool - Entry count for : http://localhost:8390 : 1
[DEBUG] 2020-04-25 22:01:07.363 [AsyncHttpClient-timer-1-1] DefaultChannelPool - Entry count for : http://localhost:49494 : 1
[DEBUG] 2020-04-25 22:01:08.461 [AsyncHttpClient-timer-1-1] DefaultChannelPool - Entry count for : http://localhost:8390 : 1
[DEBUG] 2020-04-25 22:01:08.461 [AsyncHttpClient-timer-1-1] DefaultChannelPool - Entry count for : http://localhost:49494 : 1
[DEBUG] 2020-04-25 22:01:09.561 [AsyncHttpClient-timer-1-1] DefaultChannelPool - Entry count for : http://localhost:8390 : 1
[DEBUG] 2020-04-25 22:01:09.561 [AsyncHttpClient-timer-1-1] DefaultChannelPool - Entry count for : http://localhost:49494 : 1
[DEBUG] 2020-04-25 22:01:10.672 [AsyncHttpClient-timer-1-1] DefaultChannelPool - Entry count for : http://localhost:8390 : 1
[DEBUG] 2020-04-25 22:01:10.672 [AsyncHttpClient-timer-1-1] DefaultChannelPool - Entry count for : http://localhost:49494 : 1
[DEBUG] 2020-04-25 22:01:11.761 [AsyncHttpClient-timer-1-1] DefaultChannelPool - Entry count for : http://localhost:8390 : 1
[DEBUG] 2020-04-25 22:01:11.762 [AsyncHttpClient-timer-1-1] DefaultChannelPool - Entry count for : http://localhost:49494 : 1
[DEBUG] 2020-04-25 22:01:12.869 [AsyncHttpClient-timer-1-1] DefaultChannelPool - Entry count for : http://localhost:8390 : 1
[DEBUG] 2020-04-25 22:01:12.870 [AsyncHttpClient-timer-1-1] DefaultChannelPool - Entry count for : http://localhost:49494 : 1
[DEBUG] 2020-04-25 22:01:13.960 [AsyncHttpClient-timer-1-1] DefaultChannelPool - Entry count for : http://localhost:8390 : 1
[DEBUG] 2020-04-25 22:01:13.960 [AsyncHttpClient-timer-1-1] DefaultChannelPool - Entry count for : http://localhost:49494 : 1
[DEBUG] 2020-04-25 22:01:15.060 [AsyncHttpClient-timer-1-1] DefaultChannelPool - Entry count for : http://localhost:8390 : 1
[DEBUG] 2020-04-25 22:01:15.060 [AsyncHttpClient-timer-1-1] DefaultChannelPool - Entry count for : http://localhost:49494 : 1
[DEBUG] 2020-04-25 22:01:16.160 [AsyncHttpClient-timer-1-1] DefaultChannelPool - Entry count for : http://localhost:8390 : 1
[DEBUG] 2020-04-25 22:01:16.160 [AsyncHttpClient-timer-1-1] DefaultChannelPool - Entry count for : http://localhost:49494 : 1
[DEBUG] 2020-04-25 22:01:17.261 [AsyncHttpClient-timer-1-1] DefaultChannelPool - Entry count for : http://localhost:8390 : 1
[DEBUG] 2020-04-25 22:01:17.261 [AsyncHttpClient-timer-1-1] DefaultChannelPool - Entry count for : http://localhost:49494 : 1
[DEBUG] 2020-04-25 22:01:18.361 [AsyncHttpClient-timer-1-1] DefaultChannelPool - Entry count for : http://localhost:8390 : 1
[DEBUG] 2020-04-25 22:01:18.361 [AsyncHttpClient-timer-1-1] DefaultChannelPool - Entry count for : http://localhost:49494 : 1
[DEBUG] 2020-04-25 22:01:18.361 [AsyncHttpClient-timer-1-1] DefaultChannelPool - Adding Candidate expired Channel [id: 0x4a531afe, L:/127.0.0.1:49463 - R:localhost/127.0.0.1:8390] isIdleTimeoutExpired=true isRemotelyClosed=false isTtlExpired=false
[DEBUG] 2020-04-25 22:01:18.361 [AsyncHttpClient-timer-1-1] DefaultChannelPool - Closing Idle Channel [id: 0x4a531afe, L:/127.0.0.1:49463 - R:localhost/127.0.0.1:8390]
[DEBUG] 2020-04-25 22:01:18.374 [AsyncHttpClient-timer-1-1] DefaultChannelPool - Closed 1 connections out of 2 in 13 ms
[DEBUG] 2020-04-25 22:01:18.374 [AsyncHttpClient-3-1] HttpHandler - Channel Closed: [id: 0x4a531afe, L:/127.0.0.1:49463 ! R:localhost/127.0.0.1:8390] with attribute DISCARD
[DEBUG] 2020-04-25 22:01:19.461 [AsyncHttpClient-timer-1-1] DefaultChannelPool - Entry count for : http://localhost:49494 : 1
[DEBUG] 2020-04-25 22:01:20.199 [AsyncHttpClient-3-4] HttpHandler - 

Request DefaultHttpRequest(decodeResult: success, version: HTTP/1.1)
POST /session/5a01bd60de82b47dc84e488ca446394d/element HTTP/1.1
User-Agent: selenium/4.0.0-alpha-5 (java windows)
Content-Length: 74
Content-Type: application/json; charset=utf-8
host: localhost:4737
accept: */*

Response DefaultHttpResponse(decodeResult: success, version: HTTP/1.1)
HTTP/1.1 404 Not Found
Content-Length: 1083
Content-Type: application/json; charset=utf-8
cache-control: no-cache

[DEBUG] 2020-04-25 22:01:20.200 [AsyncHttpClient-3-4] ChannelManager - Adding key: http://localhost:4737 for channel [id: 0x1bf8e4d9, L:/127.0.0.1:49493 - R:localhost/127.0.0.1:4737]
]]></system-out>
    <system-err><![CDATA[[1587870043.349][SEVERE]: Timed out receiving message from renderer: 0.100
[1587870045.060][SEVERE]: Timed out receiving message from renderer: 0.100
]]></system-err>
  </testcase>
  <testcase name="verifyingLoginData" classname="com.nopcommerce.testCases.TC_LoginDataDrivenFromDataBase_011" time="37.344">
    <failure message="no such element: Unable to locate element: {&quot;method&quot;:&quot;xpath&quot;,&quot;selector&quot;:&quot;//li[@class=&apos;account-info&apos;]&quot;}&#10;  (Session info: chrome=81.0.4044.122)&#10;For documentation on this error, please visit: https://selenium.dev/exceptions/#no_such_element&#10;Build info: version: &apos;4.0.0-alpha-5&apos;, revision: &apos;b3a0d621cc&apos;&#10;System info: host: &apos;DESKTOP-E4SG70C&apos;, ip: &apos;192.168.56.1&apos;, os.name: &apos;Windows 10&apos;, os.arch: &apos;amd64&apos;, os.version: &apos;10.0&apos;, java.version: &apos;1.8.0_161&apos;&#10;Driver info: org.openqa.selenium.chrome.ChromeDriver&#10;Capabilities {acceptInsecureCerts: false, browserName: chrome, browserVersion: 81.0.4044.122, chrome: {chromedriverVersion: 81.0.4044.69 (6813546031a4b..., userDataDir: C:\Users\moumi\AppData\Loca...}, goog:chromeOptions: {debuggerAddress: localhost:49494}, javascriptEnabled: true, networkConnectionEnabled: false, pageLoadStrategy: normal, platform: WINDOWS, platformName: WINDOWS, proxy: Proxy(), setWindowRect: true, strictFileInteractability: false, timeouts: {implicit: 0, pageLoad: 300000, script: 30000}, unhandledPromptBehavior: dismiss and notify, webauthn:virtualAuthenticators: true}&#10;Session ID: 5a01bd60de82b47dc84e488ca446394d&#10;*** Element info: {Using=xpath, value=//li[@class=&apos;account-info&apos;]}" type="org.openqa.selenium.NoSuchElementException"><![CDATA[org.openqa.selenium.NoSuchElementException: 
no such element: Unable to locate element: {"method":"xpath","selector":"//li[@class='account-info']"}
  (Session info: chrome=81.0.4044.122)
For documentation on this error, please visit: https://selenium.dev/exceptions/#no_such_element
Build info: version: '4.0.0-alpha-5', revision: 'b3a0d621cc'
System info: host: 'DESKTOP-E4SG70C', ip: '192.168.56.1', os.name: 'Windows 10', os.arch: 'amd64', os.version: '10.0', java.version: '1.8.0_161'
Driver info: org.openqa.selenium.chrome.ChromeDriver
Capabilities {acceptInsecureCerts: false, browserName: chrome, browserVersion: 81.0.4044.122, chrome: {chromedriverVersion: 81.0.4044.69 (6813546031a4b..., userDataDir: C:\Users\moumi\AppData\Loca...}, goog:chromeOptions: {debuggerAddress: localhost:49494}, javascriptEnabled: true, networkConnectionEnabled: false, pageLoadStrategy: normal, platform: WINDOWS, platformName: WINDOWS, proxy: Proxy(), setWindowRect: true, strictFileInteractability: false, timeouts: {implicit: 0, pageLoad: 300000, script: 30000}, unhandledPromptBehavior: dismiss and notify, webauthn:virtualAuthenticators: true}
Session ID: 5a01bd60de82b47dc84e488ca446394d
*** Element info: {Using=xpath, value=//li[@class='account-info']}
	at com.nopcommerce.testCases.TC_LoginDataDrivenFromDataBase_011.verifyingLoginData(TC_LoginDataDrivenFromDataBase_011.java:65)
]]></failure>
    <system-out><![CDATA[[DEBUG] 2020-04-25 22:01:20.263 [Forwarding get on session 5a01bd60de82b47dc84e488ca446394d to remote] NettyRequestSender - Using pooled Channel '[id: 0x1bf8e4d9, L:/127.0.0.1:49493 - R:localhost/127.0.0.1:4737]' for 'POST' to 'http://localhost:4737/session/5a01bd60de82b47dc84e488ca446394d/url'
[DEBUG] 2020-04-25 22:01:20.264 [Forwarding get on session 5a01bd60de82b47dc84e488ca446394d to remote] NettyRequestSender - Using open Channel [id: 0x1bf8e4d9, L:/127.0.0.1:49493 - R:localhost/127.0.0.1:4737] for POST '/session/5a01bd60de82b47dc84e488ca446394d/url'
[DEBUG] 2020-04-25 22:01:20.561 [AsyncHttpClient-timer-1-1] DefaultChannelPool - Entry count for : http://localhost:49494 : 1
[DEBUG] 2020-04-25 22:01:21.078 [AsyncHttpClient-3-4] HttpHandler - 

Request DefaultHttpRequest(decodeResult: success, version: HTTP/1.1)
POST /session/5a01bd60de82b47dc84e488ca446394d/url HTTP/1.1
User-Agent: selenium/4.0.0-alpha-5 (java windows)
Content-Length: 70
Content-Type: application/json; charset=utf-8
host: localhost:4737
accept: */*

Response DefaultHttpResponse(decodeResult: success, version: HTTP/1.1)
HTTP/1.1 200 OK
Content-Length: 14
Content-Type: application/json; charset=utf-8
cache-control: no-cache

[DEBUG] 2020-04-25 22:01:21.080 [AsyncHttpClient-3-4] ChannelManager - Adding key: http://localhost:4737 for channel [id: 0x1bf8e4d9, L:/127.0.0.1:49493 - R:localhost/127.0.0.1:4737]
[DEBUG] 2020-04-25 22:01:21.088 [Forwarding findElement on session 5a01bd60de82b47dc84e488ca446394d to remote] NettyRequestSender - Using pooled Channel '[id: 0x1bf8e4d9, L:/127.0.0.1:49493 - R:localhost/127.0.0.1:4737]' for 'POST' to 'http://localhost:4737/session/5a01bd60de82b47dc84e488ca446394d/element'
[DEBUG] 2020-04-25 22:01:21.088 [Forwarding findElement on session 5a01bd60de82b47dc84e488ca446394d to remote] NettyRequestSender - Using open Channel [id: 0x1bf8e4d9, L:/127.0.0.1:49493 - R:localhost/127.0.0.1:4737] for POST '/session/5a01bd60de82b47dc84e488ca446394d/element'
[DEBUG] 2020-04-25 22:01:21.157 [AsyncHttpClient-3-4] HttpHandler - 

Request DefaultHttpRequest(decodeResult: success, version: HTTP/1.1)
POST /session/5a01bd60de82b47dc84e488ca446394d/element HTTP/1.1
User-Agent: selenium/4.0.0-alpha-5 (java windows)
Content-Length: 50
Content-Type: application/json; charset=utf-8
host: localhost:4737
accept: */*

Response DefaultHttpResponse(decodeResult: success, version: HTTP/1.1)
HTTP/1.1 200 OK
Content-Length: 88
Content-Type: application/json; charset=utf-8
cache-control: no-cache

[DEBUG] 2020-04-25 22:01:21.158 [AsyncHttpClient-3-4] ChannelManager - Adding key: http://localhost:4737 for channel [id: 0x1bf8e4d9, L:/127.0.0.1:49493 - R:localhost/127.0.0.1:4737]
[DEBUG] 2020-04-25 22:01:21.160 [Forwarding clearElement on session 5a01bd60de82b47dc84e488ca446394d to remote] NettyRequestSender - Using pooled Channel '[id: 0x1bf8e4d9, L:/127.0.0.1:49493 - R:localhost/127.0.0.1:4737]' for 'POST' to 'http://localhost:4737/session/5a01bd60de82b47dc84e488ca446394d/element/6bc318d8-08dc-4931-bdf9-98037d64f566/clear'
[DEBUG] 2020-04-25 22:01:21.161 [Forwarding clearElement on session 5a01bd60de82b47dc84e488ca446394d to remote] NettyRequestSender - Using open Channel [id: 0x1bf8e4d9, L:/127.0.0.1:49493 - R:localhost/127.0.0.1:4737] for POST '/session/5a01bd60de82b47dc84e488ca446394d/element/6bc318d8-08dc-4931-bdf9-98037d64f566/clear'
[DEBUG] 2020-04-25 22:01:21.259 [AsyncHttpClient-3-4] HttpHandler - 

Request DefaultHttpRequest(decodeResult: success, version: HTTP/1.1)
POST /session/5a01bd60de82b47dc84e488ca446394d/element/6bc318d8-08dc-4931-bdf9-98037d64f566/clear HTTP/1.1
User-Agent: selenium/4.0.0-alpha-5 (java windows)
Content-Length: 50
Content-Type: application/json; charset=utf-8
host: localhost:4737
accept: */*

Response DefaultHttpResponse(decodeResult: success, version: HTTP/1.1)
HTTP/1.1 200 OK
Content-Length: 14
Content-Type: application/json; charset=utf-8
cache-control: no-cache

[DEBUG] 2020-04-25 22:01:21.259 [AsyncHttpClient-3-4] ChannelManager - Adding key: http://localhost:4737 for channel [id: 0x1bf8e4d9, L:/127.0.0.1:49493 - R:localhost/127.0.0.1:4737]
[DEBUG] 2020-04-25 22:01:21.263 [Forwarding sendKeysToElement on session 5a01bd60de82b47dc84e488ca446394d to remote] NettyRequestSender - Using pooled Channel '[id: 0x1bf8e4d9, L:/127.0.0.1:49493 - R:localhost/127.0.0.1:4737]' for 'POST' to 'http://localhost:4737/session/5a01bd60de82b47dc84e488ca446394d/element/6bc318d8-08dc-4931-bdf9-98037d64f566/value'
[DEBUG] 2020-04-25 22:01:21.263 [Forwarding sendKeysToElement on session 5a01bd60de82b47dc84e488ca446394d to remote] NettyRequestSender - Using open Channel [id: 0x1bf8e4d9, L:/127.0.0.1:49493 - R:localhost/127.0.0.1:4737] for POST '/session/5a01bd60de82b47dc84e488ca446394d/element/6bc318d8-08dc-4931-bdf9-98037d64f566/value'
[DEBUG] 2020-04-25 22:01:21.608 [AsyncHttpClient-3-4] HttpHandler - 

Request DefaultHttpRequest(decodeResult: success, version: HTTP/1.1)
POST /session/5a01bd60de82b47dc84e488ca446394d/element/6bc318d8-08dc-4931-bdf9-98037d64f566/value HTTP/1.1
User-Agent: selenium/4.0.0-alpha-5 (java windows)
Content-Length: 251
Content-Type: application/json; charset=utf-8
host: localhost:4737
accept: */*

Response DefaultHttpResponse(decodeResult: success, version: HTTP/1.1)
HTTP/1.1 200 OK
Content-Length: 14
Content-Type: application/json; charset=utf-8
cache-control: no-cache

[DEBUG] 2020-04-25 22:01:21.608 [AsyncHttpClient-3-4] ChannelManager - Adding key: http://localhost:4737 for channel [id: 0x1bf8e4d9, L:/127.0.0.1:49493 - R:localhost/127.0.0.1:4737]
[DEBUG] 2020-04-25 22:01:21.611 [Forwarding findElement on session 5a01bd60de82b47dc84e488ca446394d to remote] NettyRequestSender - Using pooled Channel '[id: 0x1bf8e4d9, L:/127.0.0.1:49493 - R:localhost/127.0.0.1:4737]' for 'POST' to 'http://localhost:4737/session/5a01bd60de82b47dc84e488ca446394d/element'
[DEBUG] 2020-04-25 22:01:21.611 [Forwarding findElement on session 5a01bd60de82b47dc84e488ca446394d to remote] NettyRequestSender - Using open Channel [id: 0x1bf8e4d9, L:/127.0.0.1:49493 - R:localhost/127.0.0.1:4737] for POST '/session/5a01bd60de82b47dc84e488ca446394d/element'
[DEBUG] 2020-04-25 22:01:21.642 [AsyncHttpClient-3-4] HttpHandler - 

Request DefaultHttpRequest(decodeResult: success, version: HTTP/1.1)
POST /session/5a01bd60de82b47dc84e488ca446394d/element HTTP/1.1
User-Agent: selenium/4.0.0-alpha-5 (java windows)
Content-Length: 53
Content-Type: application/json; charset=utf-8
host: localhost:4737
accept: */*

Response DefaultHttpResponse(decodeResult: success, version: HTTP/1.1)
HTTP/1.1 200 OK
Content-Length: 88
Content-Type: application/json; charset=utf-8
cache-control: no-cache

[DEBUG] 2020-04-25 22:01:21.643 [AsyncHttpClient-3-4] ChannelManager - Adding key: http://localhost:4737 for channel [id: 0x1bf8e4d9, L:/127.0.0.1:49493 - R:localhost/127.0.0.1:4737]
[DEBUG] 2020-04-25 22:01:21.646 [Forwarding clearElement on session 5a01bd60de82b47dc84e488ca446394d to remote] NettyRequestSender - Using pooled Channel '[id: 0x1bf8e4d9, L:/127.0.0.1:49493 - R:localhost/127.0.0.1:4737]' for 'POST' to 'http://localhost:4737/session/5a01bd60de82b47dc84e488ca446394d/element/a54b3099-8e6c-4f46-bebf-4d7b15b364ab/clear'
[DEBUG] 2020-04-25 22:01:21.646 [Forwarding clearElement on session 5a01bd60de82b47dc84e488ca446394d to remote] NettyRequestSender - Using open Channel [id: 0x1bf8e4d9, L:/127.0.0.1:49493 - R:localhost/127.0.0.1:4737] for POST '/session/5a01bd60de82b47dc84e488ca446394d/element/a54b3099-8e6c-4f46-bebf-4d7b15b364ab/clear'
[DEBUG] 2020-04-25 22:01:21.661 [AsyncHttpClient-timer-1-1] DefaultChannelPool - Entry count for : http://localhost:49494 : 1
[DEBUG] 2020-04-25 22:01:21.746 [AsyncHttpClient-3-4] HttpHandler - 

Request DefaultHttpRequest(decodeResult: success, version: HTTP/1.1)
POST /session/5a01bd60de82b47dc84e488ca446394d/element/a54b3099-8e6c-4f46-bebf-4d7b15b364ab/clear HTTP/1.1
User-Agent: selenium/4.0.0-alpha-5 (java windows)
Content-Length: 50
Content-Type: application/json; charset=utf-8
host: localhost:4737
accept: */*

Response DefaultHttpResponse(decodeResult: success, version: HTTP/1.1)
HTTP/1.1 200 OK
Content-Length: 14
Content-Type: application/json; charset=utf-8
cache-control: no-cache

[DEBUG] 2020-04-25 22:01:21.746 [AsyncHttpClient-3-4] ChannelManager - Adding key: http://localhost:4737 for channel [id: 0x1bf8e4d9, L:/127.0.0.1:49493 - R:localhost/127.0.0.1:4737]
[DEBUG] 2020-04-25 22:01:21.751 [Forwarding sendKeysToElement on session 5a01bd60de82b47dc84e488ca446394d to remote] NettyRequestSender - Using pooled Channel '[id: 0x1bf8e4d9, L:/127.0.0.1:49493 - R:localhost/127.0.0.1:4737]' for 'POST' to 'http://localhost:4737/session/5a01bd60de82b47dc84e488ca446394d/element/a54b3099-8e6c-4f46-bebf-4d7b15b364ab/value'
[DEBUG] 2020-04-25 22:01:21.751 [Forwarding sendKeysToElement on session 5a01bd60de82b47dc84e488ca446394d to remote] NettyRequestSender - Using open Channel [id: 0x1bf8e4d9, L:/127.0.0.1:49493 - R:localhost/127.0.0.1:4737] for POST '/session/5a01bd60de82b47dc84e488ca446394d/element/a54b3099-8e6c-4f46-bebf-4d7b15b364ab/value'
[DEBUG] 2020-04-25 22:01:21.909 [AsyncHttpClient-3-4] HttpHandler - 

Request DefaultHttpRequest(decodeResult: success, version: HTTP/1.1)
POST /session/5a01bd60de82b47dc84e488ca446394d/element/a54b3099-8e6c-4f46-bebf-4d7b15b364ab/value HTTP/1.1
User-Agent: selenium/4.0.0-alpha-5 (java windows)
Content-Length: 131
Content-Type: application/json; charset=utf-8
host: localhost:4737
accept: */*

Response DefaultHttpResponse(decodeResult: success, version: HTTP/1.1)
HTTP/1.1 200 OK
Content-Length: 14
Content-Type: application/json; charset=utf-8
cache-control: no-cache

[DEBUG] 2020-04-25 22:01:21.909 [AsyncHttpClient-3-4] ChannelManager - Adding key: http://localhost:4737 for channel [id: 0x1bf8e4d9, L:/127.0.0.1:49493 - R:localhost/127.0.0.1:4737]
[DEBUG] 2020-04-25 22:01:21.912 [Forwarding findElement on session 5a01bd60de82b47dc84e488ca446394d to remote] NettyRequestSender - Using pooled Channel '[id: 0x1bf8e4d9, L:/127.0.0.1:49493 - R:localhost/127.0.0.1:4737]' for 'POST' to 'http://localhost:4737/session/5a01bd60de82b47dc84e488ca446394d/element'
[DEBUG] 2020-04-25 22:01:21.913 [Forwarding findElement on session 5a01bd60de82b47dc84e488ca446394d to remote] NettyRequestSender - Using open Channel [id: 0x1bf8e4d9, L:/127.0.0.1:49493 - R:localhost/127.0.0.1:4737] for POST '/session/5a01bd60de82b47dc84e488ca446394d/element'
[DEBUG] 2020-04-25 22:01:21.950 [AsyncHttpClient-3-4] HttpHandler - 

Request DefaultHttpRequest(decodeResult: success, version: HTTP/1.1)
POST /session/5a01bd60de82b47dc84e488ca446394d/element HTTP/1.1
User-Agent: selenium/4.0.0-alpha-5 (java windows)
Content-Length: 86
Content-Type: application/json; charset=utf-8
host: localhost:4737
accept: */*

Response DefaultHttpResponse(decodeResult: success, version: HTTP/1.1)
HTTP/1.1 200 OK
Content-Length: 88
Content-Type: application/json; charset=utf-8
cache-control: no-cache

[DEBUG] 2020-04-25 22:01:21.951 [AsyncHttpClient-3-4] ChannelManager - Adding key: http://localhost:4737 for channel [id: 0x1bf8e4d9, L:/127.0.0.1:49493 - R:localhost/127.0.0.1:4737]
[DEBUG] 2020-04-25 22:01:21.955 [Forwarding clickElement on session 5a01bd60de82b47dc84e488ca446394d to remote] NettyRequestSender - Using pooled Channel '[id: 0x1bf8e4d9, L:/127.0.0.1:49493 - R:localhost/127.0.0.1:4737]' for 'POST' to 'http://localhost:4737/session/5a01bd60de82b47dc84e488ca446394d/element/384b468a-3554-41a4-9edf-b25d23b0e83d/click'
[DEBUG] 2020-04-25 22:01:21.955 [Forwarding clickElement on session 5a01bd60de82b47dc84e488ca446394d to remote] NettyRequestSender - Using open Channel [id: 0x1bf8e4d9, L:/127.0.0.1:49493 - R:localhost/127.0.0.1:4737] for POST '/session/5a01bd60de82b47dc84e488ca446394d/element/384b468a-3554-41a4-9edf-b25d23b0e83d/click'
[DEBUG] 2020-04-25 22:01:22.479 [AsyncHttpClient-3-4] HttpHandler - 

Request DefaultHttpRequest(decodeResult: success, version: HTTP/1.1)
POST /session/5a01bd60de82b47dc84e488ca446394d/element/384b468a-3554-41a4-9edf-b25d23b0e83d/click HTTP/1.1
User-Agent: selenium/4.0.0-alpha-5 (java windows)
Content-Length: 50
Content-Type: application/json; charset=utf-8
host: localhost:4737
accept: */*

Response DefaultHttpResponse(decodeResult: success, version: HTTP/1.1)
HTTP/1.1 200 OK
Content-Length: 14
Content-Type: application/json; charset=utf-8
cache-control: no-cache

[DEBUG] 2020-04-25 22:01:22.479 [AsyncHttpClient-3-4] ChannelManager - Adding key: http://localhost:4737 for channel [id: 0x1bf8e4d9, L:/127.0.0.1:49493 - R:localhost/127.0.0.1:4737]
[DEBUG] 2020-04-25 22:01:22.760 [AsyncHttpClient-timer-1-1] DefaultChannelPool - Entry count for : http://localhost:49494 : 1
[DEBUG] 2020-04-25 22:01:22.760 [AsyncHttpClient-timer-1-1] DefaultChannelPool - Entry count for : http://localhost:4737 : 1
[DEBUG] 2020-04-25 22:01:23.861 [AsyncHttpClient-timer-1-1] DefaultChannelPool - Entry count for : http://localhost:49494 : 1
[DEBUG] 2020-04-25 22:01:23.862 [AsyncHttpClient-timer-1-1] DefaultChannelPool - Entry count for : http://localhost:4737 : 1
[DEBUG] 2020-04-25 22:01:23.862 [AsyncHttpClient-timer-1-1] DefaultChannelPool - Adding Candidate expired Channel [id: 0x9d0a50fb, L:/127.0.0.1:49506 - R:localhost/127.0.0.1:49494] isIdleTimeoutExpired=true isRemotelyClosed=false isTtlExpired=false
[DEBUG] 2020-04-25 22:01:23.862 [AsyncHttpClient-timer-1-1] DefaultChannelPool - Closing Idle Channel [id: 0x9d0a50fb, L:/127.0.0.1:49506 - R:localhost/127.0.0.1:49494]
[DEBUG] 2020-04-25 22:01:23.864 [AsyncHttpClient-3-5] HttpHandler - Channel Closed: [id: 0x9d0a50fb, L:/127.0.0.1:49506 ! R:localhost/127.0.0.1:49494] with attribute DISCARD
[DEBUG] 2020-04-25 22:01:23.865 [AsyncHttpClient-timer-1-1] DefaultChannelPool - Closed 1 connections out of 2 in 3 ms
[DEBUG] 2020-04-25 22:01:24.961 [AsyncHttpClient-timer-1-1] DefaultChannelPool - Entry count for : http://localhost:4737 : 1
[DEBUG] 2020-04-25 22:01:26.064 [AsyncHttpClient-timer-1-1] DefaultChannelPool - Entry count for : http://localhost:4737 : 1
[DEBUG] 2020-04-25 22:01:27.160 [AsyncHttpClient-timer-1-1] DefaultChannelPool - Entry count for : http://localhost:4737 : 1
[DEBUG] 2020-04-25 22:01:27.484 [Forwarding getTitle on session 5a01bd60de82b47dc84e488ca446394d to remote] NettyRequestSender - Using pooled Channel '[id: 0x1bf8e4d9, L:/127.0.0.1:49493 - R:localhost/127.0.0.1:4737]' for 'GET' to 'http://localhost:4737/session/5a01bd60de82b47dc84e488ca446394d/title'
[DEBUG] 2020-04-25 22:01:27.485 [Forwarding getTitle on session 5a01bd60de82b47dc84e488ca446394d to remote] NettyRequestSender - Using open Channel [id: 0x1bf8e4d9, L:/127.0.0.1:49493 - R:localhost/127.0.0.1:4737] for GET '/session/5a01bd60de82b47dc84e488ca446394d/title'
[DEBUG] 2020-04-25 22:01:27.494 [AsyncHttpClient-3-4] HttpHandler - 

Request DefaultFullHttpRequest(decodeResult: success, version: HTTP/1.1, content: EmptyByteBufBE)
GET /session/5a01bd60de82b47dc84e488ca446394d/title HTTP/1.1
User-Agent: selenium/4.0.0-alpha-5 (java windows)
Cache-Control: no-cache
host: localhost:4737
accept: */*

Response DefaultHttpResponse(decodeResult: success, version: HTTP/1.1)
HTTP/1.1 200 OK
Content-Length: 29
Content-Type: application/json; charset=utf-8
cache-control: no-cache

[DEBUG] 2020-04-25 22:01:27.494 [AsyncHttpClient-3-4] ChannelManager - Adding key: http://localhost:4737 for channel [id: 0x1bf8e4d9, L:/127.0.0.1:49493 - R:localhost/127.0.0.1:4737]
[INFO ] 2020-04-25 22:01:27.495 [TestNG-tests-1] TC_LoginDataDrivenFromDataBase_011 - ***************validation*********************
[INFO ] 2020-04-25 22:01:27.496 [TestNG-tests-1] TC_LoginDataDrivenFromDataBase_011 - ********************LoginTest is Passed*******************
[DEBUG] 2020-04-25 22:01:27.497 [Forwarding findElement on session 5a01bd60de82b47dc84e488ca446394d to remote] NettyRequestSender - Using pooled Channel '[id: 0x1bf8e4d9, L:/127.0.0.1:49493 - R:localhost/127.0.0.1:4737]' for 'POST' to 'http://localhost:4737/session/5a01bd60de82b47dc84e488ca446394d/element'
[DEBUG] 2020-04-25 22:01:27.497 [Forwarding findElement on session 5a01bd60de82b47dc84e488ca446394d to remote] NettyRequestSender - Using open Channel [id: 0x1bf8e4d9, L:/127.0.0.1:49493 - R:localhost/127.0.0.1:4737] for POST '/session/5a01bd60de82b47dc84e488ca446394d/element'
[DEBUG] 2020-04-25 22:01:57.526 [AsyncHttpClient-3-4] HttpHandler - 

Request DefaultHttpRequest(decodeResult: success, version: HTTP/1.1)
POST /session/5a01bd60de82b47dc84e488ca446394d/element HTTP/1.1
User-Agent: selenium/4.0.0-alpha-5 (java windows)
Content-Length: 74
Content-Type: application/json; charset=utf-8
host: localhost:4737
accept: */*

Response DefaultHttpResponse(decodeResult: success, version: HTTP/1.1)
HTTP/1.1 404 Not Found
Content-Length: 1083
Content-Type: application/json; charset=utf-8
cache-control: no-cache

[DEBUG] 2020-04-25 22:01:57.527 [AsyncHttpClient-3-4] ChannelManager - Adding key: http://localhost:4737 for channel [id: 0x1bf8e4d9, L:/127.0.0.1:49493 - R:localhost/127.0.0.1:4737]
]]></system-out>
  </testcase>
  <testcase name="verifyingLoginData" classname="com.nopcommerce.testCases.TC_LoginDataDrivenFromDataBase_011" time="37.671">
    <failure message="no such element: Unable to locate element: {&quot;method&quot;:&quot;xpath&quot;,&quot;selector&quot;:&quot;//li[@class=&apos;account-info&apos;]&quot;}&#10;  (Session info: chrome=81.0.4044.122)&#10;For documentation on this error, please visit: https://selenium.dev/exceptions/#no_such_element&#10;Build info: version: &apos;4.0.0-alpha-5&apos;, revision: &apos;b3a0d621cc&apos;&#10;System info: host: &apos;DESKTOP-E4SG70C&apos;, ip: &apos;192.168.56.1&apos;, os.name: &apos;Windows 10&apos;, os.arch: &apos;amd64&apos;, os.version: &apos;10.0&apos;, java.version: &apos;1.8.0_161&apos;&#10;Driver info: org.openqa.selenium.chrome.ChromeDriver&#10;Capabilities {acceptInsecureCerts: false, browserName: chrome, browserVersion: 81.0.4044.122, chrome: {chromedriverVersion: 81.0.4044.69 (6813546031a4b..., userDataDir: C:\Users\moumi\AppData\Loca...}, goog:chromeOptions: {debuggerAddress: localhost:49494}, javascriptEnabled: true, networkConnectionEnabled: false, pageLoadStrategy: normal, platform: WINDOWS, platformName: WINDOWS, proxy: Proxy(), setWindowRect: true, strictFileInteractability: false, timeouts: {implicit: 0, pageLoad: 300000, script: 30000}, unhandledPromptBehavior: dismiss and notify, webauthn:virtualAuthenticators: true}&#10;Session ID: 5a01bd60de82b47dc84e488ca446394d&#10;*** Element info: {Using=xpath, value=//li[@class=&apos;account-info&apos;]}" type="org.openqa.selenium.NoSuchElementException"><![CDATA[org.openqa.selenium.NoSuchElementException: 
no such element: Unable to locate element: {"method":"xpath","selector":"//li[@class='account-info']"}
  (Session info: chrome=81.0.4044.122)
For documentation on this error, please visit: https://selenium.dev/exceptions/#no_such_element
Build info: version: '4.0.0-alpha-5', revision: 'b3a0d621cc'
System info: host: 'DESKTOP-E4SG70C', ip: '192.168.56.1', os.name: 'Windows 10', os.arch: 'amd64', os.version: '10.0', java.version: '1.8.0_161'
Driver info: org.openqa.selenium.chrome.ChromeDriver
Capabilities {acceptInsecureCerts: false, browserName: chrome, browserVersion: 81.0.4044.122, chrome: {chromedriverVersion: 81.0.4044.69 (6813546031a4b..., userDataDir: C:\Users\moumi\AppData\Loca...}, goog:chromeOptions: {debuggerAddress: localhost:49494}, javascriptEnabled: true, networkConnectionEnabled: false, pageLoadStrategy: normal, platform: WINDOWS, platformName: WINDOWS, proxy: Proxy(), setWindowRect: true, strictFileInteractability: false, timeouts: {implicit: 0, pageLoad: 300000, script: 30000}, unhandledPromptBehavior: dismiss and notify, webauthn:virtualAuthenticators: true}
Session ID: 5a01bd60de82b47dc84e488ca446394d
*** Element info: {Using=xpath, value=//li[@class='account-info']}
	at com.nopcommerce.testCases.TC_LoginDataDrivenFromDataBase_011.verifyingLoginData(TC_LoginDataDrivenFromDataBase_011.java:65)
]]></failure>
    <system-out><![CDATA[[DEBUG] 2020-04-25 22:01:57.535 [Forwarding get on session 5a01bd60de82b47dc84e488ca446394d to remote] NettyRequestSender - Using pooled Channel '[id: 0x1bf8e4d9, L:/127.0.0.1:49493 - R:localhost/127.0.0.1:4737]' for 'POST' to 'http://localhost:4737/session/5a01bd60de82b47dc84e488ca446394d/url'
[DEBUG] 2020-04-25 22:01:57.535 [Forwarding get on session 5a01bd60de82b47dc84e488ca446394d to remote] NettyRequestSender - Using open Channel [id: 0x1bf8e4d9, L:/127.0.0.1:49493 - R:localhost/127.0.0.1:4737] for POST '/session/5a01bd60de82b47dc84e488ca446394d/url'
[DEBUG] 2020-04-25 22:01:58.407 [AsyncHttpClient-3-4] HttpHandler - 

Request DefaultHttpRequest(decodeResult: success, version: HTTP/1.1)
POST /session/5a01bd60de82b47dc84e488ca446394d/url HTTP/1.1
User-Agent: selenium/4.0.0-alpha-5 (java windows)
Content-Length: 70
Content-Type: application/json; charset=utf-8
host: localhost:4737
accept: */*

Response DefaultHttpResponse(decodeResult: success, version: HTTP/1.1)
HTTP/1.1 200 OK
Content-Length: 14
Content-Type: application/json; charset=utf-8
cache-control: no-cache

[DEBUG] 2020-04-25 22:01:58.407 [AsyncHttpClient-3-4] ChannelManager - Adding key: http://localhost:4737 for channel [id: 0x1bf8e4d9, L:/127.0.0.1:49493 - R:localhost/127.0.0.1:4737]
[DEBUG] 2020-04-25 22:01:58.411 [Forwarding findElement on session 5a01bd60de82b47dc84e488ca446394d to remote] NettyRequestSender - Using pooled Channel '[id: 0x1bf8e4d9, L:/127.0.0.1:49493 - R:localhost/127.0.0.1:4737]' for 'POST' to 'http://localhost:4737/session/5a01bd60de82b47dc84e488ca446394d/element'
[DEBUG] 2020-04-25 22:01:58.411 [Forwarding findElement on session 5a01bd60de82b47dc84e488ca446394d to remote] NettyRequestSender - Using open Channel [id: 0x1bf8e4d9, L:/127.0.0.1:49493 - R:localhost/127.0.0.1:4737] for POST '/session/5a01bd60de82b47dc84e488ca446394d/element'
[DEBUG] 2020-04-25 22:01:58.451 [AsyncHttpClient-3-4] HttpHandler - 

Request DefaultHttpRequest(decodeResult: success, version: HTTP/1.1)
POST /session/5a01bd60de82b47dc84e488ca446394d/element HTTP/1.1
User-Agent: selenium/4.0.0-alpha-5 (java windows)
Content-Length: 50
Content-Type: application/json; charset=utf-8
host: localhost:4737
accept: */*

Response DefaultHttpResponse(decodeResult: success, version: HTTP/1.1)
HTTP/1.1 200 OK
Content-Length: 88
Content-Type: application/json; charset=utf-8
cache-control: no-cache

[DEBUG] 2020-04-25 22:01:58.452 [AsyncHttpClient-3-4] ChannelManager - Adding key: http://localhost:4737 for channel [id: 0x1bf8e4d9, L:/127.0.0.1:49493 - R:localhost/127.0.0.1:4737]
[DEBUG] 2020-04-25 22:01:58.456 [Forwarding clearElement on session 5a01bd60de82b47dc84e488ca446394d to remote] NettyRequestSender - Using pooled Channel '[id: 0x1bf8e4d9, L:/127.0.0.1:49493 - R:localhost/127.0.0.1:4737]' for 'POST' to 'http://localhost:4737/session/5a01bd60de82b47dc84e488ca446394d/element/80f4387a-58bb-4f76-81c4-5287f579baf0/clear'
[DEBUG] 2020-04-25 22:01:58.456 [Forwarding clearElement on session 5a01bd60de82b47dc84e488ca446394d to remote] NettyRequestSender - Using open Channel [id: 0x1bf8e4d9, L:/127.0.0.1:49493 - R:localhost/127.0.0.1:4737] for POST '/session/5a01bd60de82b47dc84e488ca446394d/element/80f4387a-58bb-4f76-81c4-5287f579baf0/clear'
[DEBUG] 2020-04-25 22:01:58.566 [AsyncHttpClient-3-4] HttpHandler - 

Request DefaultHttpRequest(decodeResult: success, version: HTTP/1.1)
POST /session/5a01bd60de82b47dc84e488ca446394d/element/80f4387a-58bb-4f76-81c4-5287f579baf0/clear HTTP/1.1
User-Agent: selenium/4.0.0-alpha-5 (java windows)
Content-Length: 50
Content-Type: application/json; charset=utf-8
host: localhost:4737
accept: */*

Response DefaultHttpResponse(decodeResult: success, version: HTTP/1.1)
HTTP/1.1 200 OK
Content-Length: 14
Content-Type: application/json; charset=utf-8
cache-control: no-cache

[DEBUG] 2020-04-25 22:01:58.567 [AsyncHttpClient-3-4] ChannelManager - Adding key: http://localhost:4737 for channel [id: 0x1bf8e4d9, L:/127.0.0.1:49493 - R:localhost/127.0.0.1:4737]
[DEBUG] 2020-04-25 22:01:58.572 [Forwarding sendKeysToElement on session 5a01bd60de82b47dc84e488ca446394d to remote] NettyRequestSender - Using pooled Channel '[id: 0x1bf8e4d9, L:/127.0.0.1:49493 - R:localhost/127.0.0.1:4737]' for 'POST' to 'http://localhost:4737/session/5a01bd60de82b47dc84e488ca446394d/element/80f4387a-58bb-4f76-81c4-5287f579baf0/value'
[DEBUG] 2020-04-25 22:01:58.572 [Forwarding sendKeysToElement on session 5a01bd60de82b47dc84e488ca446394d to remote] NettyRequestSender - Using open Channel [id: 0x1bf8e4d9, L:/127.0.0.1:49493 - R:localhost/127.0.0.1:4737] for POST '/session/5a01bd60de82b47dc84e488ca446394d/element/80f4387a-58bb-4f76-81c4-5287f579baf0/value'
[DEBUG] 2020-04-25 22:01:58.940 [AsyncHttpClient-3-4] HttpHandler - 

Request DefaultHttpRequest(decodeResult: success, version: HTTP/1.1)
POST /session/5a01bd60de82b47dc84e488ca446394d/element/80f4387a-58bb-4f76-81c4-5287f579baf0/value HTTP/1.1
User-Agent: selenium/4.0.0-alpha-5 (java windows)
Content-Length: 251
Content-Type: application/json; charset=utf-8
host: localhost:4737
accept: */*

Response DefaultHttpResponse(decodeResult: success, version: HTTP/1.1)
HTTP/1.1 200 OK
Content-Length: 14
Content-Type: application/json; charset=utf-8
cache-control: no-cache

[DEBUG] 2020-04-25 22:01:58.941 [AsyncHttpClient-3-4] ChannelManager - Adding key: http://localhost:4737 for channel [id: 0x1bf8e4d9, L:/127.0.0.1:49493 - R:localhost/127.0.0.1:4737]
[DEBUG] 2020-04-25 22:01:58.944 [Forwarding findElement on session 5a01bd60de82b47dc84e488ca446394d to remote] NettyRequestSender - Using pooled Channel '[id: 0x1bf8e4d9, L:/127.0.0.1:49493 - R:localhost/127.0.0.1:4737]' for 'POST' to 'http://localhost:4737/session/5a01bd60de82b47dc84e488ca446394d/element'
[DEBUG] 2020-04-25 22:01:58.944 [Forwarding findElement on session 5a01bd60de82b47dc84e488ca446394d to remote] NettyRequestSender - Using open Channel [id: 0x1bf8e4d9, L:/127.0.0.1:49493 - R:localhost/127.0.0.1:4737] for POST '/session/5a01bd60de82b47dc84e488ca446394d/element'
[DEBUG] 2020-04-25 22:01:58.971 [AsyncHttpClient-3-4] HttpHandler - 

Request DefaultHttpRequest(decodeResult: success, version: HTTP/1.1)
POST /session/5a01bd60de82b47dc84e488ca446394d/element HTTP/1.1
User-Agent: selenium/4.0.0-alpha-5 (java windows)
Content-Length: 53
Content-Type: application/json; charset=utf-8
host: localhost:4737
accept: */*

Response DefaultHttpResponse(decodeResult: success, version: HTTP/1.1)
HTTP/1.1 200 OK
Content-Length: 88
Content-Type: application/json; charset=utf-8
cache-control: no-cache

[DEBUG] 2020-04-25 22:01:58.972 [AsyncHttpClient-3-4] ChannelManager - Adding key: http://localhost:4737 for channel [id: 0x1bf8e4d9, L:/127.0.0.1:49493 - R:localhost/127.0.0.1:4737]
[DEBUG] 2020-04-25 22:01:58.975 [Forwarding clearElement on session 5a01bd60de82b47dc84e488ca446394d to remote] NettyRequestSender - Using pooled Channel '[id: 0x1bf8e4d9, L:/127.0.0.1:49493 - R:localhost/127.0.0.1:4737]' for 'POST' to 'http://localhost:4737/session/5a01bd60de82b47dc84e488ca446394d/element/eaf26f2b-3208-4e9a-80e6-8cf8c8687ae5/clear'
[DEBUG] 2020-04-25 22:01:58.975 [Forwarding clearElement on session 5a01bd60de82b47dc84e488ca446394d to remote] NettyRequestSender - Using open Channel [id: 0x1bf8e4d9, L:/127.0.0.1:49493 - R:localhost/127.0.0.1:4737] for POST '/session/5a01bd60de82b47dc84e488ca446394d/element/eaf26f2b-3208-4e9a-80e6-8cf8c8687ae5/clear'
[DEBUG] 2020-04-25 22:01:59.060 [AsyncHttpClient-3-4] HttpHandler - 

Request DefaultHttpRequest(decodeResult: success, version: HTTP/1.1)
POST /session/5a01bd60de82b47dc84e488ca446394d/element/eaf26f2b-3208-4e9a-80e6-8cf8c8687ae5/clear HTTP/1.1
User-Agent: selenium/4.0.0-alpha-5 (java windows)
Content-Length: 50
Content-Type: application/json; charset=utf-8
host: localhost:4737
accept: */*

Response DefaultHttpResponse(decodeResult: success, version: HTTP/1.1)
HTTP/1.1 200 OK
Content-Length: 14
Content-Type: application/json; charset=utf-8
cache-control: no-cache

[DEBUG] 2020-04-25 22:01:59.060 [AsyncHttpClient-3-4] ChannelManager - Adding key: http://localhost:4737 for channel [id: 0x1bf8e4d9, L:/127.0.0.1:49493 - R:localhost/127.0.0.1:4737]
[DEBUG] 2020-04-25 22:01:59.061 [AsyncHttpClient-timer-1-1] DefaultChannelPool - Entry count for : http://localhost:4737 : 1
[DEBUG] 2020-04-25 22:01:59.063 [Forwarding sendKeysToElement on session 5a01bd60de82b47dc84e488ca446394d to remote] NettyRequestSender - Using pooled Channel '[id: 0x1bf8e4d9, L:/127.0.0.1:49493 - R:localhost/127.0.0.1:4737]' for 'POST' to 'http://localhost:4737/session/5a01bd60de82b47dc84e488ca446394d/element/eaf26f2b-3208-4e9a-80e6-8cf8c8687ae5/value'
[DEBUG] 2020-04-25 22:01:59.064 [Forwarding sendKeysToElement on session 5a01bd60de82b47dc84e488ca446394d to remote] NettyRequestSender - Using open Channel [id: 0x1bf8e4d9, L:/127.0.0.1:49493 - R:localhost/127.0.0.1:4737] for POST '/session/5a01bd60de82b47dc84e488ca446394d/element/eaf26f2b-3208-4e9a-80e6-8cf8c8687ae5/value'
[DEBUG] 2020-04-25 22:01:59.224 [AsyncHttpClient-3-4] HttpHandler - 

Request DefaultHttpRequest(decodeResult: success, version: HTTP/1.1)
POST /session/5a01bd60de82b47dc84e488ca446394d/element/eaf26f2b-3208-4e9a-80e6-8cf8c8687ae5/value HTTP/1.1
User-Agent: selenium/4.0.0-alpha-5 (java windows)
Content-Length: 111
Content-Type: application/json; charset=utf-8
host: localhost:4737
accept: */*

Response DefaultHttpResponse(decodeResult: success, version: HTTP/1.1)
HTTP/1.1 200 OK
Content-Length: 14
Content-Type: application/json; charset=utf-8
cache-control: no-cache

[DEBUG] 2020-04-25 22:01:59.225 [AsyncHttpClient-3-4] ChannelManager - Adding key: http://localhost:4737 for channel [id: 0x1bf8e4d9, L:/127.0.0.1:49493 - R:localhost/127.0.0.1:4737]
[DEBUG] 2020-04-25 22:01:59.228 [Forwarding findElement on session 5a01bd60de82b47dc84e488ca446394d to remote] NettyRequestSender - Using pooled Channel '[id: 0x1bf8e4d9, L:/127.0.0.1:49493 - R:localhost/127.0.0.1:4737]' for 'POST' to 'http://localhost:4737/session/5a01bd60de82b47dc84e488ca446394d/element'
[DEBUG] 2020-04-25 22:01:59.228 [Forwarding findElement on session 5a01bd60de82b47dc84e488ca446394d to remote] NettyRequestSender - Using open Channel [id: 0x1bf8e4d9, L:/127.0.0.1:49493 - R:localhost/127.0.0.1:4737] for POST '/session/5a01bd60de82b47dc84e488ca446394d/element'
[DEBUG] 2020-04-25 22:01:59.263 [AsyncHttpClient-3-4] HttpHandler - 

Request DefaultHttpRequest(decodeResult: success, version: HTTP/1.1)
POST /session/5a01bd60de82b47dc84e488ca446394d/element HTTP/1.1
User-Agent: selenium/4.0.0-alpha-5 (java windows)
Content-Length: 86
Content-Type: application/json; charset=utf-8
host: localhost:4737
accept: */*

Response DefaultHttpResponse(decodeResult: success, version: HTTP/1.1)
HTTP/1.1 200 OK
Content-Length: 88
Content-Type: application/json; charset=utf-8
cache-control: no-cache

[DEBUG] 2020-04-25 22:01:59.263 [AsyncHttpClient-3-4] ChannelManager - Adding key: http://localhost:4737 for channel [id: 0x1bf8e4d9, L:/127.0.0.1:49493 - R:localhost/127.0.0.1:4737]
[DEBUG] 2020-04-25 22:01:59.268 [Forwarding clickElement on session 5a01bd60de82b47dc84e488ca446394d to remote] NettyRequestSender - Using pooled Channel '[id: 0x1bf8e4d9, L:/127.0.0.1:49493 - R:localhost/127.0.0.1:4737]' for 'POST' to 'http://localhost:4737/session/5a01bd60de82b47dc84e488ca446394d/element/0d00d1f6-f8bf-4247-9858-b0727a972397/click'
[DEBUG] 2020-04-25 22:01:59.269 [Forwarding clickElement on session 5a01bd60de82b47dc84e488ca446394d to remote] NettyRequestSender - Using open Channel [id: 0x1bf8e4d9, L:/127.0.0.1:49493 - R:localhost/127.0.0.1:4737] for POST '/session/5a01bd60de82b47dc84e488ca446394d/element/0d00d1f6-f8bf-4247-9858-b0727a972397/click'
[DEBUG] 2020-04-25 22:02:00.057 [AsyncHttpClient-3-4] HttpHandler - 

Request DefaultHttpRequest(decodeResult: success, version: HTTP/1.1)
POST /session/5a01bd60de82b47dc84e488ca446394d/element/0d00d1f6-f8bf-4247-9858-b0727a972397/click HTTP/1.1
User-Agent: selenium/4.0.0-alpha-5 (java windows)
Content-Length: 50
Content-Type: application/json; charset=utf-8
host: localhost:4737
accept: */*

Response DefaultHttpResponse(decodeResult: success, version: HTTP/1.1)
HTTP/1.1 200 OK
Content-Length: 14
Content-Type: application/json; charset=utf-8
cache-control: no-cache

[DEBUG] 2020-04-25 22:02:00.058 [AsyncHttpClient-3-4] ChannelManager - Adding key: http://localhost:4737 for channel [id: 0x1bf8e4d9, L:/127.0.0.1:49493 - R:localhost/127.0.0.1:4737]
[DEBUG] 2020-04-25 22:02:00.161 [AsyncHttpClient-timer-1-1] DefaultChannelPool - Entry count for : http://localhost:4737 : 1
[DEBUG] 2020-04-25 22:02:01.260 [AsyncHttpClient-timer-1-1] DefaultChannelPool - Entry count for : http://localhost:4737 : 1
[DEBUG] 2020-04-25 22:02:02.360 [AsyncHttpClient-timer-1-1] DefaultChannelPool - Entry count for : http://localhost:4737 : 1
[DEBUG] 2020-04-25 22:02:03.460 [AsyncHttpClient-timer-1-1] DefaultChannelPool - Entry count for : http://localhost:4737 : 1
[DEBUG] 2020-04-25 22:02:04.560 [AsyncHttpClient-timer-1-1] DefaultChannelPool - Entry count for : http://localhost:4737 : 1
[DEBUG] 2020-04-25 22:02:05.060 [Forwarding getTitle on session 5a01bd60de82b47dc84e488ca446394d to remote] NettyRequestSender - Using pooled Channel '[id: 0x1bf8e4d9, L:/127.0.0.1:49493 - R:localhost/127.0.0.1:4737]' for 'GET' to 'http://localhost:4737/session/5a01bd60de82b47dc84e488ca446394d/title'
[DEBUG] 2020-04-25 22:02:05.061 [Forwarding getTitle on session 5a01bd60de82b47dc84e488ca446394d to remote] NettyRequestSender - Using open Channel [id: 0x1bf8e4d9, L:/127.0.0.1:49493 - R:localhost/127.0.0.1:4737] for GET '/session/5a01bd60de82b47dc84e488ca446394d/title'
[DEBUG] 2020-04-25 22:02:05.076 [AsyncHttpClient-3-4] HttpHandler - 

Request DefaultFullHttpRequest(decodeResult: success, version: HTTP/1.1, content: EmptyByteBufBE)
GET /session/5a01bd60de82b47dc84e488ca446394d/title HTTP/1.1
User-Agent: selenium/4.0.0-alpha-5 (java windows)
Cache-Control: no-cache
host: localhost:4737
accept: */*

Response DefaultHttpResponse(decodeResult: success, version: HTTP/1.1)
HTTP/1.1 200 OK
Content-Length: 29
Content-Type: application/json; charset=utf-8
cache-control: no-cache

[DEBUG] 2020-04-25 22:02:05.077 [AsyncHttpClient-3-4] ChannelManager - Adding key: http://localhost:4737 for channel [id: 0x1bf8e4d9, L:/127.0.0.1:49493 - R:localhost/127.0.0.1:4737]
[INFO ] 2020-04-25 22:02:05.077 [TestNG-tests-1] TC_LoginDataDrivenFromDataBase_011 - ***************validation*********************
[INFO ] 2020-04-25 22:02:05.078 [TestNG-tests-1] TC_LoginDataDrivenFromDataBase_011 - ********************LoginTest is Passed*******************
[DEBUG] 2020-04-25 22:02:05.079 [Forwarding findElement on session 5a01bd60de82b47dc84e488ca446394d to remote] NettyRequestSender - Using pooled Channel '[id: 0x1bf8e4d9, L:/127.0.0.1:49493 - R:localhost/127.0.0.1:4737]' for 'POST' to 'http://localhost:4737/session/5a01bd60de82b47dc84e488ca446394d/element'
[DEBUG] 2020-04-25 22:02:05.080 [Forwarding findElement on session 5a01bd60de82b47dc84e488ca446394d to remote] NettyRequestSender - Using open Channel [id: 0x1bf8e4d9, L:/127.0.0.1:49493 - R:localhost/127.0.0.1:4737] for POST '/session/5a01bd60de82b47dc84e488ca446394d/element'
[DEBUG] 2020-04-25 22:02:35.114 [AsyncHttpClient-3-4] HttpHandler - 

Request DefaultHttpRequest(decodeResult: success, version: HTTP/1.1)
POST /session/5a01bd60de82b47dc84e488ca446394d/element HTTP/1.1
User-Agent: selenium/4.0.0-alpha-5 (java windows)
Content-Length: 74
Content-Type: application/json; charset=utf-8
host: localhost:4737
accept: */*

Response DefaultHttpResponse(decodeResult: success, version: HTTP/1.1)
HTTP/1.1 404 Not Found
Content-Length: 1083
Content-Type: application/json; charset=utf-8
cache-control: no-cache

[DEBUG] 2020-04-25 22:02:35.114 [AsyncHttpClient-3-4] ChannelManager - Adding key: http://localhost:4737 for channel [id: 0x1bf8e4d9, L:/127.0.0.1:49493 - R:localhost/127.0.0.1:4737]
]]></system-out>
  </testcase>
</testsuite>