<?xml version="1.0" encoding="UTF-8"?>
<!-- Generated by org.testng.reporters.JUnitXMLReporter -->
<testsuite hostname="DESKTOP-4LJEO71" ignored="0" name="Chrome Test" tests="2" failures="0" timestamp="2020-11-13T17:58:05 PST" time="34.762" errors="0">
  <testcase name="searchCustomerByEmailTest" time="11.036" classname="com.nopcommerce.testCases.SearchCustomerByEmail_004"/>
  <testcase name="searchCustomerByName" time="10.871" classname="com.nopcommerce.testCases.SearchCustomerByName_005"/>
</testsuite> <!-- Chrome Test -->
