<?xml version="1.0" encoding="UTF-8"?>
<!-- Generated by org.testng.reporters.JUnitXMLReporter -->
<testsuite hostname="DESKTOP-E4SG70C" ignored="0" name="Chrome Test" tests="10" failures="1" timestamp="24 Apr 2020 06:14:53 GMT" time="302.519" errors="0">
  <testcase name="loginTest" time="6.22" classname="com.nopcommerce.testCases.TC_LoginTest_001"/>
  <testcase name="deleteNewCustomer" time="23.06" classname="com.nopcommerce.testCases.DeleteNewAddedCustomer_006"/>
  <testcase name="addNewCustomer" time="76.152" classname="com.nopcommerce.testCases.AddCustomerTest_003"/>
  <testcase name="ExportExcelFile" time="19.775" classname="com.nopcommerce.testCases.ExportExcelFileOfNewCustomer_007">
    <failure type="java.lang.AssertionError" message="expected [true] but found [false]">
      <![CDATA[java.lang.AssertionError: expected [true] but found [false]
at com.nopcommerce.testCases.ExportExcelFileOfNewCustomer_007.ExportExcelFile(ExportExcelFileOfNewCustomer_007.java:46)
... Removed 33 stack frames]]>
    </failure>
  </testcase> <!-- ExportExcelFile -->
  <testcase name="verifyingExistingEmail" time="5.242" classname="com.nopcommerce.testCases.ExportExcelFileOfNewCustomer_007"/>
  <testcase name="verifyingExistingFile" time="7.002" classname="com.nopcommerce.testCases.ExportExcelFileOfNewCustomer_007"/>
  <testcase name="searchCustomerByEmailTest" time="15.565" classname="com.nopcommerce.testCases.SearchCustomerByEmail_004"/>
  <testcase name="SearchVendorEmail" time="14.313" classname="com.nopcommerce.testCases.SearchVendorEmailByVendorRole_008"/>
  <testcase name="importExcelFile" time="31.43" classname="com.nopcommerce.testCases.ImportExcelFile_009"/>
  <testcase name="searchCustomerByName" time="13.998" classname="com.nopcommerce.testCases.SearchCustomerByName_005"/>
</testsuite> <!-- Chrome Test -->
