<?xml version="1.0" encoding="UTF-8"?>
<testng-results skipped="0" failed="0" ignored="0" total="10" passed="10">
  <reporter-output>
  </reporter-output>
  <suite name="nopCommerce Suite" duration-ms="297754" started-at="2020-04-24T05:51:53Z" finished-at="2020-04-24T05:56:51Z">
    <groups>
    </groups>
    <test name="Chrome Test" duration-ms="297754" started-at="2020-04-24T05:51:53Z" finished-at="2020-04-24T05:56:51Z">
      <class name="com.nopcommerce.testCases.DeleteNewAddedCustomer_006">
        <test-method status="PASS" signature="setUp(java.lang.String)[pri:0, instance:com.nopcommerce.testCases.DeleteNewAddedCustomer_006@687e99d8]" name="setUp" is-config="true" duration-ms="9790" started-at="2020-04-24T05:52:18Z" finished-at="2020-04-24T05:52:28Z">
          <params>
            <param index="0">
              <value>
                <![CDATA[chrome]]>
              </value>
            </param>
          </params>
          <reporter-output>
          </reporter-output>
        </test-method> <!-- setUp -->
        <test-method status="PASS" signature="deleteNewCustomer()[pri:0, instance:com.nopcommerce.testCases.DeleteNewAddedCustomer_006@687e99d8]" name="deleteNewCustomer" duration-ms="21155" started-at="2020-04-24T05:52:28Z" finished-at="2020-04-24T05:52:49Z">
          <reporter-output>
          </reporter-output>
        </test-method> <!-- deleteNewCustomer -->
        <test-method status="PASS" signature="tearDown()[pri:0, instance:com.nopcommerce.testCases.DeleteNewAddedCustomer_006@687e99d8]" name="tearDown" is-config="true" duration-ms="417" started-at="2020-04-24T05:52:49Z" finished-at="2020-04-24T05:52:50Z">
          <reporter-output>
          </reporter-output>
        </test-method> <!-- tearDown -->
      </class> <!-- com.nopcommerce.testCases.DeleteNewAddedCustomer_006 -->
      <class name="com.nopcommerce.testCases.ImportExcelFile_009">
        <test-method status="PASS" signature="setUp(java.lang.String)[pri:0, instance:com.nopcommerce.testCases.ImportExcelFile_009@c86b9e3]" name="setUp" is-config="true" duration-ms="9967" started-at="2020-04-24T05:55:44Z" finished-at="2020-04-24T05:55:54Z">
          <params>
            <param index="0">
              <value>
                <![CDATA[chrome]]>
              </value>
            </param>
          </params>
          <reporter-output>
          </reporter-output>
        </test-method> <!-- setUp -->
        <test-method status="PASS" signature="importExcelFile()[pri:0, instance:com.nopcommerce.testCases.ImportExcelFile_009@c86b9e3]" name="importExcelFile" duration-ms="32168" started-at="2020-04-24T05:55:54Z" finished-at="2020-04-24T05:56:26Z">
          <reporter-output>
          </reporter-output>
        </test-method> <!-- importExcelFile -->
        <test-method status="PASS" signature="tearDown()[pri:0, instance:com.nopcommerce.testCases.ImportExcelFile_009@c86b9e3]" name="tearDown" is-config="true" duration-ms="226" started-at="2020-04-24T05:56:26Z" finished-at="2020-04-24T05:56:27Z">
          <reporter-output>
          </reporter-output>
        </test-method> <!-- tearDown -->
      </class> <!-- com.nopcommerce.testCases.ImportExcelFile_009 -->
      <class name="com.nopcommerce.testCases.SearchCustomerByEmail_004">
        <test-method status="PASS" signature="setUp(java.lang.String)[pri:0, instance:com.nopcommerce.testCases.SearchCustomerByEmail_004@5c671d7f]" name="setUp" is-config="true" duration-ms="9841" started-at="2020-04-24T05:54:59Z" finished-at="2020-04-24T05:55:09Z">
          <params>
            <param index="0">
              <value>
                <![CDATA[chrome]]>
              </value>
            </param>
          </params>
          <reporter-output>
          </reporter-output>
        </test-method> <!-- setUp -->
        <test-method status="PASS" signature="searchCustomerByEmailTest()[pri:0, instance:com.nopcommerce.testCases.SearchCustomerByEmail_004@5c671d7f]" name="searchCustomerByEmailTest" duration-ms="13592" started-at="2020-04-24T05:55:09Z" finished-at="2020-04-24T05:55:22Z">
          <reporter-output>
          </reporter-output>
        </test-method> <!-- searchCustomerByEmailTest -->
        <test-method status="PASS" signature="tearDown()[pri:0, instance:com.nopcommerce.testCases.SearchCustomerByEmail_004@5c671d7f]" name="tearDown" is-config="true" duration-ms="131" started-at="2020-04-24T05:55:22Z" finished-at="2020-04-24T05:55:23Z">
          <reporter-output>
          </reporter-output>
        </test-method> <!-- tearDown -->
      </class> <!-- com.nopcommerce.testCases.SearchCustomerByEmail_004 -->
      <class name="com.nopcommerce.testCases.TC_LoginTest_001">
        <test-method status="PASS" signature="setUp(java.lang.String)[pri:0, instance:com.nopcommerce.testCases.TC_LoginTest_001@445b295b]" name="setUp" is-config="true" duration-ms="14067" started-at="2020-04-24T05:51:53Z" finished-at="2020-04-24T05:52:07Z">
          <params>
            <param index="0">
              <value>
                <![CDATA[chrome]]>
              </value>
            </param>
          </params>
          <reporter-output>
          </reporter-output>
        </test-method> <!-- setUp -->
        <test-method status="PASS" signature="loginTest()[pri:0, instance:com.nopcommerce.testCases.TC_LoginTest_001@445b295b]" name="loginTest" duration-ms="6619" started-at="2020-04-24T05:52:07Z" finished-at="2020-04-24T05:52:14Z">
          <reporter-output>
          </reporter-output>
        </test-method> <!-- loginTest -->
        <test-method status="PASS" signature="tearDown()[pri:0, instance:com.nopcommerce.testCases.TC_LoginTest_001@445b295b]" name="tearDown" is-config="true" duration-ms="4392" started-at="2020-04-24T05:52:14Z" finished-at="2020-04-24T05:52:18Z">
          <reporter-output>
          </reporter-output>
        </test-method> <!-- tearDown -->
      </class> <!-- com.nopcommerce.testCases.TC_LoginTest_001 -->
      <class name="com.nopcommerce.testCases.ExportExcelFileOfNewCustomer_007">
        <test-method status="PASS" signature="setUp(java.lang.String)[pri:0, instance:com.nopcommerce.testCases.ExportExcelFileOfNewCustomer_007@e4487af]" name="setUp" is-config="true" duration-ms="9971" started-at="2020-04-24T05:54:18Z" finished-at="2020-04-24T05:54:28Z">
          <params>
            <param index="0">
              <value>
                <![CDATA[chrome]]>
              </value>
            </param>
          </params>
          <reporter-output>
          </reporter-output>
        </test-method> <!-- setUp -->
        <test-method status="PASS" signature="ExportExcelFile()[pri:0, instance:com.nopcommerce.testCases.ExportExcelFileOfNewCustomer_007@e4487af]" name="ExportExcelFile" duration-ms="18784" started-at="2020-04-24T05:54:28Z" finished-at="2020-04-24T05:54:47Z">
          <reporter-output>
          </reporter-output>
        </test-method> <!-- ExportExcelFile -->
        <test-method status="PASS" signature="verifyingExistingEmail()[pri:0, instance:com.nopcommerce.testCases.ExportExcelFileOfNewCustomer_007@e4487af]" name="verifyingExistingEmail" duration-ms="4907" started-at="2020-04-24T05:54:47Z" finished-at="2020-04-24T05:54:52Z">
          <reporter-output>
          </reporter-output>
        </test-method> <!-- verifyingExistingEmail -->
        <test-method status="PASS" signature="verifyingExistingFile()[pri:0, instance:com.nopcommerce.testCases.ExportExcelFileOfNewCustomer_007@e4487af]" name="verifyingExistingFile" duration-ms="7005" started-at="2020-04-24T05:54:52Z" finished-at="2020-04-24T05:54:59Z">
          <reporter-output>
          </reporter-output>
        </test-method> <!-- verifyingExistingFile -->
        <test-method status="PASS" signature="tearDown()[pri:0, instance:com.nopcommerce.testCases.ExportExcelFileOfNewCustomer_007@e4487af]" name="tearDown" is-config="true" duration-ms="172" started-at="2020-04-24T05:54:59Z" finished-at="2020-04-24T05:54:59Z">
          <reporter-output>
          </reporter-output>
        </test-method> <!-- tearDown -->
      </class> <!-- com.nopcommerce.testCases.ExportExcelFileOfNewCustomer_007 -->
      <class name="com.nopcommerce.testCases.AddCustomerTest_003">
        <test-method status="PASS" signature="setUp(java.lang.String)[pri:0, instance:com.nopcommerce.testCases.AddCustomerTest_003@49e5f737]" name="setUp" is-config="true" duration-ms="9890" started-at="2020-04-24T05:52:50Z" finished-at="2020-04-24T05:53:00Z">
          <params>
            <param index="0">
              <value>
                <![CDATA[chrome]]>
              </value>
            </param>
          </params>
          <reporter-output>
          </reporter-output>
        </test-method> <!-- setUp -->
        <test-method status="PASS" signature="addNewCustomer()[pri:0, instance:com.nopcommerce.testCases.AddCustomerTest_003@49e5f737]" name="addNewCustomer" duration-ms="77925" started-at="2020-04-24T05:53:00Z" finished-at="2020-04-24T05:54:18Z">
          <reporter-output>
          </reporter-output>
        </test-method> <!-- addNewCustomer -->
        <test-method status="PASS" signature="tearDown()[pri:0, instance:com.nopcommerce.testCases.AddCustomerTest_003@49e5f737]" name="tearDown" is-config="true" duration-ms="549" started-at="2020-04-24T05:54:18Z" finished-at="2020-04-24T05:54:18Z">
          <reporter-output>
          </reporter-output>
        </test-method> <!-- tearDown -->
      </class> <!-- com.nopcommerce.testCases.AddCustomerTest_003 -->
      <class name="com.nopcommerce.testCases.SearchCustomerByName_005">
        <test-method status="PASS" signature="setUp(java.lang.String)[pri:0, instance:com.nopcommerce.testCases.SearchCustomerByName_005@757277dc]" name="setUp" is-config="true" duration-ms="9964" started-at="2020-04-24T05:56:27Z" finished-at="2020-04-24T05:56:37Z">
          <params>
            <param index="0">
              <value>
                <![CDATA[chrome]]>
              </value>
            </param>
          </params>
          <reporter-output>
          </reporter-output>
        </test-method> <!-- setUp -->
        <test-method status="PASS" signature="searchCustomerByName()[pri:1, instance:com.nopcommerce.testCases.SearchCustomerByName_005@757277dc]" name="searchCustomerByName" duration-ms="14096" started-at="2020-04-24T05:56:37Z" finished-at="2020-04-24T05:56:51Z">
          <reporter-output>
          </reporter-output>
        </test-method> <!-- searchCustomerByName -->
        <test-method status="PASS" signature="tearDown()[pri:0, instance:com.nopcommerce.testCases.SearchCustomerByName_005@757277dc]" name="tearDown" is-config="true" duration-ms="162" started-at="2020-04-24T05:56:51Z" finished-at="2020-04-24T05:56:51Z">
          <reporter-output>
          </reporter-output>
        </test-method> <!-- tearDown -->
      </class> <!-- com.nopcommerce.testCases.SearchCustomerByName_005 -->
      <class name="com.nopcommerce.testCases.SearchVendorEmailByVendorRole_008">
        <test-method status="PASS" signature="setUp(java.lang.String)[pri:0, instance:com.nopcommerce.testCases.SearchVendorEmailByVendorRole_008@6aaceffd]" name="setUp" is-config="true" duration-ms="10064" started-at="2020-04-24T05:55:23Z" finished-at="2020-04-24T05:55:33Z">
          <params>
            <param index="0">
              <value>
                <![CDATA[chrome]]>
              </value>
            </param>
          </params>
          <reporter-output>
          </reporter-output>
        </test-method> <!-- setUp -->
        <test-method status="PASS" signature="SearchVendorEmail()[pri:0, instance:com.nopcommerce.testCases.SearchVendorEmailByVendorRole_008@6aaceffd]" name="SearchVendorEmail" duration-ms="11499" started-at="2020-04-24T05:55:33Z" finished-at="2020-04-24T05:55:44Z">
          <reporter-output>
          </reporter-output>
        </test-method> <!-- SearchVendorEmail -->
        <test-method status="PASS" signature="tearDown()[pri:0, instance:com.nopcommerce.testCases.SearchVendorEmailByVendorRole_008@6aaceffd]" name="tearDown" is-config="true" duration-ms="180" started-at="2020-04-24T05:55:44Z" finished-at="2020-04-24T05:55:44Z">
          <reporter-output>
          </reporter-output>
        </test-method> <!-- tearDown -->
      </class> <!-- com.nopcommerce.testCases.SearchVendorEmailByVendorRole_008 -->
    </test> <!-- Chrome Test -->
  </suite> <!-- nopCommerce Suite -->
</testng-results>
