<?xml version="1.0" encoding="UTF-8"?>
<!-- Generated by org.testng.reporters.JUnitXMLReporter -->
<testsuite hostname="DESKTOP-E4SG70C" ignored="0" name="Chrome Test" tests="10" failures="0" timestamp="24 Apr 2020 05:56:51 GMT" time="297.754" errors="0">
  <testcase name="loginTest" time="6.619" classname="com.nopcommerce.testCases.TC_LoginTest_001"/>
  <testcase name="deleteNewCustomer" time="21.155" classname="com.nopcommerce.testCases.DeleteNewAddedCustomer_006"/>
  <testcase name="addNewCustomer" time="77.925" classname="com.nopcommerce.testCases.AddCustomerTest_003"/>
  <testcase name="ExportExcelFile" time="18.784" classname="com.nopcommerce.testCases.ExportExcelFileOfNewCustomer_007"/>
  <testcase name="verifyingExistingEmail" time="4.907" classname="com.nopcommerce.testCases.ExportExcelFileOfNewCustomer_007"/>
  <testcase name="verifyingExistingFile" time="7.005" classname="com.nopcommerce.testCases.ExportExcelFileOfNewCustomer_007"/>
  <testcase name="searchCustomerByEmailTest" time="13.592" classname="com.nopcommerce.testCases.SearchCustomerByEmail_004"/>
  <testcase name="SearchVendorEmail" time="11.499" classname="com.nopcommerce.testCases.SearchVendorEmailByVendorRole_008"/>
  <testcase name="importExcelFile" time="32.168" classname="com.nopcommerce.testCases.ImportExcelFile_009"/>
  <testcase name="searchCustomerByName" time="14.096" classname="com.nopcommerce.testCases.SearchCustomerByName_005"/>
</testsuite> <!-- Chrome Test -->
