<?xml version="1.0" encoding="UTF-8"?>
<!-- Generated by org.testng.reporters.JUnitXMLReporter -->
<testsuite hostname="DESKTOP-E4SG70C" ignored="0" name="Chrome Test" tests="1" failures="1" timestamp="20 Apr 2020 22:56:01 GMT" time="24.042" errors="0">
  <testcase name="SearchVendorEmail" time="9.356" classname="com.nopcommerce.testCases.SearchVendorEmailByVendorRole_008">
    <failure type="java.lang.AssertionError" message="expected [true] but found [false]">
      <![CDATA[java.lang.AssertionError: expected [true] but found [false]
at com.nopcommerce.testCases.SearchVendorEmailByVendorRole_008.SearchVendorEmail(SearchVendorEmailByVendorRole_008.java:43)
... Removed 29 stack frames]]>
    </failure>
  </testcase> <!-- SearchVendorEmail -->
</testsuite> <!-- Chrome Test -->
