<?xml version="1.0" encoding="UTF-8"?>
<!-- Generated by org.testng.reporters.JUnitXMLReporter -->
<testsuite hostname="DESKTOP-4LJEO71" ignored="0" name="Edge Test" tests="2" failures="0" timestamp="2020-11-14T16:03:03 PST" time="43.956" errors="0">
  <testcase name="searchCustomerByEmailTest" time="16.087" classname="com.nopcommerce.testCases.SearchCustomerByEmail_004"/>
  <testcase name="searchCustomerByName" time="15.133" classname="com.nopcommerce.testCases.SearchCustomerByName_005"/>
</testsuite> <!-- Edge Test -->
