<?xml version="1.0" encoding="UTF-8"?>
<!-- Generated by org.testng.reporters.JUnitXMLReporter -->
<testsuite hostname="DESKTOP-4LJEO71" ignored="0" name="Firefox Test" tests="2" failures="0" timestamp="2020-11-14T16:03:07 PST" time="48.151" errors="0">
  <testcase name="searchCustomerByEmailTest" time="17.072" classname="com.nopcommerce.testCases.SearchCustomerByEmail_004"/>
  <testcase name="searchCustomerByName" time="14.304" classname="com.nopcommerce.testCases.SearchCustomerByName_005"/>
</testsuite> <!-- Firefox Test -->
